【登录信息】
*a8abf88d0e28dbdf3d4c57e5ec1a39eb*
`登陆天数: 39天 / 677天
等级: 130
石头: 3999
呼符: 219
体力: 23088.743333333332 / 138
友情点: 0 / 466865`
_2024-07-01 04:12:27_
--------
*6aa67e267e7f505832e1370e8c06e1c2*
`登陆天数: 34天 / 676天
等级: 130
石头: 4102
呼符: 334
体力: 26.436666666666667 / 138
友情点: 0 / 361775`
_2024-07-01 04:12:35_
--------
*ede9e19c5c91f9a9d288933a29da1be6*
`登陆天数: 34天 / 676天
等级: 130
石头: 4107
呼符: 193
体力: 26.406666666666666 / 138
友情点: 0 / 365825`
_2024-07-01 04:12:43_
--------
*a898f70e3b8cb5e0787308866d7350a7*
`登陆天数: 34天 / 675天
等级: 130
石头: 4092
呼符: 256
体力: 26.38333333333334 / 138
友情点: 0 / 361600`
_2024-07-01 04:12:51_
--------
*bed24bf6fb8d6969d47e7691e0a08460*
`登陆天数: 34天 / 675天
等级: 130
石头: 4093
呼符: 208
体力: 26.35333333333334 / 138
友情点: 0 / 368680`
_2024-07-01 04:13:00_
--------
*c8ef2e2482789641a546b7bd2de2c03e*
`登陆天数: 34天 / 675天
等级: 130
石头: 4096
呼符: 42
体力: 26.33 / 138
友情点: 0 / 402075`
_2024-07-01 04:13:08_
--------
*508d186501f54d31f4c2355307eb3e40*
`登陆天数: 34天 / 676天
等级: 130
石头: 4067
呼符: 88
体力: 26.303333333333327 / 138
友情点: 0 / 376165`
_2024-07-01 04:13:16_
--------
*0f35fa8073fb14a450569fb0548f8f37*
`登陆天数: 34天 / 675天
等级: 130
石头: 4100
呼符: 48
体力: 26.28 / 138
友情点: 0 / 390480`
_2024-07-01 04:13:24_
--------
*a1b5371fcbc5b19d8f1b219cf08ac3e8*
`登陆天数: 34天 / 675天
等级: 130
石头: 4099
呼符: 287
体力: 26.260000000000005 / 138
友情点: 0 / 363120`
_2024-07-01 04:13:33_
--------
*f1c51e3bbfc8df4109365e3bcca9437a*
`登陆天数: 34天 / 675天
等级: 130
石头: 4099
呼符: 332
体力: 26.230000000000004 / 138
友情点: 0 / 362290`
_2024-07-01 04:13:41_
--------
*1b1916be055662d9cc73bf9a51c96555*
`登陆天数: 34天 / 675天
等级: 130
石头: 4100
呼符: 340
体力: 26.203333333333333 / 138
友情点: 0 / 363180`
_2024-07-01 04:13:50_
--------
*98c34841415a2605a0b208d12350e0f2*
`登陆天数: 34天 / 675天
等级: 130
石头: 4091
呼符: 312
体力: 26.173333333333332 / 138
友情点: 0 / 363210`
_2024-07-01 04:13:58_
--------
*384a279d4839d05f94edc97538d66675*
`登陆天数: 34天 / 675天
等级: 130
石头: 4088
呼符: 307
体力: 26.14666666666666 / 138
友情点: 0 / 365145`
_2024-07-01 04:14:06_
--------
*a2ed224f66eca18e1e0b896d6dc9768b*
`登陆天数: 34天 / 675天
等级: 130
石头: 4087
呼符: 222
体力: 26.120000000000005 / 138
友情点: 0 / 365835`
_2024-07-01 04:14:14_
--------
*5484165b0c65a5d9cb611f705fa69e8e*
`登陆天数: 34天 / 675天
等级: 130
石头: 4102
呼符: 262
体力: 26.096666666666664 / 138
友情点: 0 / 362405`
_2024-07-01 04:14:22_
--------
*61d5f87230c15b3dc07183b844b216ec*
`登陆天数: 34天 / 675天
等级: 130
石头: 4102
呼符: 140
体力: 26.069999999999993 / 138
友情点: 0 / 373505`
_2024-07-01 04:14:31_
--------
*32b923fcd5d29a33caedbd31498dc6b9*
`登陆天数: 34天 / 675天
等级: 130
石头: 4093
呼符: 42
体力: 26.046666666666667 / 138
友情点: 0 / 394460`
_2024-07-01 04:14:39_
--------
*0650d9b7cb499e2ac0639cb76ba2ac3f*
`登陆天数: 34天 / 675天
等级: 130
石头: 4096
呼符: 257
体力: 26.023333333333326 / 138
友情点: 0 / 362155`
_2024-07-01 04:14:47_
--------
*7ceb7138a1e9f73535bed3b301a026d9*
`登陆天数: 34天 / 676天
等级: 130
石头: 4098
呼符: 211
体力: 25.99666666666667 / 138
友情点: 0 / 366745`
_2024-07-01 04:14:56_
--------
*c4a5d18a3271b2fee367f5c1c6990960*
`登陆天数: 34天 / 676天
等级: 130
石头: 4101
呼符: 318
体力: 25.97333333333333 / 138
友情点: 0 / 361455`
_2024-07-01 04:15:04_
--------
*4fde1928a56609b1f8f74e73b56ec229*
`登陆天数: 34天 / 676天
等级: 130
石头: 4075
呼符: 317
体力: 25.946666666666673 / 138
友情点: 0 / 365185`
_2024-07-01 04:15:12_
--------
*5e36431167c1b2888b3ad5c219dc49cb*
`登陆天数: 34天 / 676天
等级: 130
石头: 4102
呼符: 282
体力: 25.91666666666667 / 138
友情点: 0 / 362390`
_2024-07-01 04:15:21_
--------
*27cfc5b391e35eab71a9106bf8e8187f*
`登陆天数: 34天 / 676天
等级: 130
石头: 4098
呼符: 183
体力: 25.89 / 138
友情点: 0 / 377810`
_2024-07-01 04:15:29_
--------
*f54fb8ebde7542d0385ab4ba2b3d7b99*
`登陆天数: 34天 / 675天
等级: 130
石头: 4091
呼符: 337
体力: 25.870000000000005 / 138
友情点: 0 / 362440`
_2024-07-01 04:15:37_
--------
*1f7877dfd0d93658a805c1d91e42d98b*
`登陆天数: 34天 / 675天
等级: 130
石头: 4100
呼符: 334
体力: 25.843333333333334 / 138
友情点: 0 / 362130`
_2024-07-01 04:15:46_
--------
*3a6c0b601d00fe2edcdbdd172442f643*
`登陆天数: 34天 / 676天
等级: 130
石头: 4099
呼符: 323
体力: 25.813333333333333 / 138
友情点: 0 / 365285`
_2024-07-01 04:15:54_
--------
*a53b289344046ad5861576bc07814b17*
`登陆天数: 34天 / 675天
等级: 130
石头: 4102
呼符: 339
体力: 25.790000000000006 / 138
友情点: 0 / 363840`
_2024-07-01 04:16:02_
--------
*6c3f1a13b9e243748f313e99a0031b09*
`登陆天数: 34天 / 676天
等级: 130
石头: 4098
呼符: 163
体力: 25.763333333333335 / 138
友情点: 0 / 371640`
_2024-07-01 04:16:10_
--------
*15853b8fc8cd6601968c7eadaaeaa030*
`登陆天数: 34天 / 676天
等级: 130
石头: 4103
呼符: 337
体力: 25.736666666666665 / 138
友情点: 0 / 364165`
_2024-07-01 04:16:18_
--------
*25a11822f30a95e40b032a75d9917d5f*
`登陆天数: 34天 / 676天
等级: 130
石头: 4100
呼符: 108
体力: 25.709999999999994 / 138
友情点: 0 / 382640`
_2024-07-01 04:16:26_
--------
*76751f8d948f2c3d8009741e36fc322e*
`登陆天数: 34天 / 676天
等级: 130
石头: 4100
呼符: 329
体力: 25.689999999999998 / 138
友情点: 0 / 364990`
_2024-07-01 04:16:35_
--------
*19d1e85cfc352245950ae1b239747ec2*
`登陆天数: 34天 / 676天
等级: 130
石头: 4099
呼符: 261
体力: 25.659999999999997 / 138
友情点: 0 / 367520`
_2024-07-01 04:16:43_
--------
*bf16111f7258b4ce11d4354e094d4d4a*
`登陆天数: 34天 / 675天
等级: 130
石头: 4101
呼符: 243
体力: 25.63333333333334 / 138
友情点: 0 / 364615`
_2024-07-01 04:16:51_
--------
*a311c3a861278ef9ea42c83bbeb832bb*
`登陆天数: 34天 / 676天
等级: 130
石头: 4099
呼符: 168
体力: 25.60666666666667 / 138
友情点: 0 / 374480`
_2024-07-01 04:17:00_
--------
*7d890ec851a1084773ca79844e1d4c99*
`登陆天数: 34天 / 676天
等级: 130
石头: 4106
呼符: 330
体力: 25.58333333333333 / 138
友情点: 0 / 365320`
_2024-07-01 04:17:08_
--------
*eb1c04a8e45b76f0563d8da3f9a00ab6*
`登陆天数: 34天 / 676天
等级: 130
石头: 4095
呼符: 291
体力: 25.560000000000002 / 138
友情点: 0 / 364950`
_2024-07-01 04:17:16_
--------
*a02a95ce28fc51ef81382c3ff7bc0b83*
`登陆天数: 34天 / 676天
等级: 130
石头: 4055
呼符: 316
体力: 25.53 / 138
友情点: 0 / 366325`
_2024-07-01 04:17:24_
--------
*8aaef9de6925428b82dbdbf6f0eaf46c*
`登陆天数: 34天 / 676天
等级: 130
石头: 4096
呼符: 274
体力: 25.50333333333333 / 138
友情点: 0 / 364540`
_2024-07-01 04:17:32_
--------
*9b20862a2bb58650ccfcdc5c6639fe8e*
`登陆天数: 34天 / 676天
等级: 130
石头: 4097
呼符: 323
体力: 25.47333333333333 / 138
友情点: 0 / 365045`
_2024-07-01 04:17:40_
--------
*6355c6562beb5dcd949cb5512520bc0f*
`登陆天数: 34天 / 676天
等级: 130
石头: 4095
呼符: 193
体力: 25.446666666666673 / 138
友情点: 0 / 368370`
_2024-07-01 04:17:48_
--------
*aee6e480f825560c718d219de7664efd*
`登陆天数: 34天 / 676天
等级: 130
石头: 4055
呼符: 228
体力: 25.423333333333332 / 138
友情点: 0 / 365505`
_2024-07-01 04:17:56_
--------
*b723021e28b171d6feaa382af59227e0*
`登陆天数: 34天 / 676天
等级: 130
石头: 4100
呼符: 333
体力: 25.39333333333333 / 138
友情点: 0 / 364215`
_2024-07-01 04:18:04_
--------
*00f71cd834d23ab2624e887ba3be215f*
`登陆天数: 34天 / 676天
等级: 130
石头: 4090
呼符: 114
体力: 25.36666666666666 / 138
友情点: 0 / 378675`
_2024-07-01 04:18:13_
--------
*115cfa26f84b7e99c9e1f249b84c9092*
`登陆天数: 34天 / 676天
等级: 130
石头: 4101
呼符: 269
体力: 25.343333333333334 / 138
友情点: 0 / 366160`
_2024-07-01 04:18:21_
--------
*0b3f2d4efa91341118256fbda08e4111*
`登陆天数: 34天 / 676天
等级: 130
石头: 4075
呼符: 180
体力: 25.316666666666663 / 138
友情点: 0 / 370295`
_2024-07-01 04:18:29_
--------
*07f240b9dc8cd361a0733c2e8b09d098*
`登陆天数: 34天 / 676天
等级: 130
石头: 4078
呼符: 302
体力: 25.290000000000006 / 138
友情点: 0 / 368185`
_2024-07-01 04:18:37_
--------
*804f8e4fdd7df6a6fecd9ed068512deb*
`登陆天数: 34天 / 676天
等级: 130
石头: 4102
呼符: 210
体力: 25.260000000000005 / 138
友情点: 0 / 373090`
_2024-07-01 04:18:45_
--------
*65188588d1c1590af683bcd6b21f5e7c*
`登陆天数: 34天 / 676天
等级: 130
石头: 4094
呼符: 331
体力: 25.233333333333334 / 138
友情点: 0 / 365345`
_2024-07-01 04:18:54_
--------
*aa8d11f9b24664a2c35f6e0dbcda2205*
`登陆天数: 34天 / 676天
等级: 130
石头: 4110
呼符: 123
体力: 25.203333333333333 / 138
友情点: 0 / 382255`
_2024-07-01 04:19:02_
--------
*eb8eaf3abcc73d989299640064160ab1*
`登陆天数: 34天 / 676天
等级: 130
石头: 4101
呼符: 223
体力: 25.176666666666662 / 138
友情点: 0 / 366315`
_2024-07-01 04:19:10_
--------
