【登录信息】
*a8abf88d0e28dbdf3d4c57e5ec1a39eb*
`登陆天数: 40天 / 678天
等级: 130
石头: 3999
呼符: 219
体力: 23376.93666666667 / 138
友情点: 0 / 466865`
_2024-07-02 04:13:26_
--------
*6aa67e267e7f505832e1370e8c06e1c2*
`登陆天数: 35天 / 677天
等级: 130
石头: 4102
呼符: 335
体力: 26.96333333333334 / 138
友情点: 0 / 355775`
_2024-07-02 04:13:33_
--------
*ede9e19c5c91f9a9d288933a29da1be6*
`登陆天数: 35天 / 677天
等级: 130
石头: 4107
呼符: 194
体力: 26.936666666666667 / 138
友情点: 0 / 365825`
_2024-07-02 04:13:41_
--------
*a898f70e3b8cb5e0787308866d7350a7*
`登陆天数: 35天 / 676天
等级: 130
石头: 4092
呼符: 257
体力: 26.913333333333327 / 138
友情点: 0 / 355600`
_2024-07-02 04:13:48_
--------
*bed24bf6fb8d6969d47e7691e0a08460*
`登陆天数: 35天 / 676天
等级: 130
石头: 4093
呼符: 209
体力: 26.88666666666667 / 138
友情点: 0 / 368680`
_2024-07-02 04:13:56_
--------
*c8ef2e2482789641a546b7bd2de2c03e*
`登陆天数: 35天 / 676天
等级: 130
石头: 4096
呼符: 43
体力: 26.86 / 138
友情点: 0 / 402075`
_2024-07-02 04:14:04_
--------
*508d186501f54d31f4c2355307eb3e40*
`登陆天数: 35天 / 677天
等级: 130
石头: 4067
呼符: 89
体力: 26.83333333333333 / 138
友情点: 0 / 376165`
_2024-07-02 04:14:12_
--------
*0f35fa8073fb14a450569fb0548f8f37*
`登陆天数: 35天 / 676天
等级: 130
石头: 4100
呼符: 49
体力: 26.810000000000002 / 138
友情点: 0 / 390480`
_2024-07-02 04:14:20_
--------
*a1b5371fcbc5b19d8f1b219cf08ac3e8*
`登陆天数: 35天 / 676天
等级: 130
石头: 4099
呼符: 288
体力: 26.78666666666666 / 138
友情点: 0 / 357120`
_2024-07-02 04:14:27_
--------
*f1c51e3bbfc8df4109365e3bcca9437a*
`登陆天数: 35天 / 676天
等级: 130
石头: 4099
呼符: 333
体力: 26.75666666666666 / 138
友情点: 0 / 358290`
_2024-07-02 04:14:35_
--------
*1b1916be055662d9cc73bf9a51c96555*
`登陆天数: 35天 / 676天
等级: 130
石头: 4100
呼符: 341
体力: 26.726666666666674 / 138
友情点: 0 / 361180`
_2024-07-02 04:14:43_
--------
*98c34841415a2605a0b208d12350e0f2*
`登陆天数: 35天 / 676天
等级: 130
石头: 4091
呼符: 313
体力: 26.700000000000003 / 138
友情点: 0 / 357210`
_2024-07-02 04:14:50_
--------
*384a279d4839d05f94edc97538d66675*
`登陆天数: 35天 / 676天
等级: 130
石头: 4088
呼符: 308
体力: 26.67 / 138
友情点: 0 / 359145`
_2024-07-02 04:14:58_
--------
*a2ed224f66eca18e1e0b896d6dc9768b*
`登陆天数: 35天 / 676天
等级: 130
石头: 4087
呼符: 223
体力: 26.64333333333333 / 138
友情点: 0 / 365835`
_2024-07-02 04:15:06_
--------
*5484165b0c65a5d9cb611f705fa69e8e*
`登陆天数: 35天 / 676天
等级: 130
石头: 4102
呼符: 263
体力: 26.620000000000005 / 138
友情点: 0 / 360405`
_2024-07-02 04:15:13_
--------
*61d5f87230c15b3dc07183b844b216ec*
`登陆天数: 35天 / 676天
等级: 130
石头: 4102
呼符: 141
体力: 26.590000000000003 / 138
友情点: 0 / 373505`
_2024-07-02 04:15:21_
--------
*32b923fcd5d29a33caedbd31498dc6b9*
`登陆天数: 35天 / 676天
等级: 130
石头: 4093
呼符: 43
体力: 26.566666666666663 / 138
友情点: 0 / 394460`
_2024-07-02 04:15:29_
--------
*0650d9b7cb499e2ac0639cb76ba2ac3f*
`登陆天数: 35天 / 676天
等级: 130
石头: 4096
呼符: 258
体力: 26.540000000000006 / 138
友情点: 0 / 360155`
_2024-07-02 04:15:36_
--------
*7ceb7138a1e9f73535bed3b301a026d9*
`登陆天数: 35天 / 677天
等级: 130
石头: 4098
呼符: 212
体力: 26.516666666666666 / 138
友情点: 0 / 366745`
_2024-07-02 04:15:44_
--------
*c4a5d18a3271b2fee367f5c1c6990960*
`登陆天数: 35天 / 677天
等级: 130
石头: 4101
呼符: 319
体力: 26.49333333333334 / 138
友情点: 0 / 355455`
_2024-07-02 04:15:52_
--------
*4fde1928a56609b1f8f74e73b56ec229*
`登陆天数: 35天 / 677天
等级: 130
石头: 4075
呼符: 318
体力: 26.46333333333334 / 138
友情点: 0 / 359185`
_2024-07-02 04:16:00_
--------
*5e36431167c1b2888b3ad5c219dc49cb*
`登陆天数: 35天 / 677天
等级: 130
石头: 4102
呼符: 283
体力: 26.433333333333337 / 138
友情点: 0 / 356390`
_2024-07-02 04:16:07_
--------
*27cfc5b391e35eab71a9106bf8e8187f*
`登陆天数: 35天 / 677天
等级: 130
石头: 4098
呼符: 184
体力: 26.403333333333336 / 138
友情点: 0 / 377810`
_2024-07-02 04:16:15_
--------
*f54fb8ebde7542d0385ab4ba2b3d7b99*
`登陆天数: 35天 / 676天
等级: 130
石头: 4091
呼符: 338
体力: 26.379999999999995 / 138
友情点: 0 / 356440`
_2024-07-02 04:16:23_
--------
*1f7877dfd0d93658a805c1d91e42d98b*
`登陆天数: 35天 / 676天
等级: 130
石头: 4100
呼符: 335
体力: 26.35333333333334 / 138
友情点: 0 / 356130`
_2024-07-02 04:16:30_
--------
*3a6c0b601d00fe2edcdbdd172442f643*
`登陆天数: 35天 / 677天
等级: 130
石头: 4099
呼符: 324
体力: 26.323333333333338 / 138
友情点: 0 / 359285`
_2024-07-02 04:16:38_
--------
*a53b289344046ad5861576bc07814b17*
`登陆天数: 35天 / 676天
等级: 130
石头: 4102
呼符: 340
体力: 26.296666666666667 / 138
友情点: 0 / 357840`
_2024-07-02 04:16:46_
--------
*6c3f1a13b9e243748f313e99a0031b09*
`登陆天数: 35天 / 677天
等级: 130
石头: 4098
呼符: 164
体力: 26.269999999999996 / 138
友情点: 0 / 371640`
_2024-07-02 04:16:54_
--------
*15853b8fc8cd6601968c7eadaaeaa030*
`登陆天数: 35天 / 677天
等级: 130
石头: 4103
呼符: 338
体力: 26.24333333333334 / 138
友情点: 0 / 358165`
_2024-07-02 04:17:02_
--------
*25a11822f30a95e40b032a75d9917d5f*
`登陆天数: 35天 / 677天
等级: 130
石头: 4100
呼符: 109
体力: 26.21666666666667 / 138
友情点: 0 / 382640`
_2024-07-02 04:17:09_
--------
*76751f8d948f2c3d8009741e36fc322e*
`登陆天数: 35天 / 677天
等级: 130
石头: 4100
呼符: 330
体力: 26.193333333333328 / 138
友情点: 0 / 358990`
_2024-07-02 04:17:17_
--------
*19d1e85cfc352245950ae1b239747ec2*
`登陆天数: 35天 / 677天
等级: 130
石头: 4099
呼符: 262
体力: 26.163333333333327 / 138
友情点: 0 / 365520`
_2024-07-02 04:17:25_
--------
*bf16111f7258b4ce11d4354e094d4d4a*
`登陆天数: 35天 / 676天
等级: 130
石头: 4101
呼符: 244
体力: 26.14 / 138
友情点: 0 / 362615`
_2024-07-02 04:17:33_
--------
*a311c3a861278ef9ea42c83bbeb832bb*
`登陆天数: 35天 / 677天
等级: 130
石头: 4099
呼符: 169
体力: 26.11666666666666 / 138
友情点: 0 / 374480`
_2024-07-02 04:17:40_
--------
*7d890ec851a1084773ca79844e1d4c99*
`登陆天数: 35天 / 677天
等级: 130
石头: 4106
呼符: 331
体力: 26.086666666666673 / 138
友情点: 0 / 359320`
_2024-07-02 04:17:48_
--------
*eb1c04a8e45b76f0563d8da3f9a00ab6*
`登陆天数: 35天 / 677天
等级: 130
石头: 4095
呼符: 292
体力: 26.060000000000002 / 138
友情点: 0 / 358950`
_2024-07-02 04:17:55_
--------
*a02a95ce28fc51ef81382c3ff7bc0b83*
`登陆天数: 35天 / 677天
等级: 130
石头: 4055
呼符: 317
体力: 26.03333333333333 / 138
友情点: 0 / 360325`
_2024-07-02 04:18:03_
--------
*8aaef9de6925428b82dbdbf6f0eaf46c*
`登陆天数: 35天 / 677天
等级: 130
石头: 4096
呼符: 275
体力: 26.00333333333333 / 138
友情点: 0 / 358540`
_2024-07-02 04:18:11_
--------
*9b20862a2bb58650ccfcdc5c6639fe8e*
`登陆天数: 35天 / 677天
等级: 130
石头: 4097
呼符: 324
体力: 25.97333333333333 / 138
友情点: 0 / 359045`
_2024-07-02 04:18:18_
--------
*6355c6562beb5dcd949cb5512520bc0f*
`登陆天数: 35天 / 677天
等级: 130
石头: 4095
呼符: 194
体力: 25.943333333333328 / 138
友情点: 0 / 368370`
_2024-07-02 04:18:26_
--------
*aee6e480f825560c718d219de7664efd*
`登陆天数: 35天 / 677天
等级: 130
石头: 4055
呼符: 229
体力: 25.92 / 138
友情点: 0 / 359505`
_2024-07-02 04:18:34_
--------
*b723021e28b171d6feaa382af59227e0*
`登陆天数: 35天 / 677天
等级: 130
石头: 4100
呼符: 334
体力: 25.89333333333333 / 138
友情点: 0 / 358215`
_2024-07-02 04:18:41_
--------
*00f71cd834d23ab2624e887ba3be215f*
`登陆天数: 35天 / 677天
等级: 130
石头: 4090
呼符: 115
体力: 25.86 / 138
友情点: 0 / 378675`
_2024-07-02 04:18:49_
--------
*115cfa26f84b7e99c9e1f249b84c9092*
`登陆天数: 35天 / 677天
等级: 130
石头: 4101
呼符: 270
体力: 25.836666666666673 / 138
友情点: 0 / 360160`
_2024-07-02 04:18:56_
--------
*0b3f2d4efa91341118256fbda08e4111*
`登陆天数: 35天 / 677天
等级: 130
石头: 4075
呼符: 181
体力: 25.806666666666672 / 138
友情点: 0 / 370295`
_2024-07-02 04:19:04_
--------
*07f240b9dc8cd361a0733c2e8b09d098*
`登陆天数: 35天 / 677天
等级: 130
石头: 4078
呼符: 303
体力: 25.78333333333333 / 138
友情点: 0 / 362185`
_2024-07-02 04:19:12_
--------
*804f8e4fdd7df6a6fecd9ed068512deb*
`登陆天数: 35天 / 677天
等级: 130
石头: 4102
呼符: 211
体力: 25.75333333333333 / 138
友情点: 0 / 373090`
_2024-07-02 04:19:19_
--------
*65188588d1c1590af683bcd6b21f5e7c*
`登陆天数: 35天 / 677天
等级: 130
石头: 4094
呼符: 332
体力: 25.726666666666674 / 138
友情点: 0 / 359345`
_2024-07-02 04:19:27_
--------
*aa8d11f9b24664a2c35f6e0dbcda2205*
`登陆天数: 35天 / 677天
等级: 130
石头: 4110
呼符: 124
体力: 25.700000000000003 / 138
友情点: 0 / 382255`
_2024-07-02 04:19:35_
--------
*eb8eaf3abcc73d989299640064160ab1*
`登陆天数: 35天 / 677天
等级: 130
石头: 4101
呼符: 224
体力: 25.673333333333332 / 138
友情点: 0 / 366315`
_2024-07-02 04:19:43_
--------
