【登录信息】
*a8abf88d0e28dbdf3d4c57e5ec1a39eb*
`登陆天数: 14天 / 652天
等级: 130
石头: 3999
呼符: 219
体力: 15892.313333333334 / 138
友情点: 0 / 466865`
*連続ログイン7日間到達おめでとうございます！
明日は1日目からリスタートされます。*
`獣の足跡 X 1
呼符 X 1
6月交換券(2024) X 1
`*カルデア・サマーアドベンチャー！ アンケート復刻版 開幕記念 ログインボーナス*
*開催期間中、1日1回 最大21回 ログインボーナスをプレゼント！*
`白銀の果実 X 1
`_2024-06-06 04:30:18_
--------
*6aa67e267e7f505832e1370e8c06e1c2*
`登陆天数: 9天 / 651天
等级: 130
石头: 4013
呼符: 316
体力: 15892.336666666666 / 138
友情点: 0 / 465775`
*連続ログイン2日目
※ログインが途切れるか、7日到達すると
1日目から再開されます*
`聖晶石 X 1
6月交換券(2024) X 1
`*カルデア・サマーアドベンチャー！ アンケート復刻版 開幕記念 ログインボーナス*
*開催期間中、1日1回 最大21回 ログインボーナスをプレゼント！*
`白銀の果実 X 1
`_2024-06-06 04:30:26_
--------
*ede9e19c5c91f9a9d288933a29da1be6*
`登陆天数: 9天 / 651天
等级: 130
石头: 4018
呼符: 175
体力: 15892.36 / 138
友情点: 0 / 465825`
*連続ログイン2日目
※ログインが途切れるか、7日到達すると
1日目から再開されます*
`聖晶石 X 1
6月交換券(2024) X 1
`*カルデア・サマーアドベンチャー！ アンケート復刻版 開幕記念 ログインボーナス*
*開催期間中、1日1回 最大21回 ログインボーナスをプレゼント！*
`白銀の果実 X 1
`_2024-06-06 04:30:34_
--------
*a898f70e3b8cb5e0787308866d7350a7*
`登陆天数: 9天 / 650天
等级: 130
石头: 4001
呼符: 238
体力: 15892.39 / 138
友情点: 0 / 467600`
*連続ログイン2日目
※ログインが途切れるか、7日到達すると
1日目から再開されます*
`聖晶石 X 1
6月交換券(2024) X 1
`*カルデア・サマーアドベンチャー！ アンケート復刻版 開幕記念 ログインボーナス*
*開催期間中、1日1回 最大21回 ログインボーナスをプレゼント！*
`白銀の果実 X 1
`_2024-06-06 04:30:42_
--------
*bed24bf6fb8d6969d47e7691e0a08460*
`登陆天数: 9天 / 650天
等级: 130
石头: 4002
呼符: 190
体力: 15892.416666666666 / 138
友情点: 0 / 468680`
*連続ログイン2日目
※ログインが途切れるか、7日到達すると
1日目から再開されます*
`聖晶石 X 1
6月交換券(2024) X 1
`*カルデア・サマーアドベンチャー！ アンケート復刻版 開幕記念 ログインボーナス*
*開催期間中、1日1回 最大21回 ログインボーナスをプレゼント！*
`白銀の果実 X 1
`_2024-06-06 04:30:50_
--------
*c8ef2e2482789641a546b7bd2de2c03e*
`登陆天数: 9天 / 650天
等级: 130
石头: 4005
呼符: 24
体力: 15892.443333333333 / 138
友情点: 0 / 468075`
*連続ログイン2日目
※ログインが途切れるか、7日到達すると
1日目から再開されます*
`聖晶石 X 1
6月交換券(2024) X 1
`*カルデア・サマーアドベンチャー！ アンケート復刻版 開幕記念 ログインボーナス*
*開催期間中、1日1回 最大21回 ログインボーナスをプレゼント！*
`白銀の果実 X 1
`_2024-06-06 04:30:58_
--------
*508d186501f54d31f4c2355307eb3e40*
`登陆天数: 9天 / 651天
等级: 130
石头: 3978
呼符: 70
体力: 15892.47 / 138
友情点: 0 / 466165`
*連続ログイン2日目
※ログインが途切れるか、7日到達すると
1日目から再開されます*
`聖晶石 X 1
6月交換券(2024) X 1
`*カルデア・サマーアドベンチャー！ アンケート復刻版 開幕記念 ログインボーナス*
*開催期間中、1日1回 最大21回 ログインボーナスをプレゼント！*
`白銀の果実 X 1
`_2024-06-06 04:31:06_
--------
*0f35fa8073fb14a450569fb0548f8f37*
`登陆天数: 9天 / 650天
等级: 130
石头: 4009
呼符: 30
体力: 15892.496666666666 / 138
友情点: 0 / 468480`
*連続ログイン2日目
※ログインが途切れるか、7日到達すると
1日目から再開されます*
`聖晶石 X 1
6月交換券(2024) X 1
`*カルデア・サマーアドベンチャー！ アンケート復刻版 開幕記念 ログインボーナス*
*開催期間中、1日1回 最大21回 ログインボーナスをプレゼント！*
`白銀の果実 X 1
`_2024-06-06 04:31:13_
--------
*a1b5371fcbc5b19d8f1b219cf08ac3e8*
`登陆天数: 9天 / 650天
等级: 130
石头: 4008
呼符: 269
体力: 15892.52 / 138
友情点: 0 / 469120`
*連続ログイン2日目
※ログインが途切れるか、7日到達すると
1日目から再開されます*
`聖晶石 X 1
6月交換券(2024) X 1
`*カルデア・サマーアドベンチャー！ アンケート復刻版 開幕記念 ログインボーナス*
*開催期間中、1日1回 最大21回 ログインボーナスをプレゼント！*
`白銀の果実 X 1
`_2024-06-06 04:31:22_
--------
*f1c51e3bbfc8df4109365e3bcca9437a*
`登陆天数: 9天 / 650天
等级: 130
石头: 4008
呼符: 314
体力: 15892.55 / 138
友情点: 0 / 468290`
*連続ログイン2日目
※ログインが途切れるか、7日到達すると
1日目から再開されます*
`聖晶石 X 1
6月交換券(2024) X 1
`*カルデア・サマーアドベンチャー！ アンケート復刻版 開幕記念 ログインボーナス*
*開催期間中、1日1回 最大21回 ログインボーナスをプレゼント！*
`白銀の果実 X 1
`_2024-06-06 04:31:30_
--------
*1b1916be055662d9cc73bf9a51c96555*
`登陆天数: 9天 / 650天
等级: 130
石头: 4009
呼符: 322
体力: 15892.576666666666 / 138
友情点: 0 / 469180`
*連続ログイン2日目
※ログインが途切れるか、7日到達すると
1日目から再開されます*
`聖晶石 X 1
6月交換券(2024) X 1
`*カルデア・サマーアドベンチャー！ アンケート復刻版 開幕記念 ログインボーナス*
*開催期間中、1日1回 最大21回 ログインボーナスをプレゼント！*
`白銀の果実 X 1
`_2024-06-06 04:31:38_
--------
*98c34841415a2605a0b208d12350e0f2*
`登陆天数: 9天 / 650天
等级: 130
石头: 4000
呼符: 294
体力: 15892.603333333333 / 138
友情点: 0 / 469210`
*連続ログイン2日目
※ログインが途切れるか、7日到達すると
1日目から再開されます*
`聖晶石 X 1
6月交換券(2024) X 1
`*カルデア・サマーアドベンチャー！ アンケート復刻版 開幕記念 ログインボーナス*
*開催期間中、1日1回 最大21回 ログインボーナスをプレゼント！*
`白銀の果実 X 1
`_2024-06-06 04:31:45_
--------
*384a279d4839d05f94edc97538d66675*
`登陆天数: 9天 / 650天
等级: 130
石头: 3997
呼符: 289
体力: 15892.63 / 138
友情点: 0 / 471145`
*連続ログイン2日目
※ログインが途切れるか、7日到達すると
1日目から再開されます*
`聖晶石 X 1
6月交換券(2024) X 1
`*カルデア・サマーアドベンチャー！ アンケート復刻版 開幕記念 ログインボーナス*
*開催期間中、1日1回 最大21回 ログインボーナスをプレゼント！*
`白銀の果実 X 1
`_2024-06-06 04:31:53_
--------
*a2ed224f66eca18e1e0b896d6dc9768b*
`登陆天数: 9天 / 650天
等级: 130
石头: 3996
呼符: 204
体力: 15892.656666666666 / 138
友情点: 0 / 467835`
*連続ログイン2日目
※ログインが途切れるか、7日到達すると
1日目から再開されます*
`聖晶石 X 1
6月交換券(2024) X 1
`*カルデア・サマーアドベンチャー！ アンケート復刻版 開幕記念 ログインボーナス*
*開催期間中、1日1回 最大21回 ログインボーナスをプレゼント！*
`白銀の果実 X 1
`_2024-06-06 04:32:01_
--------
*5484165b0c65a5d9cb611f705fa69e8e*
`登陆天数: 9天 / 650天
等级: 130
石头: 4011
呼符: 244
体力: 15892.68 / 138
友情点: 0 / 468405`
*連続ログイン2日目
※ログインが途切れるか、7日到達すると
1日目から再開されます*
`聖晶石 X 1
6月交換券(2024) X 1
`*カルデア・サマーアドベンチャー！ アンケート復刻版 開幕記念 ログインボーナス*
*開催期間中、1日1回 最大21回 ログインボーナスをプレゼント！*
`白銀の果実 X 1
`_2024-06-06 04:32:09_
--------
*61d5f87230c15b3dc07183b844b216ec*
`登陆天数: 9天 / 650天
等级: 130
石头: 4011
呼符: 122
体力: 15892.706666666667 / 138
友情点: 0 / 469505`
*連続ログイン2日目
※ログインが途切れるか、7日到達すると
1日目から再開されます*
`聖晶石 X 1
6月交換券(2024) X 1
`*カルデア・サマーアドベンチャー！ アンケート復刻版 開幕記念 ログインボーナス*
*開催期間中、1日1回 最大21回 ログインボーナスをプレゼント！*
`白銀の果実 X 1
`_2024-06-06 04:32:17_
--------
*32b923fcd5d29a33caedbd31498dc6b9*
`登陆天数: 9天 / 650天
等级: 130
石头: 4002
呼符: 24
体力: 15892.73 / 138
友情点: 0 / 468460`
*連続ログイン2日目
※ログインが途切れるか、7日到達すると
1日目から再開されます*
`聖晶石 X 1
6月交換券(2024) X 1
`*カルデア・サマーアドベンチャー！ アンケート復刻版 開幕記念 ログインボーナス*
*開催期間中、1日1回 最大21回 ログインボーナスをプレゼント！*
`白銀の果実 X 1
`_2024-06-06 04:32:25_
--------
*0650d9b7cb499e2ac0639cb76ba2ac3f*
`登陆天数: 9天 / 650天
等级: 130
石头: 4005
呼符: 239
体力: 15892.76 / 138
友情点: 0 / 468155`
*連続ログイン2日目
※ログインが途切れるか、7日到達すると
1日目から再開されます*
`聖晶石 X 1
6月交換券(2024) X 1
`*カルデア・サマーアドベンチャー！ アンケート復刻版 開幕記念 ログインボーナス*
*開催期間中、1日1回 最大21回 ログインボーナスをプレゼント！*
`白銀の果実 X 1
`_2024-06-06 04:32:32_
--------
*7ceb7138a1e9f73535bed3b301a026d9*
`登陆天数: 9天 / 651天
等级: 130
石头: 4009
呼符: 193
体力: 15892.786666666667 / 138
友情点: 0 / 466745`
*連続ログイン2日目
※ログインが途切れるか、7日到達すると
1日目から再開されます*
`聖晶石 X 1
6月交換券(2024) X 1
`*カルデア・サマーアドベンチャー！ アンケート復刻版 開幕記念 ログインボーナス*
*開催期間中、1日1回 最大21回 ログインボーナスをプレゼント！*
`白銀の果実 X 1
`_2024-06-06 04:32:41_
--------
*c4a5d18a3271b2fee367f5c1c6990960*
`登陆天数: 9天 / 651天
等级: 130
石头: 4012
呼符: 300
体力: 15892.813333333334 / 138
友情点: 0 / 465455`
*連続ログイン2日目
※ログインが途切れるか、7日到達すると
1日目から再開されます*
`聖晶石 X 1
6月交換券(2024) X 1
`*カルデア・サマーアドベンチャー！ アンケート復刻版 開幕記念 ログインボーナス*
*開催期間中、1日1回 最大21回 ログインボーナスをプレゼント！*
`白銀の果実 X 1
`_2024-06-06 04:32:49_
--------
*4fde1928a56609b1f8f74e73b56ec229*
`登陆天数: 9天 / 651天
等级: 130
石头: 3986
呼符: 299
体力: 15892.84 / 138
友情点: 0 / 469185`
*連続ログイン2日目
※ログインが途切れるか、7日到達すると
1日目から再開されます*
`聖晶石 X 1
6月交換券(2024) X 1
`*カルデア・サマーアドベンチャー！ アンケート復刻版 開幕記念 ログインボーナス*
*開催期間中、1日1回 最大21回 ログインボーナスをプレゼント！*
`白銀の果実 X 1
`_2024-06-06 04:32:56_
--------
*5e36431167c1b2888b3ad5c219dc49cb*
`登陆天数: 9天 / 651天
等级: 130
石头: 4013
呼符: 264
体力: 15892.866666666667 / 138
友情点: 0 / 466390`
*連続ログイン2日目
※ログインが途切れるか、7日到達すると
1日目から再開されます*
`聖晶石 X 1
6月交換券(2024) X 1
`*カルデア・サマーアドベンチャー！ アンケート復刻版 開幕記念 ログインボーナス*
*開催期間中、1日1回 最大21回 ログインボーナスをプレゼント！*
`白銀の果実 X 1
`_2024-06-06 04:33:04_
--------
*27cfc5b391e35eab71a9106bf8e8187f*
`登陆天数: 9天 / 651天
等级: 130
石头: 4009
呼符: 165
体力: 15892.893333333333 / 138
友情点: 0 / 465810`
*連続ログイン2日目
※ログインが途切れるか、7日到達すると
1日目から再開されます*
`聖晶石 X 1
6月交換券(2024) X 1
`*カルデア・サマーアドベンチャー！ アンケート復刻版 開幕記念 ログインボーナス*
*開催期間中、1日1回 最大21回 ログインボーナスをプレゼント！*
`白銀の果実 X 1
`_2024-06-06 04:33:12_
--------
*f54fb8ebde7542d0385ab4ba2b3d7b99*
`登陆天数: 9天 / 650天
等级: 130
石头: 4000
呼符: 319
体力: 15892.92 / 138
友情点: 0 / 468440`
*連続ログイン2日目
※ログインが途切れるか、7日到達すると
1日目から再開されます*
`聖晶石 X 1
6月交換券(2024) X 1
`*カルデア・サマーアドベンチャー！ アンケート復刻版 開幕記念 ログインボーナス*
*開催期間中、1日1回 最大21回 ログインボーナスをプレゼント！*
`白銀の果実 X 1
`_2024-06-06 04:33:20_
--------
*1f7877dfd0d93658a805c1d91e42d98b*
`登陆天数: 9天 / 650天
等级: 130
石头: 4009
呼符: 316
体力: 15892.946666666667 / 138
友情点: 0 / 468130`
*連続ログイン2日目
※ログインが途切れるか、7日到達すると
1日目から再開されます*
`聖晶石 X 1
6月交換券(2024) X 1
`*カルデア・サマーアドベンチャー！ アンケート復刻版 開幕記念 ログインボーナス*
*開催期間中、1日1回 最大21回 ログインボーナスをプレゼント！*
`白銀の果実 X 1
`_2024-06-06 04:33:29_
--------
*3a6c0b601d00fe2edcdbdd172442f643*
`登陆天数: 9天 / 651天
等级: 130
石头: 4010
呼符: 305
体力: 15892.973333333333 / 138
友情点: 0 / 467285`
*連続ログイン2日目
※ログインが途切れるか、7日到達すると
1日目から再開されます*
`聖晶石 X 1
6月交換券(2024) X 1
`*カルデア・サマーアドベンチャー！ アンケート復刻版 開幕記念 ログインボーナス*
*開催期間中、1日1回 最大21回 ログインボーナスをプレゼント！*
`白銀の果実 X 1
`_2024-06-06 04:33:36_
--------
*a53b289344046ad5861576bc07814b17*
`登陆天数: 9天 / 650天
等级: 130
石头: 4011
呼符: 321
体力: 15893.0 / 138
友情点: 0 / 467840`
*連続ログイン2日目
※ログインが途切れるか、7日到達すると
1日目から再開されます*
`聖晶石 X 1
6月交換券(2024) X 1
`*カルデア・サマーアドベンチャー！ アンケート復刻版 開幕記念 ログインボーナス*
*開催期間中、1日1回 最大21回 ログインボーナスをプレゼント！*
`白銀の果実 X 1
`_2024-06-06 04:33:44_
--------
*6c3f1a13b9e243748f313e99a0031b09*
`登陆天数: 9天 / 651天
等级: 130
石头: 4009
呼符: 145
体力: 15893.026666666667 / 138
友情点: 0 / 467640`
*連続ログイン2日目
※ログインが途切れるか、7日到達すると
1日目から再開されます*
`聖晶石 X 1
6月交換券(2024) X 1
`*カルデア・サマーアドベンチャー！ アンケート復刻版 開幕記念 ログインボーナス*
*開催期間中、1日1回 最大21回 ログインボーナスをプレゼント！*
`白銀の果実 X 1
`_2024-06-06 04:33:52_
--------
*15853b8fc8cd6601968c7eadaaeaa030*
`登陆天数: 9天 / 651天
等级: 130
石头: 4014
呼符: 319
体力: 15893.05 / 138
友情点: 0 / 466165`
*連続ログイン2日目
※ログインが途切れるか、7日到達すると
1日目から再開されます*
`聖晶石 X 1
6月交換券(2024) X 1
`*カルデア・サマーアドベンチャー！ アンケート復刻版 開幕記念 ログインボーナス*
*開催期間中、1日1回 最大21回 ログインボーナスをプレゼント！*
`白銀の果実 X 1
`_2024-06-06 04:34:00_
--------
*25a11822f30a95e40b032a75d9917d5f*
`登陆天数: 9天 / 651天
等级: 130
石头: 4011
呼符: 90
体力: 15893.076666666666 / 138
友情点: 0 / 466640`
*連続ログイン2日目
※ログインが途切れるか、7日到達すると
1日目から再開されます*
`聖晶石 X 1
6月交換券(2024) X 1
`*カルデア・サマーアドベンチャー！ アンケート復刻版 開幕記念 ログインボーナス*
*開催期間中、1日1回 最大21回 ログインボーナスをプレゼント！*
`白銀の果実 X 1
`_2024-06-06 04:34:08_
--------
*76751f8d948f2c3d8009741e36fc322e*
`登陆天数: 9天 / 651天
等级: 130
石头: 4011
呼符: 311
体力: 15893.103333333333 / 138
友情点: 0 / 466990`
*連続ログイン2日目
※ログインが途切れるか、7日到達すると
1日目から再開されます*
`聖晶石 X 1
6月交換券(2024) X 1
`*カルデア・サマーアドベンチャー！ アンケート復刻版 開幕記念 ログインボーナス*
*開催期間中、1日1回 最大21回 ログインボーナスをプレゼント！*
`白銀の果実 X 1
`_2024-06-06 04:34:15_
--------
*19d1e85cfc352245950ae1b239747ec2*
`登陆天数: 9天 / 651天
等级: 130
石头: 4010
呼符: 243
体力: 15893.126666666667 / 138
友情点: 0 / 469520`
*連続ログイン2日目
※ログインが途切れるか、7日到達すると
1日目から再開されます*
`聖晶石 X 1
6月交換券(2024) X 1
`*カルデア・サマーアドベンチャー！ アンケート復刻版 開幕記念 ログインボーナス*
*開催期間中、1日1回 最大21回 ログインボーナスをプレゼント！*
`白銀の果実 X 1
`_2024-06-06 04:34:23_
--------
*bf16111f7258b4ce11d4354e094d4d4a*
`登陆天数: 9天 / 650天
等级: 130
石头: 4010
呼符: 225
体力: 15893.153333333334 / 138
友情点: 0 / 468615`
*連続ログイン2日目
※ログインが途切れるか、7日到達すると
1日目から再開されます*
`聖晶石 X 1
6月交換券(2024) X 1
`*カルデア・サマーアドベンチャー！ アンケート復刻版 開幕記念 ログインボーナス*
*開催期間中、1日1回 最大21回 ログインボーナスをプレゼント！*
`白銀の果実 X 1
`_2024-06-06 04:34:31_
--------
*a311c3a861278ef9ea42c83bbeb832bb*
`登陆天数: 9天 / 651天
等级: 130
石头: 4010
呼符: 150
体力: 15893.183333333332 / 138
友情点: 0 / 466480`
*連続ログイン2日目
※ログインが途切れるか、7日到達すると
1日目から再開されます*
`聖晶石 X 1
6月交換券(2024) X 1
`*カルデア・サマーアドベンチャー！ アンケート復刻版 開幕記念 ログインボーナス*
*開催期間中、1日1回 最大21回 ログインボーナスをプレゼント！*
`白銀の果実 X 1
`_2024-06-06 04:34:39_
--------
*7d890ec851a1084773ca79844e1d4c99*
`登陆天数: 9天 / 651天
等级: 130
石头: 4017
呼符: 312
体力: 15893.206666666667 / 138
友情点: 0 / 467320`
*連続ログイン2日目
※ログインが途切れるか、7日到達すると
1日目から再開されます*
`聖晶石 X 1
6月交換券(2024) X 1
`*カルデア・サマーアドベンチャー！ アンケート復刻版 開幕記念 ログインボーナス*
*開催期間中、1日1回 最大21回 ログインボーナスをプレゼント！*
`白銀の果実 X 1
`_2024-06-06 04:34:47_
--------
*eb1c04a8e45b76f0563d8da3f9a00ab6*
`登陆天数: 9天 / 651天
等级: 130
石头: 4006
呼符: 273
体力: 15893.233333333334 / 138
友情点: 0 / 466950`
*連続ログイン2日目
※ログインが途切れるか、7日到達すると
1日目から再開されます*
`聖晶石 X 1
6月交換券(2024) X 1
`*カルデア・サマーアドベンチャー！ アンケート復刻版 開幕記念 ログインボーナス*
*開催期間中、1日1回 最大21回 ログインボーナスをプレゼント！*
`白銀の果実 X 1
`_2024-06-06 04:34:55_
--------
*a02a95ce28fc51ef81382c3ff7bc0b83*
`登陆天数: 9天 / 651天
等级: 130
石头: 3966
呼符: 298
体力: 15893.26 / 138
友情点: 0 / 468325`
*連続ログイン2日目
※ログインが途切れるか、7日到達すると
1日目から再開されます*
`聖晶石 X 1
6月交換券(2024) X 1
`*カルデア・サマーアドベンチャー！ アンケート復刻版 開幕記念 ログインボーナス*
*開催期間中、1日1回 最大21回 ログインボーナスをプレゼント！*
`白銀の果実 X 1
`_2024-06-06 04:35:02_
--------
*8aaef9de6925428b82dbdbf6f0eaf46c*
`登陆天数: 9天 / 651天
等级: 130
石头: 4007
呼符: 256
体力: 15893.286666666667 / 138
友情点: 0 / 466540`
*連続ログイン2日目
※ログインが途切れるか、7日到達すると
1日目から再開されます*
`聖晶石 X 1
6月交換券(2024) X 1
`*カルデア・サマーアドベンチャー！ アンケート復刻版 開幕記念 ログインボーナス*
*開催期間中、1日1回 最大21回 ログインボーナスをプレゼント！*
`白銀の果実 X 1
`_2024-06-06 04:35:10_
--------
*9b20862a2bb58650ccfcdc5c6639fe8e*
`登陆天数: 9天 / 651天
等级: 130
石头: 4008
呼符: 305
体力: 15893.31 / 138
友情点: 0 / 467045`
*連続ログイン2日目
※ログインが途切れるか、7日到達すると
1日目から再開されます*
`聖晶石 X 1
6月交換券(2024) X 1
`*カルデア・サマーアドベンチャー！ アンケート復刻版 開幕記念 ログインボーナス*
*開催期間中、1日1回 最大21回 ログインボーナスをプレゼント！*
`白銀の果実 X 1
`_2024-06-06 04:35:18_
--------
*6355c6562beb5dcd949cb5512520bc0f*
`登陆天数: 9天 / 651天
等级: 130
石头: 4006
呼符: 175
体力: 15893.336666666666 / 138
友情点: 0 / 466370`
*連続ログイン2日目
※ログインが途切れるか、7日到達すると
1日目から再開されます*
`聖晶石 X 1
6月交換券(2024) X 1
`*カルデア・サマーアドベンチャー！ アンケート復刻版 開幕記念 ログインボーナス*
*開催期間中、1日1回 最大21回 ログインボーナスをプレゼント！*
`白銀の果実 X 1
`_2024-06-06 04:35:26_
--------
*aee6e480f825560c718d219de7664efd*
`登陆天数: 9天 / 651天
等级: 130
石头: 3966
呼符: 210
体力: 15893.366666666667 / 138
友情点: 0 / 467505`
*連続ログイン2日目
※ログインが途切れるか、7日到達すると
1日目から再開されます*
`聖晶石 X 1
6月交換券(2024) X 1
`*カルデア・サマーアドベンチャー！ アンケート復刻版 開幕記念 ログインボーナス*
*開催期間中、1日1回 最大21回 ログインボーナスをプレゼント！*
`白銀の果実 X 1
`_2024-06-06 04:35:34_
--------
*b723021e28b171d6feaa382af59227e0*
`登陆天数: 9天 / 651天
等级: 130
石头: 4011
呼符: 315
体力: 15893.39 / 138
友情点: 0 / 466215`
*連続ログイン2日目
※ログインが途切れるか、7日到達すると
1日目から再開されます*
`聖晶石 X 1
6月交換券(2024) X 1
`*カルデア・サマーアドベンチャー！ アンケート復刻版 開幕記念 ログインボーナス*
*開催期間中、1日1回 最大21回 ログインボーナスをプレゼント！*
`白銀の果実 X 1
`_2024-06-06 04:35:42_
--------
*00f71cd834d23ab2624e887ba3be215f*
`登陆天数: 9天 / 651天
等级: 130
石头: 4001
呼符: 96
体力: 15893.42 / 138
友情点: 0 / 466675`
*連続ログイン2日目
※ログインが途切れるか、7日到達すると
1日目から再開されます*
`聖晶石 X 1
6月交換券(2024) X 1
`*カルデア・サマーアドベンチャー！ アンケート復刻版 開幕記念 ログインボーナス*
*開催期間中、1日1回 最大21回 ログインボーナスをプレゼント！*
`白銀の果実 X 1
`_2024-06-06 04:35:50_
--------
*115cfa26f84b7e99c9e1f249b84c9092*
`登陆天数: 9天 / 651天
等级: 130
石头: 4012
呼符: 251
体力: 15893.443333333333 / 138
友情点: 0 / 468160`
*連続ログイン2日目
※ログインが途切れるか、7日到達すると
1日目から再開されます*
`聖晶石 X 1
6月交換券(2024) X 1
`*カルデア・サマーアドベンチャー！ アンケート復刻版 開幕記念 ログインボーナス*
*開催期間中、1日1回 最大21回 ログインボーナスをプレゼント！*
`白銀の果実 X 1
`_2024-06-06 04:35:58_
--------
*0b3f2d4efa91341118256fbda08e4111*
`登陆天数: 9天 / 651天
等级: 130
石头: 3986
呼符: 162
体力: 15893.47 / 138
友情点: 0 / 466295`
*連続ログイン2日目
※ログインが途切れるか、7日到達すると
1日目から再開されます*
`聖晶石 X 1
6月交換券(2024) X 1
`*カルデア・サマーアドベンチャー！ アンケート復刻版 開幕記念 ログインボーナス*
*開催期間中、1日1回 最大21回 ログインボーナスをプレゼント！*
`白銀の果実 X 1
`_2024-06-06 04:36:06_
--------
*07f240b9dc8cd361a0733c2e8b09d098*
`登陆天数: 9天 / 651天
等级: 130
石头: 3989
呼符: 284
体力: 15893.496666666666 / 138
友情点: 0 / 468185`
*連続ログイン2日目
※ログインが途切れるか、7日到達すると
1日目から再開されます*
`聖晶石 X 1
6月交換券(2024) X 1
`*カルデア・サマーアドベンチャー！ アンケート復刻版 開幕記念 ログインボーナス*
*開催期間中、1日1回 最大21回 ログインボーナスをプレゼント！*
`白銀の果実 X 1
`_2024-06-06 04:36:13_
--------
*804f8e4fdd7df6a6fecd9ed068512deb*
`登陆天数: 9天 / 651天
等级: 130
石头: 4013
呼符: 192
体力: 15893.52 / 138
友情点: 0 / 467090`
*連続ログイン2日目
※ログインが途切れるか、7日到達すると
1日目から再開されます*
`聖晶石 X 1
6月交換券(2024) X 1
`*カルデア・サマーアドベンチャー！ アンケート復刻版 開幕記念 ログインボーナス*
*開催期間中、1日1回 最大21回 ログインボーナスをプレゼント！*
`白銀の果実 X 1
`_2024-06-06 04:36:21_
--------
*65188588d1c1590af683bcd6b21f5e7c*
`登陆天数: 9天 / 651天
等级: 130
石头: 4005
呼符: 313
体力: 15893.55 / 138
友情点: 0 / 465345`
*連続ログイン2日目
※ログインが途切れるか、7日到達すると
1日目から再開されます*
`聖晶石 X 1
6月交換券(2024) X 1
`*カルデア・サマーアドベンチャー！ アンケート復刻版 開幕記念 ログインボーナス*
*開催期間中、1日1回 最大21回 ログインボーナスをプレゼント！*
`白銀の果実 X 1
`_2024-06-06 04:36:29_
--------
*aa8d11f9b24664a2c35f6e0dbcda2205*
`登陆天数: 9天 / 651天
等级: 130
石头: 4021
呼符: 105
体力: 15893.573333333334 / 138
友情点: 0 / 466255`
*連続ログイン2日目
※ログインが途切れるか、7日到達すると
1日目から再開されます*
`聖晶石 X 1
6月交換券(2024) X 1
`*カルデア・サマーアドベンチャー！ アンケート復刻版 開幕記念 ログインボーナス*
*開催期間中、1日1回 最大21回 ログインボーナスをプレゼント！*
`白銀の果実 X 1
`_2024-06-06 04:36:37_
--------
*eb8eaf3abcc73d989299640064160ab1*
`登陆天数: 9天 / 651天
等级: 130
石头: 4012
呼符: 205
体力: 15893.6 / 138
友情点: 0 / 466315`
*連続ログイン2日目
※ログインが途切れるか、7日到達すると
1日目から再開されます*
`聖晶石 X 1
6月交換券(2024) X 1
`*カルデア・サマーアドベンチャー！ アンケート復刻版 開幕記念 ログインボーナス*
*開催期間中、1日1回 最大21回 ログインボーナスをプレゼント！*
`白銀の果実 X 1
`_2024-06-06 04:36:45_
--------
