【登录信息】
*a8abf88d0e28dbdf3d4c57e5ec1a39eb*
`登陆天数: 21天 / 659天
等级: 130
石头: 3999
呼符: 219
体力: 17908.586666666666 / 138
友情点: 0 / 466865`
_2024-06-13 04:31:41_
--------
*6aa67e267e7f505832e1370e8c06e1c2*
`登陆天数: 16天 / 658天
等级: 130
石头: 4064
呼符: 325
体力: 30.63333333333334 / 138
友情点: 0 / 465775`
_2024-06-13 04:31:49_
--------
*ede9e19c5c91f9a9d288933a29da1be6*
`登陆天数: 16天 / 658天
等级: 130
石头: 4069
呼符: 184
体力: 30.599999999999994 / 138
友情点: 0 / 465825`
_2024-06-13 04:31:56_
--------
*a898f70e3b8cb5e0787308866d7350a7*
`登陆天数: 16天 / 657天
等级: 130
石头: 4054
呼符: 247
体力: 30.569999999999993 / 138
友情点: 0 / 465600`
_2024-06-13 04:32:04_
--------
*bed24bf6fb8d6969d47e7691e0a08460*
`登陆天数: 16天 / 657天
等级: 130
石头: 4055
呼符: 199
体力: 30.540000000000006 / 138
友情点: 0 / 466680`
_2024-06-13 04:32:12_
--------
*c8ef2e2482789641a546b7bd2de2c03e*
`登陆天数: 16天 / 657天
等级: 130
石头: 4058
呼符: 33
体力: 30.50666666666666 / 138
友情点: 0 / 466075`
_2024-06-13 04:32:19_
--------
*508d186501f54d31f4c2355307eb3e40*
`登陆天数: 16天 / 658天
等级: 130
石头: 4029
呼符: 79
体力: 30.47333333333333 / 138
友情点: 0 / 466165`
_2024-06-13 04:32:27_
--------
*0f35fa8073fb14a450569fb0548f8f37*
`登陆天数: 16天 / 657天
等级: 130
石头: 4062
呼符: 39
体力: 30.446666666666673 / 138
友情点: 0 / 466480`
_2024-06-13 04:32:35_
--------
*a1b5371fcbc5b19d8f1b219cf08ac3e8*
`登陆天数: 16天 / 657天
等级: 130
石头: 4061
呼符: 278
体力: 30.42 / 138
友情点: 0 / 467120`
_2024-06-13 04:32:43_
--------
*f1c51e3bbfc8df4109365e3bcca9437a*
`登陆天数: 16天 / 657天
等级: 130
石头: 4061
呼符: 323
体力: 30.38666666666667 / 138
友情点: 0 / 466290`
_2024-06-13 04:32:51_
--------
*1b1916be055662d9cc73bf9a51c96555*
`登陆天数: 16天 / 657天
等级: 130
石头: 4062
呼符: 331
体力: 30.35666666666667 / 138
友情点: 0 / 467180`
_2024-06-13 04:32:59_
--------
*98c34841415a2605a0b208d12350e0f2*
`登陆天数: 16天 / 657天
等级: 130
石头: 4053
呼符: 303
体力: 30.33 / 138
友情点: 0 / 467210`
_2024-06-13 04:33:06_
--------
*384a279d4839d05f94edc97538d66675*
`登陆天数: 16天 / 657天
等级: 130
石头: 4050
呼符: 298
体力: 30.299999999999997 / 138
友情点: 0 / 469145`
_2024-06-13 04:33:14_
--------
*a2ed224f66eca18e1e0b896d6dc9768b*
`登陆天数: 16天 / 657天
等级: 130
石头: 4049
呼符: 213
体力: 30.273333333333326 / 138
友情点: 0 / 465835`
_2024-06-13 04:33:22_
--------
*5484165b0c65a5d9cb611f705fa69e8e*
`登陆天数: 16天 / 657天
等级: 130
石头: 4064
呼符: 253
体力: 30.24333333333334 / 138
友情点: 0 / 466405`
_2024-06-13 04:33:30_
--------
*61d5f87230c15b3dc07183b844b216ec*
`登陆天数: 16天 / 657天
等级: 130
石头: 4064
呼符: 131
体力: 30.21666666666667 / 138
友情点: 0 / 467505`
_2024-06-13 04:33:38_
--------
*32b923fcd5d29a33caedbd31498dc6b9*
`登陆天数: 16天 / 657天
等级: 130
石头: 4055
呼符: 33
体力: 30.186666666666667 / 138
友情点: 0 / 466460`
_2024-06-13 04:33:46_
--------
*0650d9b7cb499e2ac0639cb76ba2ac3f*
`登陆天数: 16天 / 657天
等级: 130
石头: 4058
呼符: 248
体力: 30.156666666666666 / 138
友情点: 0 / 466155`
_2024-06-13 04:33:54_
--------
*7ceb7138a1e9f73535bed3b301a026d9*
`登陆天数: 16天 / 658天
等级: 130
石头: 4060
呼符: 202
体力: 30.126666666666665 / 138
友情点: 0 / 466745`
_2024-06-13 04:34:02_
--------
*c4a5d18a3271b2fee367f5c1c6990960*
`登陆天数: 16天 / 658天
等级: 130
石头: 4063
呼符: 309
体力: 30.096666666666664 / 138
友情点: 0 / 465455`
_2024-06-13 04:34:10_
--------
*4fde1928a56609b1f8f74e73b56ec229*
`登陆天数: 16天 / 658天
等级: 130
石头: 4037
呼符: 308
体力: 30.066666666666663 / 138
友情点: 0 / 469185`
_2024-06-13 04:34:17_
--------
*5e36431167c1b2888b3ad5c219dc49cb*
`登陆天数: 16天 / 658天
等级: 130
石头: 4064
呼符: 273
体力: 30.03666666666666 / 138
友情点: 0 / 466390`
_2024-06-13 04:34:25_
--------
*27cfc5b391e35eab71a9106bf8e8187f*
`登陆天数: 16天 / 658天
等级: 130
石头: 4060
呼符: 174
体力: 30.00666666666666 / 138
友情点: 0 / 465810`
_2024-06-13 04:34:33_
--------
*f54fb8ebde7542d0385ab4ba2b3d7b99*
`登陆天数: 16天 / 657天
等级: 130
石头: 4053
呼符: 328
体力: 29.97333333333333 / 138
友情点: 0 / 466440`
_2024-06-13 04:34:41_
--------
*1f7877dfd0d93658a805c1d91e42d98b*
`登陆天数: 16天 / 657天
等级: 130
石头: 4062
呼符: 325
体力: 29.943333333333328 / 138
友情点: 0 / 466130`
_2024-06-13 04:34:49_
--------
*3a6c0b601d00fe2edcdbdd172442f643*
`登陆天数: 16天 / 658天
等级: 130
石头: 4061
呼符: 314
体力: 29.91666666666667 / 138
友情点: 0 / 467285`
_2024-06-13 04:34:57_
--------
*a53b289344046ad5861576bc07814b17*
`登陆天数: 16天 / 657天
等级: 130
石头: 4064
呼符: 330
体力: 29.88666666666667 / 138
友情点: 0 / 465840`
_2024-06-13 04:35:04_
--------
*6c3f1a13b9e243748f313e99a0031b09*
`登陆天数: 16天 / 658天
等级: 130
石头: 4060
呼符: 154
体力: 29.85666666666667 / 138
友情点: 0 / 467640`
_2024-06-13 04:35:12_
--------
*15853b8fc8cd6601968c7eadaaeaa030*
`登陆天数: 16天 / 658天
等级: 130
石头: 4065
呼符: 328
体力: 29.823333333333338 / 138
友情点: 0 / 466165`
_2024-06-13 04:35:20_
--------
*25a11822f30a95e40b032a75d9917d5f*
`登陆天数: 16天 / 658天
等级: 130
石头: 4062
呼符: 99
体力: 29.793333333333337 / 138
友情点: 0 / 466640`
_2024-06-13 04:35:27_
--------
*76751f8d948f2c3d8009741e36fc322e*
`登陆天数: 16天 / 658天
等级: 130
石头: 4062
呼符: 320
体力: 29.763333333333335 / 138
友情点: 0 / 466990`
_2024-06-13 04:35:35_
--------
*19d1e85cfc352245950ae1b239747ec2*
`登陆天数: 16天 / 658天
等级: 130
石头: 4061
呼符: 252
体力: 29.736666666666665 / 138
友情点: 0 / 469520`
_2024-06-13 04:35:43_
--------
*bf16111f7258b4ce11d4354e094d4d4a*
`登陆天数: 16天 / 657天
等级: 130
石头: 4063
呼符: 234
体力: 29.709999999999994 / 138
友情点: 0 / 466615`
_2024-06-13 04:35:50_
--------
*a311c3a861278ef9ea42c83bbeb832bb*
`登陆天数: 16天 / 658天
等级: 130
石头: 4061
呼符: 159
体力: 29.676666666666662 / 138
友情点: 0 / 466480`
_2024-06-13 04:35:58_
--------
*7d890ec851a1084773ca79844e1d4c99*
`登陆天数: 16天 / 658天
等级: 130
石头: 4068
呼符: 321
体力: 29.650000000000006 / 138
友情点: 0 / 467320`
_2024-06-13 04:36:06_
--------
*eb1c04a8e45b76f0563d8da3f9a00ab6*
`登陆天数: 16天 / 658天
等级: 130
石头: 4057
呼符: 282
体力: 29.623333333333335 / 138
友情点: 0 / 466950`
_2024-06-13 04:36:14_
--------
*a02a95ce28fc51ef81382c3ff7bc0b83*
`登陆天数: 16天 / 658天
等级: 130
石头: 4017
呼符: 307
体力: 29.596666666666664 / 138
友情点: 0 / 468325`
_2024-06-13 04:36:21_
--------
*8aaef9de6925428b82dbdbf6f0eaf46c*
`登陆天数: 16天 / 658天
等级: 130
石头: 4058
呼符: 265
体力: 29.563333333333333 / 138
友情点: 0 / 466540`
_2024-06-13 04:36:29_
--------
*9b20862a2bb58650ccfcdc5c6639fe8e*
`登陆天数: 16天 / 658天
等级: 130
石头: 4059
呼符: 314
体力: 29.53333333333333 / 138
友情点: 0 / 467045`
_2024-06-13 04:36:37_
--------
*6355c6562beb5dcd949cb5512520bc0f*
`登陆天数: 16天 / 658天
等级: 130
石头: 4057
呼符: 184
体力: 29.50666666666666 / 138
友情点: 0 / 466370`
_2024-06-13 04:36:44_
--------
*aee6e480f825560c718d219de7664efd*
`登陆天数: 16天 / 658天
等级: 130
石头: 4017
呼符: 219
体力: 29.480000000000004 / 138
友情点: 0 / 467505`
_2024-06-13 04:36:53_
--------
*b723021e28b171d6feaa382af59227e0*
`登陆天数: 16天 / 658天
等级: 130
石头: 4062
呼符: 324
体力: 29.450000000000003 / 138
友情点: 0 / 466215`
_2024-06-13 04:37:00_
--------
*00f71cd834d23ab2624e887ba3be215f*
`登陆天数: 16天 / 658天
等级: 130
石头: 4052
呼符: 105
体力: 29.42 / 138
友情点: 0 / 466675`
_2024-06-13 04:37:08_
--------
*115cfa26f84b7e99c9e1f249b84c9092*
`登陆天数: 16天 / 658天
等级: 130
石头: 4063
呼符: 260
体力: 29.39 / 138
友情点: 0 / 468160`
_2024-06-13 04:37:16_
--------
*0b3f2d4efa91341118256fbda08e4111*
`登陆天数: 16天 / 658天
等级: 130
石头: 4037
呼符: 171
体力: 29.36333333333333 / 138
友情点: 0 / 466295`
_2024-06-13 04:37:23_
--------
*07f240b9dc8cd361a0733c2e8b09d098*
`登陆天数: 16天 / 658天
等级: 130
石头: 4040
呼符: 293
体力: 29.33333333333333 / 138
友情点: 0 / 468185`
_2024-06-13 04:37:31_
--------
*804f8e4fdd7df6a6fecd9ed068512deb*
`登陆天数: 16天 / 658天
等级: 130
石头: 4064
呼符: 201
体力: 29.303333333333327 / 138
友情点: 0 / 467090`
_2024-06-13 04:37:39_
--------
*65188588d1c1590af683bcd6b21f5e7c*
`登陆天数: 16天 / 658天
等级: 130
石头: 4056
呼符: 322
体力: 29.273333333333326 / 138
友情点: 0 / 465345`
_2024-06-13 04:37:47_
--------
*aa8d11f9b24664a2c35f6e0dbcda2205*
`登陆天数: 16天 / 658天
等级: 130
石头: 4072
呼符: 114
体力: 29.24666666666667 / 138
友情点: 0 / 466255`
_2024-06-13 04:37:55_
--------
*eb8eaf3abcc73d989299640064160ab1*
`登陆天数: 16天 / 658天
等级: 130
石头: 4063
呼符: 214
体力: 29.22 / 138
友情点: 0 / 466315`
_2024-06-13 04:38:03_
--------
