【登录信息】
*a8abf88d0e28dbdf3d4c57e5ec1a39eb*
`登陆天数: 22天 / 660天
等级: 130
石头: 3999
呼符: 219
体力: 18196.43 / 138
友情点: 0 / 466865`
_2024-06-14 04:30:53_
--------
*6aa67e267e7f505832e1370e8c06e1c2*
`登陆天数: 17天 / 659天
等级: 130
石头: 4064
呼符: 325
体力: 30.42 / 138
友情点: 0 / 459775`
_2024-06-14 04:31:01_
--------
*ede9e19c5c91f9a9d288933a29da1be6*
`登陆天数: 17天 / 659天
等级: 130
石头: 4069
呼符: 184
体力: 30.38666666666667 / 138
友情点: 0 / 459825`
_2024-06-14 04:31:09_
--------
*a898f70e3b8cb5e0787308866d7350a7*
`登陆天数: 17天 / 658天
等级: 130
石头: 4054
呼符: 247
体力: 30.36 / 138
友情点: 0 / 459600`
_2024-06-14 04:31:16_
--------
*bed24bf6fb8d6969d47e7691e0a08460*
`登陆天数: 17天 / 658天
等级: 130
石头: 4055
呼符: 199
体力: 30.326666666666668 / 138
友情点: 0 / 460680`
_2024-06-14 04:31:24_
--------
*c8ef2e2482789641a546b7bd2de2c03e*
`登陆天数: 17天 / 658天
等级: 130
石头: 4058
呼符: 33
体力: 30.293333333333337 / 138
友情点: 0 / 460075`
_2024-06-14 04:31:32_
--------
*508d186501f54d31f4c2355307eb3e40*
`登陆天数: 17天 / 659天
等级: 130
石头: 4029
呼符: 79
体力: 30.260000000000005 / 138
友情点: 0 / 460165`
_2024-06-14 04:31:39_
--------
*0f35fa8073fb14a450569fb0548f8f37*
`登陆天数: 17天 / 658天
等级: 130
石头: 4062
呼符: 39
体力: 30.226666666666674 / 138
友情点: 0 / 460480`
_2024-06-14 04:31:47_
--------
*a1b5371fcbc5b19d8f1b219cf08ac3e8*
`登陆天数: 17天 / 658天
等级: 130
石头: 4061
呼符: 278
体力: 30.189999999999998 / 138
友情点: 0 / 461120`
_2024-06-14 04:31:55_
--------
*f1c51e3bbfc8df4109365e3bcca9437a*
`登陆天数: 17天 / 658天
等级: 130
石头: 4061
呼符: 323
体力: 30.159999999999997 / 138
友情点: 0 / 460290`
_2024-06-14 04:32:03_
--------
*1b1916be055662d9cc73bf9a51c96555*
`登陆天数: 17天 / 658天
等级: 130
石头: 4062
呼符: 331
体力: 30.126666666666665 / 138
友情点: 0 / 461180`
_2024-06-14 04:32:10_
--------
*98c34841415a2605a0b208d12350e0f2*
`登陆天数: 17天 / 658天
等级: 130
石头: 4053
呼符: 303
体力: 30.096666666666664 / 138
友情点: 0 / 461210`
_2024-06-14 04:32:18_
--------
*384a279d4839d05f94edc97538d66675*
`登陆天数: 17天 / 658天
等级: 130
石头: 4050
呼符: 298
体力: 30.066666666666663 / 138
友情点: 0 / 463145`
_2024-06-14 04:32:26_
--------
*a2ed224f66eca18e1e0b896d6dc9768b*
`登陆天数: 17天 / 658天
等级: 130
石头: 4049
呼符: 213
体力: 30.03666666666666 / 138
友情点: 0 / 459835`
_2024-06-14 04:32:33_
--------
*5484165b0c65a5d9cb611f705fa69e8e*
`登陆天数: 17天 / 658天
等级: 130
石头: 4064
呼符: 253
体力: 30.00333333333333 / 138
友情点: 0 / 460405`
_2024-06-14 04:32:41_
--------
*61d5f87230c15b3dc07183b844b216ec*
`登陆天数: 17天 / 658天
等级: 130
石头: 4064
呼符: 131
体力: 29.976666666666674 / 138
友情点: 0 / 461505`
_2024-06-14 04:32:49_
--------
*32b923fcd5d29a33caedbd31498dc6b9*
`登陆天数: 17天 / 658天
等级: 130
石头: 4055
呼符: 33
体力: 29.946666666666673 / 138
友情点: 0 / 460460`
_2024-06-14 04:32:57_
--------
*0650d9b7cb499e2ac0639cb76ba2ac3f*
`登陆天数: 17天 / 658天
等级: 130
石头: 4058
呼符: 248
体力: 29.91666666666667 / 138
友情点: 0 / 460155`
_2024-06-14 04:33:04_
--------
*7ceb7138a1e9f73535bed3b301a026d9*
`登陆天数: 17天 / 659天
等级: 130
石头: 4060
呼符: 202
体力: 29.879999999999995 / 138
友情点: 0 / 460745`
_2024-06-14 04:33:12_
--------
*c4a5d18a3271b2fee367f5c1c6990960*
`登陆天数: 17天 / 659天
等级: 130
石头: 4063
呼符: 309
体力: 29.849999999999994 / 138
友情点: 0 / 459455`
_2024-06-14 04:33:20_
--------
*4fde1928a56609b1f8f74e73b56ec229*
`登陆天数: 17天 / 659天
等级: 130
石头: 4037
呼符: 308
体力: 29.816666666666663 / 138
友情点: 0 / 463185`
_2024-06-14 04:33:27_
--------
*5e36431167c1b2888b3ad5c219dc49cb*
`登陆天数: 17天 / 659天
等级: 130
石头: 4064
呼符: 273
体力: 29.78666666666666 / 138
友情点: 0 / 460390`
_2024-06-14 04:33:35_
--------
*27cfc5b391e35eab71a9106bf8e8187f*
`登陆天数: 17天 / 659天
等级: 130
石头: 4060
呼符: 174
体力: 29.75666666666666 / 138
友情点: 0 / 459810`
_2024-06-14 04:33:42_
--------
*f54fb8ebde7542d0385ab4ba2b3d7b99*
`登陆天数: 17天 / 658天
等级: 130
石头: 4053
呼符: 328
体力: 29.72333333333333 / 138
友情点: 0 / 460440`
_2024-06-14 04:33:50_
--------
*1f7877dfd0d93658a805c1d91e42d98b*
`登陆天数: 17天 / 658天
等级: 130
石头: 4062
呼符: 325
体力: 29.696666666666673 / 138
友情点: 0 / 460130`
_2024-06-14 04:33:58_
--------
*3a6c0b601d00fe2edcdbdd172442f643*
`登陆天数: 17天 / 659天
等级: 130
石头: 4061
呼符: 314
体力: 29.663333333333327 / 138
友情点: 0 / 461285`
_2024-06-14 04:34:05_
--------
*a53b289344046ad5861576bc07814b17*
`登陆天数: 17天 / 658天
等级: 130
石头: 4064
呼符: 330
体力: 29.63333333333334 / 138
友情点: 0 / 459840`
_2024-06-14 04:34:13_
--------
*6c3f1a13b9e243748f313e99a0031b09*
`登陆天数: 17天 / 659天
等级: 130
石头: 4060
呼符: 154
体力: 29.60333333333334 / 138
友情点: 0 / 461640`
_2024-06-14 04:34:20_
--------
*15853b8fc8cd6601968c7eadaaeaa030*
`登陆天数: 17天 / 659天
等级: 130
石头: 4065
呼符: 328
体力: 29.576666666666668 / 138
友情点: 0 / 460165`
_2024-06-14 04:34:28_
--------
*25a11822f30a95e40b032a75d9917d5f*
`登陆天数: 17天 / 659天
等级: 130
石头: 4062
呼符: 99
体力: 29.546666666666667 / 138
友情点: 0 / 460640`
_2024-06-14 04:34:35_
--------
*76751f8d948f2c3d8009741e36fc322e*
`登陆天数: 17天 / 659天
等级: 130
石头: 4062
呼符: 320
体力: 29.513333333333335 / 138
友情点: 0 / 460990`
_2024-06-14 04:34:43_
--------
*19d1e85cfc352245950ae1b239747ec2*
`登陆天数: 17天 / 659天
等级: 130
石头: 4061
呼符: 252
体力: 29.483333333333334 / 138
友情点: 0 / 463520`
_2024-06-14 04:34:50_
--------
*bf16111f7258b4ce11d4354e094d4d4a*
`登陆天数: 17天 / 658天
等级: 130
石头: 4063
呼符: 234
体力: 29.456666666666663 / 138
友情点: 0 / 460615`
_2024-06-14 04:34:58_
--------
*a311c3a861278ef9ea42c83bbeb832bb*
`登陆天数: 17天 / 659天
等级: 130
石头: 4061
呼符: 159
体力: 29.423333333333332 / 138
友情点: 0 / 460480`
_2024-06-14 04:35:06_
--------
*7d890ec851a1084773ca79844e1d4c99*
`登陆天数: 17天 / 659天
等级: 130
石头: 4068
呼符: 321
体力: 29.39333333333333 / 138
友情点: 0 / 461320`
_2024-06-14 04:35:13_
--------
*eb1c04a8e45b76f0563d8da3f9a00ab6*
`登陆天数: 17天 / 659天
等级: 130
石头: 4057
呼符: 282
体力: 29.36333333333333 / 138
友情点: 0 / 460950`
_2024-06-14 04:35:21_
--------
*a02a95ce28fc51ef81382c3ff7bc0b83*
`登陆天数: 17天 / 659天
等级: 130
石头: 4017
呼符: 307
体力: 29.33333333333333 / 138
友情点: 0 / 462325`
_2024-06-14 04:35:29_
--------
*8aaef9de6925428b82dbdbf6f0eaf46c*
`登陆天数: 17天 / 659天
等级: 130
石头: 4058
呼符: 265
体力: 29.303333333333327 / 138
友情点: 0 / 460540`
_2024-06-14 04:35:36_
--------
*9b20862a2bb58650ccfcdc5c6639fe8e*
`登陆天数: 17天 / 659天
等级: 130
石头: 4059
呼符: 314
体力: 29.269999999999996 / 138
友情点: 0 / 461045`
_2024-06-14 04:35:44_
--------
*6355c6562beb5dcd949cb5512520bc0f*
`登陆天数: 17天 / 659天
等级: 130
石头: 4057
呼符: 184
体力: 29.239999999999995 / 138
友情点: 0 / 460370`
_2024-06-14 04:35:51_
--------
*aee6e480f825560c718d219de7664efd*
`登陆天数: 17天 / 659天
等级: 130
石头: 4017
呼符: 219
体力: 29.21333333333334 / 138
友情点: 0 / 461505`
_2024-06-14 04:35:59_
--------
*b723021e28b171d6feaa382af59227e0*
`登陆天数: 17天 / 659天
等级: 130
石头: 4062
呼符: 324
体力: 29.180000000000007 / 138
友情点: 0 / 460215`
_2024-06-14 04:36:07_
--------
*00f71cd834d23ab2624e887ba3be215f*
`登陆天数: 17天 / 659天
等级: 130
石头: 4052
呼符: 105
体力: 29.153333333333336 / 138
友情点: 0 / 460675`
_2024-06-14 04:36:14_
--------
*115cfa26f84b7e99c9e1f249b84c9092*
`登陆天数: 17天 / 659天
等级: 130
石头: 4063
呼符: 260
体力: 29.120000000000005 / 138
友情点: 0 / 462160`
_2024-06-14 04:36:22_
--------
*0b3f2d4efa91341118256fbda08e4111*
`登陆天数: 17天 / 659天
等级: 130
石头: 4037
呼符: 171
体力: 29.090000000000003 / 138
友情点: 0 / 460295`
_2024-06-14 04:36:29_
--------
*07f240b9dc8cd361a0733c2e8b09d098*
`登陆天数: 17天 / 659天
等级: 130
石头: 4040
呼符: 293
体力: 29.056666666666672 / 138
友情点: 0 / 462185`
_2024-06-14 04:36:37_
--------
*804f8e4fdd7df6a6fecd9ed068512deb*
`登陆天数: 17天 / 659天
等级: 130
石头: 4064
呼符: 201
体力: 29.03 / 138
友情点: 0 / 461090`
_2024-06-14 04:36:45_
--------
*65188588d1c1590af683bcd6b21f5e7c*
`登陆天数: 17天 / 659天
等级: 130
石头: 4056
呼符: 322
体力: 29.0 / 138
友情点: 0 / 459345`
_2024-06-14 04:36:52_
--------
*aa8d11f9b24664a2c35f6e0dbcda2205*
`登陆天数: 17天 / 659天
等级: 130
石头: 4072
呼符: 114
体力: 28.97333333333333 / 138
友情点: 0 / 460255`
_2024-06-14 04:37:00_
--------
*eb8eaf3abcc73d989299640064160ab1*
`登陆天数: 17天 / 659天
等级: 130
石头: 4063
呼符: 214
体力: 28.939999999999998 / 138
友情点: 0 / 460315`
_2024-06-14 04:37:08_
--------
