【登录信息】
*a8abf88d0e28dbdf3d4c57e5ec1a39eb*
`登陆天数: 23天 / 661天
等级: 130
石头: 3999
呼符: 219
体力: 18485.093333333334 / 138
友情点: 0 / 466865`
_2024-06-15 04:34:12_
--------
*6aa67e267e7f505832e1370e8c06e1c2*
`登陆天数: 18天 / 660天
等级: 130
石头: 4065
呼符: 325
体力: 31.263333333333335 / 138
友情点: 0 / 453775`
_2024-06-15 04:34:20_
--------
*ede9e19c5c91f9a9d288933a29da1be6*
`登陆天数: 18天 / 660天
等级: 130
石头: 4070
呼符: 184
体力: 31.236666666666665 / 138
友情点: 0 / 453825`
_2024-06-15 04:34:28_
--------
*a898f70e3b8cb5e0787308866d7350a7*
`登陆天数: 18天 / 659天
等级: 130
石头: 4055
呼符: 247
体力: 31.209999999999994 / 138
友情点: 0 / 453600`
_2024-06-15 04:34:37_
--------
*bed24bf6fb8d6969d47e7691e0a08460*
`登陆天数: 18天 / 659天
等级: 130
石头: 4056
呼符: 199
体力: 31.183333333333337 / 138
友情点: 0 / 454680`
_2024-06-15 04:34:45_
--------
*c8ef2e2482789641a546b7bd2de2c03e*
`登陆天数: 18天 / 659天
等级: 130
石头: 4059
呼符: 33
体力: 31.159999999999997 / 138
友情点: 0 / 454075`
_2024-06-15 04:34:53_
--------
*508d186501f54d31f4c2355307eb3e40*
`登陆天数: 18天 / 660天
等级: 130
石头: 4030
呼符: 79
体力: 31.129999999999995 / 138
友情点: 0 / 454165`
_2024-06-15 04:35:01_
--------
*0f35fa8073fb14a450569fb0548f8f37*
`登陆天数: 18天 / 659天
等级: 130
石头: 4063
呼符: 39
体力: 31.10666666666667 / 138
友情点: 0 / 454480`
_2024-06-15 04:35:09_
--------
*a1b5371fcbc5b19d8f1b219cf08ac3e8*
`登陆天数: 18天 / 659天
等级: 130
石头: 4062
呼符: 278
体力: 31.08 / 138
友情点: 0 / 455120`
_2024-06-15 04:35:17_
--------
*f1c51e3bbfc8df4109365e3bcca9437a*
`登陆天数: 18天 / 659天
等级: 130
石头: 4062
呼符: 323
体力: 31.053333333333327 / 138
友情点: 0 / 454290`
_2024-06-15 04:35:25_
--------
*1b1916be055662d9cc73bf9a51c96555*
`登陆天数: 18天 / 659天
等级: 130
石头: 4063
呼符: 331
体力: 31.02666666666667 / 138
友情点: 0 / 455180`
_2024-06-15 04:35:33_
--------
*98c34841415a2605a0b208d12350e0f2*
`登陆天数: 18天 / 659天
等级: 130
石头: 4054
呼符: 303
体力: 31.00333333333333 / 138
友情点: 0 / 455210`
_2024-06-15 04:35:41_
--------
*384a279d4839d05f94edc97538d66675*
`登陆天数: 18天 / 659天
等级: 130
石头: 4051
呼符: 298
体力: 30.97333333333333 / 138
友情点: 0 / 457145`
_2024-06-15 04:35:49_
--------
*a2ed224f66eca18e1e0b896d6dc9768b*
`登陆天数: 18天 / 659天
等级: 130
石头: 4050
呼符: 213
体力: 30.946666666666673 / 138
友情点: 0 / 453835`
_2024-06-15 04:35:57_
--------
*5484165b0c65a5d9cb611f705fa69e8e*
`登陆天数: 18天 / 659天
等级: 130
石头: 4065
呼符: 253
体力: 30.92 / 138
友情点: 0 / 454405`
_2024-06-15 04:36:05_
--------
*61d5f87230c15b3dc07183b844b216ec*
`登陆天数: 18天 / 659天
等级: 130
石头: 4065
呼符: 131
体力: 30.89333333333333 / 138
友情点: 0 / 455505`
_2024-06-15 04:36:14_
--------
*32b923fcd5d29a33caedbd31498dc6b9*
`登陆天数: 18天 / 659天
等级: 130
石头: 4056
呼符: 33
体力: 30.870000000000005 / 138
友情点: 0 / 454460`
_2024-06-15 04:36:22_
--------
*0650d9b7cb499e2ac0639cb76ba2ac3f*
`登陆天数: 18天 / 659天
等级: 130
石头: 4059
呼符: 248
体力: 30.843333333333334 / 138
友情点: 0 / 454155`
_2024-06-15 04:36:30_
--------
*7ceb7138a1e9f73535bed3b301a026d9*
`登陆天数: 18天 / 660天
等级: 130
石头: 4061
呼符: 202
体力: 30.813333333333333 / 138
友情点: 0 / 454745`
_2024-06-15 04:36:38_
--------
*c4a5d18a3271b2fee367f5c1c6990960*
`登陆天数: 18天 / 660天
等级: 130
石头: 4064
呼符: 309
体力: 30.790000000000006 / 138
友情点: 0 / 453455`
_2024-06-15 04:36:46_
--------
*4fde1928a56609b1f8f74e73b56ec229*
`登陆天数: 18天 / 660天
等级: 130
石头: 4038
呼符: 308
体力: 30.66666666666667 / 138
友情点: 0 / 457185`
_2024-06-15 04:36:54_
--------
*5e36431167c1b2888b3ad5c219dc49cb*
`登陆天数: 18天 / 660天
等级: 130
石头: 4065
呼符: 273
体力: 30.64 / 138
友情点: 0 / 454390`
_2024-06-15 04:37:02_
--------
*27cfc5b391e35eab71a9106bf8e8187f*
`登陆天数: 18天 / 660天
等级: 130
石头: 4061
呼符: 174
体力: 30.61 / 138
友情点: 0 / 453810`
_2024-06-15 04:37:10_
--------
*f54fb8ebde7542d0385ab4ba2b3d7b99*
`登陆天数: 18天 / 659天
等级: 130
石头: 4054
呼符: 328
体力: 30.586666666666673 / 138
友情点: 0 / 454440`
_2024-06-15 04:37:18_
--------
*1f7877dfd0d93658a805c1d91e42d98b*
`登陆天数: 18天 / 659天
等级: 130
石头: 4063
呼符: 325
体力: 30.556666666666672 / 138
友情点: 0 / 454130`
_2024-06-15 04:37:26_
--------
*3a6c0b601d00fe2edcdbdd172442f643*
`登陆天数: 18天 / 660天
等级: 130
石头: 4062
呼符: 314
体力: 30.53333333333333 / 138
友情点: 0 / 455285`
_2024-06-15 04:37:34_
--------
*a53b289344046ad5861576bc07814b17*
`登陆天数: 18天 / 659天
等级: 130
石头: 4065
呼符: 330
体力: 30.50666666666666 / 138
友情点: 0 / 453840`
_2024-06-15 04:37:42_
--------
*6c3f1a13b9e243748f313e99a0031b09*
`登陆天数: 18天 / 660天
等级: 130
石头: 4061
呼符: 154
体力: 30.480000000000004 / 138
友情点: 0 / 455640`
_2024-06-15 04:37:49_
--------
*15853b8fc8cd6601968c7eadaaeaa030*
`登陆天数: 18天 / 660天
等级: 130
石头: 4066
呼符: 328
体力: 30.456666666666663 / 138
友情点: 0 / 454165`
_2024-06-15 04:37:57_
--------
*25a11822f30a95e40b032a75d9917d5f*
`登陆天数: 18天 / 660天
等级: 130
石头: 4063
呼符: 99
体力: 30.426666666666662 / 138
友情点: 0 / 454640`
_2024-06-15 04:38:05_
--------
*76751f8d948f2c3d8009741e36fc322e*
`登陆天数: 18天 / 660天
等级: 130
石头: 4063
呼符: 320
体力: 30.403333333333336 / 138
友情点: 0 / 454990`
_2024-06-15 04:38:13_
--------
*19d1e85cfc352245950ae1b239747ec2*
`登陆天数: 18天 / 660天
等级: 130
石头: 4062
呼符: 252
体力: 30.376666666666665 / 138
友情点: 0 / 457520`
_2024-06-15 04:38:21_
--------
*bf16111f7258b4ce11d4354e094d4d4a*
`登陆天数: 18天 / 659天
等级: 130
石头: 4064
呼符: 234
体力: 30.349999999999994 / 138
友情点: 0 / 454615`
_2024-06-15 04:38:29_
--------
*a311c3a861278ef9ea42c83bbeb832bb*
`登陆天数: 18天 / 660天
等级: 130
石头: 4062
呼符: 159
体力: 30.323333333333338 / 138
友情点: 0 / 454480`
_2024-06-15 04:38:38_
--------
*7d890ec851a1084773ca79844e1d4c99*
`登陆天数: 18天 / 660天
等级: 130
石头: 4069
呼符: 321
体力: 30.296666666666667 / 138
友情点: 0 / 455320`
_2024-06-15 04:38:46_
--------
*eb1c04a8e45b76f0563d8da3f9a00ab6*
`登陆天数: 18天 / 660天
等级: 130
石头: 4058
呼符: 282
体力: 30.273333333333326 / 138
友情点: 0 / 454950`
_2024-06-15 04:38:54_
--------
*a02a95ce28fc51ef81382c3ff7bc0b83*
`登陆天数: 18天 / 660天
等级: 130
石头: 4018
呼符: 307
体力: 30.24666666666667 / 138
友情点: 0 / 456325`
_2024-06-15 04:39:02_
--------
*8aaef9de6925428b82dbdbf6f0eaf46c*
`登陆天数: 18天 / 660天
等级: 130
石头: 4059
呼符: 265
体力: 30.22 / 138
友情点: 0 / 454540`
_2024-06-15 04:39:10_
--------
*9b20862a2bb58650ccfcdc5c6639fe8e*
`登陆天数: 18天 / 660天
等级: 130
石头: 4060
呼符: 314
体力: 30.193333333333328 / 138
友情点: 0 / 455045`
_2024-06-15 04:39:17_
--------
*6355c6562beb5dcd949cb5512520bc0f*
`登陆天数: 18天 / 660天
等级: 130
石头: 4058
呼符: 184
体力: 30.16666666666667 / 138
友情点: 0 / 454370`
_2024-06-15 04:39:26_
--------
*aee6e480f825560c718d219de7664efd*
`登陆天数: 18天 / 660天
等级: 130
石头: 4018
呼符: 219
体力: 30.14 / 138
友情点: 0 / 455505`
_2024-06-15 04:39:34_
--------
*b723021e28b171d6feaa382af59227e0*
`登陆天数: 18天 / 660天
等级: 130
石头: 4063
呼符: 324
体力: 30.11 / 138
友情点: 0 / 454215`
_2024-06-15 04:39:42_
--------
*00f71cd834d23ab2624e887ba3be215f*
`登陆天数: 18天 / 660天
等级: 130
石头: 4053
呼符: 105
体力: 30.08333333333333 / 138
友情点: 0 / 454675`
_2024-06-15 04:39:49_
--------
*115cfa26f84b7e99c9e1f249b84c9092*
`登陆天数: 18天 / 660天
等级: 130
石头: 4064
呼符: 260
体力: 30.056666666666672 / 138
友情点: 0 / 456160`
_2024-06-15 04:39:57_
--------
*0b3f2d4efa91341118256fbda08e4111*
`登陆天数: 18天 / 660天
等级: 130
石头: 4038
呼符: 171
体力: 30.03333333333333 / 138
友情点: 0 / 454295`
_2024-06-15 04:40:05_
--------
*07f240b9dc8cd361a0733c2e8b09d098*
`登陆天数: 18天 / 660天
等级: 130
石头: 4041
呼符: 293
体力: 30.00333333333333 / 138
友情点: 0 / 456185`
_2024-06-15 04:40:13_
--------
*804f8e4fdd7df6a6fecd9ed068512deb*
`登陆天数: 18天 / 660天
等级: 130
石头: 4065
呼符: 201
体力: 29.976666666666674 / 138
友情点: 0 / 455090`
_2024-06-15 04:40:21_
--------
*65188588d1c1590af683bcd6b21f5e7c*
`登陆天数: 18天 / 660天
等级: 130
石头: 4057
呼符: 322
体力: 29.953333333333333 / 138
友情点: 0 / 453345`
_2024-06-15 04:40:29_
--------
*aa8d11f9b24664a2c35f6e0dbcda2205*
`登陆天数: 18天 / 660天
等级: 130
石头: 4073
呼符: 114
体力: 29.926666666666662 / 138
友情点: 0 / 454255`
_2024-06-15 04:40:37_
--------
*eb8eaf3abcc73d989299640064160ab1*
`登陆天数: 18天 / 660天
等级: 130
石头: 4064
呼符: 214
体力: 29.89666666666666 / 138
友情点: 0 / 454315`
_2024-06-15 04:40:45_
--------
