【登录信息】
*a8abf88d0e28dbdf3d4c57e5ec1a39eb*
`登陆天数: 24天 / 662天
等级: 130
石头: 3999
呼符: 219
体力: 18772.156666666666 / 138
友情点: 0 / 466865`
_2024-06-16 04:29:31_
--------
*6aa67e267e7f505832e1370e8c06e1c2*
`登陆天数: 19天 / 661天
等级: 130
石头: 4065
呼符: 325
体力: 30.176666666666662 / 138
友情点: 0 / 447775`
_2024-06-16 04:29:39_
--------
*ede9e19c5c91f9a9d288933a29da1be6*
`登陆天数: 19天 / 661天
等级: 130
石头: 4070
呼符: 184
体力: 30.14666666666666 / 138
友情点: 0 / 447825`
_2024-06-16 04:29:47_
--------
*a898f70e3b8cb5e0787308866d7350a7*
`登陆天数: 19天 / 660天
等级: 130
石头: 4055
呼符: 247
体力: 30.11333333333333 / 138
友情点: 0 / 447600`
_2024-06-16 04:29:54_
--------
*bed24bf6fb8d6969d47e7691e0a08460*
`登陆天数: 19天 / 660天
等级: 130
石头: 4056
呼符: 199
体力: 30.086666666666673 / 138
友情点: 0 / 448680`
_2024-06-16 04:30:02_
--------
*c8ef2e2482789641a546b7bd2de2c03e*
`登陆天数: 19天 / 660天
等级: 130
石头: 4059
呼符: 33
体力: 30.053333333333327 / 138
友情点: 0 / 448075`
_2024-06-16 04:30:09_
--------
*508d186501f54d31f4c2355307eb3e40*
`登陆天数: 19天 / 661天
等级: 130
石头: 4030
呼符: 79
体力: 30.019999999999996 / 138
友情点: 0 / 448165`
_2024-06-16 04:30:17_
--------
*0f35fa8073fb14a450569fb0548f8f37*
`登陆天数: 19天 / 660天
等级: 130
石头: 4063
呼符: 39
体力: 29.989999999999995 / 138
友情点: 0 / 448480`
_2024-06-16 04:30:24_
--------
*a1b5371fcbc5b19d8f1b219cf08ac3e8*
`登陆天数: 19天 / 660天
等级: 130
石头: 4062
呼符: 278
体力: 29.956666666666663 / 138
友情点: 0 / 449120`
_2024-06-16 04:30:32_
--------
*f1c51e3bbfc8df4109365e3bcca9437a*
`登陆天数: 19天 / 660天
等级: 130
石头: 4062
呼符: 323
体力: 29.923333333333332 / 138
友情点: 0 / 448290`
_2024-06-16 04:30:40_
--------
*1b1916be055662d9cc73bf9a51c96555*
`登陆天数: 19天 / 660天
等级: 130
石头: 4063
呼符: 331
体力: 29.89 / 138
友情点: 0 / 449180`
_2024-06-16 04:30:47_
--------
*98c34841415a2605a0b208d12350e0f2*
`登陆天数: 19天 / 660天
等级: 130
石头: 4054
呼符: 303
体力: 29.86 / 138
友情点: 0 / 449210`
_2024-06-16 04:30:55_
--------
*384a279d4839d05f94edc97538d66675*
`登陆天数: 19天 / 660天
等级: 130
石头: 4051
呼符: 298
体力: 29.826666666666668 / 138
友情点: 0 / 451145`
_2024-06-16 04:31:02_
--------
*a2ed224f66eca18e1e0b896d6dc9768b*
`登陆天数: 19天 / 660天
等级: 130
石头: 4050
呼符: 213
体力: 29.799999999999997 / 138
友情点: 0 / 447835`
_2024-06-16 04:31:10_
--------
*5484165b0c65a5d9cb611f705fa69e8e*
`登陆天数: 19天 / 660天
等级: 130
石头: 4065
呼符: 253
体力: 29.769999999999996 / 138
友情点: 0 / 448405`
_2024-06-16 04:31:17_
--------
*61d5f87230c15b3dc07183b844b216ec*
`登陆天数: 19天 / 660天
等级: 130
石头: 4065
呼符: 131
体力: 29.739999999999995 / 138
友情点: 0 / 449505`
_2024-06-16 04:31:25_
--------
*32b923fcd5d29a33caedbd31498dc6b9*
`登陆天数: 19天 / 660天
等级: 130
石头: 4056
呼符: 33
体力: 29.709999999999994 / 138
友情点: 0 / 448460`
_2024-06-16 04:31:33_
--------
*0650d9b7cb499e2ac0639cb76ba2ac3f*
`登陆天数: 19天 / 660天
等级: 130
石头: 4059
呼符: 248
体力: 29.680000000000007 / 138
友情点: 0 / 448155`
_2024-06-16 04:31:41_
--------
*7ceb7138a1e9f73535bed3b301a026d9*
`登陆天数: 19天 / 661天
等级: 130
石头: 4061
呼符: 202
体力: 29.653333333333336 / 138
友情点: 0 / 448745`
_2024-06-16 04:31:48_
--------
*c4a5d18a3271b2fee367f5c1c6990960*
`登陆天数: 19天 / 661天
等级: 130
石头: 4064
呼符: 309
体力: 29.620000000000005 / 138
友情点: 0 / 447455`
_2024-06-16 04:31:56_
--------
*4fde1928a56609b1f8f74e73b56ec229*
`登陆天数: 19天 / 661天
等级: 130
石头: 4038
呼符: 308
体力: 29.590000000000003 / 138
友情点: 0 / 451185`
_2024-06-16 04:32:04_
--------
*5e36431167c1b2888b3ad5c219dc49cb*
`登陆天数: 19天 / 661天
等级: 130
石头: 4065
呼符: 273
体力: 29.560000000000002 / 138
友情点: 0 / 448390`
_2024-06-16 04:32:11_
--------
*27cfc5b391e35eab71a9106bf8e8187f*
`登陆天数: 19天 / 661天
等级: 130
石头: 4061
呼符: 174
体力: 29.52666666666667 / 138
友情点: 0 / 447810`
_2024-06-16 04:32:19_
--------
*f54fb8ebde7542d0385ab4ba2b3d7b99*
`登陆天数: 19天 / 660天
等级: 130
石头: 4054
呼符: 328
体力: 29.49333333333334 / 138
友情点: 0 / 448440`
_2024-06-16 04:32:26_
--------
*1f7877dfd0d93658a805c1d91e42d98b*
`登陆天数: 19天 / 660天
等级: 130
石头: 4063
呼符: 325
体力: 29.47 / 138
友情点: 0 / 448130`
_2024-06-16 04:32:34_
--------
*3a6c0b601d00fe2edcdbdd172442f643*
`登陆天数: 19天 / 661天
等级: 130
石头: 4062
呼符: 314
体力: 29.433333333333337 / 138
友情点: 0 / 449285`
_2024-06-16 04:32:42_
--------
*a53b289344046ad5861576bc07814b17*
`登陆天数: 19天 / 660天
等级: 130
石头: 4065
呼符: 330
体力: 29.400000000000006 / 138
友情点: 0 / 447840`
_2024-06-16 04:32:49_
--------
*6c3f1a13b9e243748f313e99a0031b09*
`登陆天数: 19天 / 661天
等级: 130
石头: 4061
呼符: 154
体力: 29.370000000000005 / 138
友情点: 0 / 449640`
_2024-06-16 04:32:57_
--------
*15853b8fc8cd6601968c7eadaaeaa030*
`登陆天数: 19天 / 661天
等级: 130
石头: 4066
呼符: 328
体力: 29.343333333333334 / 138
友情点: 0 / 448165`
_2024-06-16 04:33:04_
--------
*25a11822f30a95e40b032a75d9917d5f*
`登陆天数: 19天 / 661天
等级: 130
石头: 4063
呼符: 99
体力: 29.310000000000002 / 138
友情点: 0 / 448640`
_2024-06-16 04:33:12_
--------
*76751f8d948f2c3d8009741e36fc322e*
`登陆天数: 19天 / 661天
等级: 130
石头: 4063
呼符: 320
体力: 29.28 / 138
友情点: 0 / 448990`
_2024-06-16 04:33:20_
--------
*19d1e85cfc352245950ae1b239747ec2*
`登陆天数: 19天 / 661天
等级: 130
石头: 4062
呼符: 252
体力: 29.25 / 138
友情点: 0 / 451520`
_2024-06-16 04:33:27_
--------
*bf16111f7258b4ce11d4354e094d4d4a*
`登陆天数: 19天 / 660天
等级: 130
石头: 4064
呼符: 234
体力: 29.22 / 138
友情点: 0 / 448615`
_2024-06-16 04:33:35_
--------
*a311c3a861278ef9ea42c83bbeb832bb*
`登陆天数: 19天 / 661天
等级: 130
石头: 4062
呼符: 159
体力: 29.189999999999998 / 138
友情点: 0 / 448480`
_2024-06-16 04:33:42_
--------
*7d890ec851a1084773ca79844e1d4c99*
`登陆天数: 19天 / 661天
等级: 130
石头: 4069
呼符: 321
体力: 29.156666666666666 / 138
友情点: 0 / 449320`
_2024-06-16 04:33:50_
--------
*eb1c04a8e45b76f0563d8da3f9a00ab6*
`登陆天数: 19天 / 661天
等级: 130
石头: 4058
呼符: 282
体力: 29.129999999999995 / 138
友情点: 0 / 448950`
_2024-06-16 04:33:58_
--------
*a02a95ce28fc51ef81382c3ff7bc0b83*
`登陆天数: 19天 / 661天
等级: 130
石头: 4018
呼符: 307
体力: 29.099999999999994 / 138
友情点: 0 / 450325`
_2024-06-16 04:34:05_
--------
*8aaef9de6925428b82dbdbf6f0eaf46c*
`登陆天数: 19天 / 661天
等级: 130
石头: 4059
呼符: 265
体力: 29.069999999999993 / 138
友情点: 0 / 448540`
_2024-06-16 04:34:13_
--------
*9b20862a2bb58650ccfcdc5c6639fe8e*
`登陆天数: 19天 / 661天
等级: 130
石头: 4060
呼符: 314
体力: 29.03666666666666 / 138
友情点: 0 / 449045`
_2024-06-16 04:34:20_
--------
*6355c6562beb5dcd949cb5512520bc0f*
`登陆天数: 19天 / 661天
等级: 130
石头: 4058
呼符: 184
体力: 29.00666666666666 / 138
友情点: 0 / 448370`
_2024-06-16 04:34:28_
--------
*aee6e480f825560c718d219de7664efd*
`登陆天数: 19天 / 661天
等级: 130
石头: 4018
呼符: 219
体力: 28.976666666666674 / 138
友情点: 0 / 449505`
_2024-06-16 04:34:35_
--------
*b723021e28b171d6feaa382af59227e0*
`登陆天数: 19天 / 661天
等级: 130
石头: 4063
呼符: 324
体力: 28.946666666666673 / 138
友情点: 0 / 448215`
_2024-06-16 04:34:43_
--------
*00f71cd834d23ab2624e887ba3be215f*
`登陆天数: 19天 / 661天
等级: 130
石头: 4053
呼符: 105
体力: 28.91666666666667 / 138
友情点: 0 / 448675`
_2024-06-16 04:34:50_
--------
*115cfa26f84b7e99c9e1f249b84c9092*
`登陆天数: 19天 / 661天
等级: 130
石头: 4064
呼符: 260
体力: 28.88333333333334 / 138
友情点: 0 / 450160`
_2024-06-16 04:34:58_
--------
*0b3f2d4efa91341118256fbda08e4111*
`登陆天数: 19天 / 661天
等级: 130
石头: 4038
呼符: 171
体力: 28.85333333333334 / 138
友情点: 0 / 448295`
_2024-06-16 04:35:05_
--------
*07f240b9dc8cd361a0733c2e8b09d098*
`登陆天数: 19天 / 661天
等级: 130
石头: 4041
呼符: 293
体力: 28.823333333333338 / 138
友情点: 0 / 450185`
_2024-06-16 04:35:13_
--------
*804f8e4fdd7df6a6fecd9ed068512deb*
`登陆天数: 19天 / 661天
等级: 130
石头: 4065
呼符: 201
体力: 28.793333333333337 / 138
友情点: 0 / 449090`
_2024-06-16 04:35:21_
--------
*65188588d1c1590af683bcd6b21f5e7c*
`登陆天数: 19天 / 661天
等级: 130
石头: 4057
呼符: 322
体力: 28.766666666666666 / 138
友情点: 0 / 447345`
_2024-06-16 04:35:28_
--------
*aa8d11f9b24664a2c35f6e0dbcda2205*
`登陆天数: 19天 / 661天
等级: 130
石头: 4073
呼符: 114
体力: 28.739999999999995 / 138
友情点: 0 / 448255`
_2024-06-16 04:35:36_
--------
*eb8eaf3abcc73d989299640064160ab1*
`登陆天数: 19天 / 661天
等级: 130
石头: 4064
呼符: 214
体力: 28.706666666666663 / 138
友情点: 0 / 448315`
_2024-06-16 04:35:44_
--------
