【登录信息】
*a8abf88d0e28dbdf3d4c57e5ec1a39eb*
`登陆天数: 25天 / 663天
等级: 130
石头: 3999
呼符: 219
体力: 19060.91 / 138
友情点: 0 / 466865`
_2024-06-17 04:33:17_
--------
*6aa67e267e7f505832e1370e8c06e1c2*
`登陆天数: 20天 / 662天
等级: 130
石头: 4067
呼符: 325
体力: 36.523333333333326 / 138
友情点: 0 / 441775`
_2024-06-17 04:33:25_
--------
*ede9e19c5c91f9a9d288933a29da1be6*
`登陆天数: 20天 / 662天
等级: 130
石头: 4072
呼符: 184
体力: 36.49333333333334 / 138
友情点: 0 / 441825`
_2024-06-17 04:33:34_
--------
*a898f70e3b8cb5e0787308866d7350a7*
`登陆天数: 20天 / 661天
等级: 130
石头: 4057
呼符: 247
体力: 36.46666666666667 / 138
友情点: 0 / 441600`
_2024-06-17 04:33:42_
--------
*bed24bf6fb8d6969d47e7691e0a08460*
`登陆天数: 20天 / 661天
等级: 130
石头: 4058
呼符: 199
体力: 36.44 / 138
友情点: 0 / 442680`
_2024-06-17 04:33:50_
--------
*c8ef2e2482789641a546b7bd2de2c03e*
`登陆天数: 20天 / 661天
等级: 130
石头: 4061
呼符: 33
体力: 36.41333333333333 / 138
友情点: 0 / 442075`
_2024-06-17 04:33:58_
--------
*508d186501f54d31f4c2355307eb3e40*
`登陆天数: 20天 / 662天
等级: 130
石头: 4032
呼符: 79
体力: 36.38666666666667 / 138
友情点: 0 / 442165`
_2024-06-17 04:34:06_
--------
*0f35fa8073fb14a450569fb0548f8f37*
`登陆天数: 20天 / 661天
等级: 130
石头: 4065
呼符: 39
体力: 36.36 / 138
友情点: 0 / 442480`
_2024-06-17 04:34:14_
--------
*a1b5371fcbc5b19d8f1b219cf08ac3e8*
`登陆天数: 20天 / 661天
等级: 130
石头: 4064
呼符: 278
体力: 36.33333333333333 / 138
友情点: 0 / 443120`
_2024-06-17 04:34:22_
--------
*f1c51e3bbfc8df4109365e3bcca9437a*
`登陆天数: 20天 / 661天
等级: 130
石头: 4064
呼符: 323
体力: 36.30666666666667 / 138
友情点: 0 / 442290`
_2024-06-17 04:34:30_
--------
*1b1916be055662d9cc73bf9a51c96555*
`登陆天数: 20天 / 661天
等级: 130
石头: 4065
呼符: 331
体力: 36.27666666666667 / 138
友情点: 0 / 443180`
_2024-06-17 04:34:38_
--------
*98c34841415a2605a0b208d12350e0f2*
`登陆天数: 20天 / 661天
等级: 130
石头: 4056
呼符: 303
体力: 36.25 / 138
友情点: 0 / 443210`
_2024-06-17 04:34:47_
--------
*384a279d4839d05f94edc97538d66675*
`登陆天数: 20天 / 661天
等级: 130
石头: 4053
呼符: 298
体力: 36.226666666666674 / 138
友情点: 0 / 445145`
_2024-06-17 04:34:55_
--------
*a2ed224f66eca18e1e0b896d6dc9768b*
`登陆天数: 20天 / 661天
等级: 130
石头: 4052
呼符: 213
体力: 36.19666666666667 / 138
友情点: 0 / 441835`
_2024-06-17 04:35:03_
--------
*5484165b0c65a5d9cb611f705fa69e8e*
`登陆天数: 20天 / 661天
等级: 130
石头: 4067
呼符: 253
体力: 36.17 / 138
友情点: 0 / 442405`
_2024-06-17 04:35:11_
--------
*61d5f87230c15b3dc07183b844b216ec*
`登陆天数: 20天 / 661天
等级: 130
石头: 4067
呼符: 131
体力: 36.14333333333333 / 138
友情点: 0 / 443505`
_2024-06-17 04:35:19_
--------
*32b923fcd5d29a33caedbd31498dc6b9*
`登陆天数: 20天 / 661天
等级: 130
石头: 4058
呼符: 33
体力: 36.11666666666666 / 138
友情点: 0 / 442460`
_2024-06-17 04:35:27_
--------
*0650d9b7cb499e2ac0639cb76ba2ac3f*
`登陆天数: 20天 / 661天
等级: 130
石头: 4061
呼符: 248
体力: 36.08666666666667 / 138
友情点: 0 / 442155`
_2024-06-17 04:35:35_
--------
*7ceb7138a1e9f73535bed3b301a026d9*
`登陆天数: 20天 / 662天
等级: 130
石头: 4063
呼符: 202
体力: 36.06 / 138
友情点: 0 / 442745`
_2024-06-17 04:35:43_
--------
*c4a5d18a3271b2fee367f5c1c6990960*
`登陆天数: 20天 / 662天
等级: 130
石头: 4066
呼符: 309
体力: 36.03333333333333 / 138
友情点: 0 / 441455`
_2024-06-17 04:35:51_
--------
*4fde1928a56609b1f8f74e73b56ec229*
`登陆天数: 20天 / 662天
等级: 130
石头: 4040
呼符: 308
体力: 36.010000000000005 / 138
友情点: 0 / 445185`
_2024-06-17 04:35:59_
--------
*5e36431167c1b2888b3ad5c219dc49cb*
`登陆天数: 20天 / 662天
等级: 130
石头: 4067
呼符: 273
体力: 35.980000000000004 / 138
友情点: 0 / 442390`
_2024-06-17 04:36:07_
--------
*27cfc5b391e35eab71a9106bf8e8187f*
`登陆天数: 20天 / 662天
等级: 130
石头: 4063
呼符: 174
体力: 35.95 / 138
友情点: 0 / 441810`
_2024-06-17 04:36:15_
--------
*f54fb8ebde7542d0385ab4ba2b3d7b99*
`登陆天数: 20天 / 661天
等级: 130
石头: 4056
呼符: 328
体力: 35.92666666666666 / 138
友情点: 0 / 442440`
_2024-06-17 04:36:23_
--------
*1f7877dfd0d93658a805c1d91e42d98b*
`登陆天数: 20天 / 661天
等级: 130
石头: 4065
呼符: 325
体力: 35.900000000000006 / 138
友情点: 0 / 442130`
_2024-06-17 04:36:31_
--------
*3a6c0b601d00fe2edcdbdd172442f643*
`登陆天数: 20天 / 662天
等级: 130
石头: 4064
呼符: 314
体力: 35.873333333333335 / 138
友情点: 0 / 443285`
_2024-06-17 04:36:39_
--------
*a53b289344046ad5861576bc07814b17*
`登陆天数: 20天 / 661天
等级: 130
石头: 4067
呼符: 330
体力: 35.846666666666664 / 138
友情点: 0 / 441840`
_2024-06-17 04:36:48_
--------
*6c3f1a13b9e243748f313e99a0031b09*
`登陆天数: 20天 / 662天
等级: 130
石头: 4063
呼符: 154
体力: 35.81999999999999 / 138
友情点: 0 / 443640`
_2024-06-17 04:36:55_
--------
*15853b8fc8cd6601968c7eadaaeaa030*
`登陆天数: 20天 / 662天
等级: 130
石头: 4068
呼符: 328
体力: 35.79333333333334 / 138
友情点: 0 / 442165`
_2024-06-17 04:37:03_
--------
*25a11822f30a95e40b032a75d9917d5f*
`登陆天数: 20天 / 662天
等级: 130
石头: 4065
呼符: 99
体力: 35.766666666666666 / 138
友情点: 0 / 442640`
_2024-06-17 04:37:12_
--------
*76751f8d948f2c3d8009741e36fc322e*
`登陆天数: 20天 / 662天
等级: 130
石头: 4065
呼符: 320
体力: 35.733333333333334 / 138
友情点: 0 / 442990`
_2024-06-17 04:37:19_
--------
*19d1e85cfc352245950ae1b239747ec2*
`登陆天数: 20天 / 662天
等级: 130
石头: 4064
呼符: 252
体力: 35.709999999999994 / 138
友情点: 0 / 445520`
_2024-06-17 04:37:27_
--------
*bf16111f7258b4ce11d4354e094d4d4a*
`登陆天数: 20天 / 661天
等级: 130
石头: 4066
呼符: 234
体力: 35.68333333333334 / 138
友情点: 0 / 442615`
_2024-06-17 04:37:36_
--------
*a311c3a861278ef9ea42c83bbeb832bb*
`登陆天数: 20天 / 662天
等级: 130
石头: 4064
呼符: 159
体力: 35.656666666666666 / 138
友情点: 0 / 442480`
_2024-06-17 04:37:44_
--------
*7d890ec851a1084773ca79844e1d4c99*
`登陆天数: 20天 / 662天
等级: 130
石头: 4071
呼符: 321
体力: 35.629999999999995 / 138
友情点: 0 / 443320`
_2024-06-17 04:37:52_
--------
*eb1c04a8e45b76f0563d8da3f9a00ab6*
`登陆天数: 20天 / 662天
等级: 130
石头: 4060
呼符: 282
体力: 35.60666666666667 / 138
友情点: 0 / 442950`
_2024-06-17 04:38:00_
--------
*a02a95ce28fc51ef81382c3ff7bc0b83*
`登陆天数: 20天 / 662天
等级: 130
石头: 4020
呼符: 307
体力: 35.58 / 138
友情点: 0 / 444325`
_2024-06-17 04:38:08_
--------
*8aaef9de6925428b82dbdbf6f0eaf46c*
`登陆天数: 20天 / 662天
等级: 130
石头: 4061
呼符: 265
体力: 35.55333333333333 / 138
友情点: 0 / 442540`
_2024-06-17 04:38:16_
--------
*9b20862a2bb58650ccfcdc5c6639fe8e*
`登陆天数: 20天 / 662天
等级: 130
石头: 4062
呼符: 314
体力: 35.52666666666667 / 138
友情点: 0 / 443045`
_2024-06-17 04:38:24_
--------
*6355c6562beb5dcd949cb5512520bc0f*
`登陆天数: 20天 / 662天
等级: 130
石头: 4060
呼符: 184
体力: 35.5 / 138
友情点: 0 / 442370`
_2024-06-17 04:38:32_
--------
*aee6e480f825560c718d219de7664efd*
`登陆天数: 20天 / 662天
等级: 130
石头: 4020
呼符: 219
体力: 35.47333333333333 / 138
友情点: 0 / 443505`
_2024-06-17 04:38:40_
--------
*b723021e28b171d6feaa382af59227e0*
`登陆天数: 20天 / 662天
等级: 130
石头: 4065
呼符: 324
体力: 35.44666666666667 / 138
友情点: 0 / 442215`
_2024-06-17 04:38:48_
--------
*00f71cd834d23ab2624e887ba3be215f*
`登陆天数: 20天 / 662天
等级: 130
石头: 4055
呼符: 105
体力: 35.42 / 138
友情点: 0 / 442675`
_2024-06-17 04:38:56_
--------
*115cfa26f84b7e99c9e1f249b84c9092*
`登陆天数: 20天 / 662天
等级: 130
石头: 4066
呼符: 260
体力: 35.39333333333333 / 138
友情点: 0 / 444160`
_2024-06-17 04:39:04_
--------
*0b3f2d4efa91341118256fbda08e4111*
`登陆天数: 20天 / 662天
等级: 130
石头: 4040
呼符: 171
体力: 35.36666666666666 / 138
友情点: 0 / 442295`
_2024-06-17 04:39:12_
--------
*07f240b9dc8cd361a0733c2e8b09d098*
`登陆天数: 20天 / 662天
等级: 130
石头: 4043
呼符: 293
体力: 35.34 / 138
友情点: 0 / 444185`
_2024-06-17 04:39:20_
--------
*804f8e4fdd7df6a6fecd9ed068512deb*
`登陆天数: 20天 / 662天
等级: 130
石头: 4067
呼符: 201
体力: 35.31333333333333 / 138
友情点: 0 / 443090`
_2024-06-17 04:39:28_
--------
*65188588d1c1590af683bcd6b21f5e7c*
`登陆天数: 20天 / 662天
等级: 130
石头: 4059
呼符: 322
体力: 35.290000000000006 / 138
友情点: 0 / 441345`
_2024-06-17 04:39:37_
--------
*aa8d11f9b24664a2c35f6e0dbcda2205*
`登陆天数: 20天 / 662天
等级: 130
石头: 4075
呼符: 114
体力: 35.263333333333335 / 138
友情点: 0 / 442255`
_2024-06-17 04:39:45_
--------
*eb8eaf3abcc73d989299640064160ab1*
`登陆天数: 20天 / 662天
等级: 130
石头: 4066
呼符: 214
体力: 35.239999999999995 / 138
友情点: 0 / 442315`
_2024-06-17 04:39:53_
--------
