【登录信息】
*a8abf88d0e28dbdf3d4c57e5ec1a39eb*
`登陆天数: 26天 / 664天
等级: 130
石头: 3999
呼符: 219
体力: 19348.34 / 138
友情点: 0 / 466865`
_2024-06-18 04:30:26_
--------
*6aa67e267e7f505832e1370e8c06e1c2*
`登陆天数: 21天 / 663天
等级: 130
石头: 4067
呼符: 326
体力: 29.903333333333336 / 138
友情点: 0 / 435775`
_2024-06-18 04:30:34_
--------
*ede9e19c5c91f9a9d288933a29da1be6*
`登陆天数: 21天 / 663天
等级: 130
石头: 4072
呼符: 185
体力: 29.86666666666666 / 138
友情点: 0 / 435825`
_2024-06-18 04:30:42_
--------
*a898f70e3b8cb5e0787308866d7350a7*
`登陆天数: 21天 / 662天
等级: 130
石头: 4057
呼符: 248
体力: 29.83333333333333 / 138
友情点: 0 / 435600`
_2024-06-18 04:30:50_
--------
*bed24bf6fb8d6969d47e7691e0a08460*
`登陆天数: 21天 / 662天
等级: 130
石头: 4058
呼符: 200
体力: 29.803333333333327 / 138
友情点: 0 / 436680`
_2024-06-18 04:30:57_
--------
*c8ef2e2482789641a546b7bd2de2c03e*
`登陆天数: 21天 / 662天
等级: 130
石头: 4061
呼符: 34
体力: 29.769999999999996 / 138
友情点: 0 / 436075`
_2024-06-18 04:31:05_
--------
*508d186501f54d31f4c2355307eb3e40*
`登陆天数: 21天 / 663天
等级: 130
石头: 4032
呼符: 80
体力: 29.736666666666665 / 138
友情点: 0 / 436165`
_2024-06-18 04:31:13_
--------
*0f35fa8073fb14a450569fb0548f8f37*
`登陆天数: 21天 / 662天
等级: 130
石头: 4065
呼符: 40
体力: 29.703333333333333 / 138
友情点: 0 / 436480`
_2024-06-18 04:31:21_
--------
*a1b5371fcbc5b19d8f1b219cf08ac3e8*
`登陆天数: 21天 / 662天
等级: 130
石头: 4064
呼符: 279
体力: 29.67 / 138
友情点: 0 / 437120`
_2024-06-18 04:31:29_
--------
*f1c51e3bbfc8df4109365e3bcca9437a*
`登陆天数: 21天 / 662天
等级: 130
石头: 4064
呼符: 324
体力: 29.64 / 138
友情点: 0 / 436290`
_2024-06-18 04:31:37_
--------
*1b1916be055662d9cc73bf9a51c96555*
`登陆天数: 21天 / 662天
等级: 130
石头: 4065
呼符: 332
体力: 29.60666666666667 / 138
友情点: 0 / 437180`
_2024-06-18 04:31:45_
--------
*98c34841415a2605a0b208d12350e0f2*
`登陆天数: 21天 / 662天
等级: 130
石头: 4056
呼符: 304
体力: 29.576666666666668 / 138
友情点: 0 / 437210`
_2024-06-18 04:31:52_
--------
*384a279d4839d05f94edc97538d66675*
`登陆天数: 21天 / 662天
等级: 130
石头: 4053
呼符: 299
体力: 29.543333333333337 / 138
友情点: 0 / 439145`
_2024-06-18 04:32:00_
--------
*a2ed224f66eca18e1e0b896d6dc9768b*
`登陆天数: 21天 / 662天
等级: 130
石头: 4052
呼符: 214
体力: 29.513333333333335 / 138
友情点: 0 / 435835`
_2024-06-18 04:32:08_
--------
*5484165b0c65a5d9cb611f705fa69e8e*
`登陆天数: 21天 / 662天
等级: 130
石头: 4067
呼符: 254
体力: 29.480000000000004 / 138
友情点: 0 / 436405`
_2024-06-18 04:32:16_
--------
*61d5f87230c15b3dc07183b844b216ec*
`登陆天数: 21天 / 662天
等级: 130
石头: 4067
呼符: 132
体力: 29.450000000000003 / 138
友情点: 0 / 437505`
_2024-06-18 04:32:23_
--------
*32b923fcd5d29a33caedbd31498dc6b9*
`登陆天数: 21天 / 662天
等级: 130
石头: 4058
呼符: 34
体力: 29.42 / 138
友情点: 0 / 436460`
_2024-06-18 04:32:31_
--------
*0650d9b7cb499e2ac0639cb76ba2ac3f*
`登陆天数: 21天 / 662天
等级: 130
石头: 4061
呼符: 249
体力: 29.38333333333334 / 138
友情点: 0 / 436155`
_2024-06-18 04:32:39_
--------
*7ceb7138a1e9f73535bed3b301a026d9*
`登陆天数: 21天 / 663天
等级: 130
石头: 4063
呼符: 203
体力: 29.35333333333334 / 138
友情点: 0 / 436745`
_2024-06-18 04:32:47_
--------
*c4a5d18a3271b2fee367f5c1c6990960*
`登陆天数: 21天 / 663天
等级: 130
石头: 4066
呼符: 310
体力: 29.323333333333338 / 138
友情点: 0 / 435455`
_2024-06-18 04:32:54_
--------
*4fde1928a56609b1f8f74e73b56ec229*
`登陆天数: 21天 / 663天
等级: 130
石头: 4040
呼符: 309
体力: 29.28666666666666 / 138
友情点: 0 / 439185`
_2024-06-18 04:33:02_
--------
*5e36431167c1b2888b3ad5c219dc49cb*
`登陆天数: 21天 / 663天
等级: 130
石头: 4067
呼符: 274
体力: 29.25333333333333 / 138
友情点: 0 / 436390`
_2024-06-18 04:33:10_
--------
*27cfc5b391e35eab71a9106bf8e8187f*
`登陆天数: 21天 / 663天
等级: 130
石头: 4063
呼符: 175
体力: 29.22333333333333 / 138
友情点: 0 / 435810`
_2024-06-18 04:33:17_
--------
*f54fb8ebde7542d0385ab4ba2b3d7b99*
`登陆天数: 21天 / 662天
等级: 130
石头: 4056
呼符: 329
体力: 29.193333333333328 / 138
友情点: 0 / 436440`
_2024-06-18 04:33:25_
--------
*1f7877dfd0d93658a805c1d91e42d98b*
`登陆天数: 21天 / 662天
等级: 130
石头: 4065
呼符: 326
体力: 29.159999999999997 / 138
友情点: 0 / 436130`
_2024-06-18 04:33:33_
--------
*3a6c0b601d00fe2edcdbdd172442f643*
`登陆天数: 21天 / 663天
等级: 130
石头: 4064
呼符: 315
体力: 29.126666666666665 / 138
友情点: 0 / 437285`
_2024-06-18 04:33:40_
--------
*a53b289344046ad5861576bc07814b17*
`登陆天数: 21天 / 662天
等级: 130
石头: 4067
呼符: 331
体力: 29.093333333333334 / 138
友情点: 0 / 435840`
_2024-06-18 04:33:48_
--------
*6c3f1a13b9e243748f313e99a0031b09*
`登陆天数: 21天 / 663天
等级: 130
石头: 4063
呼符: 155
体力: 29.063333333333333 / 138
友情点: 0 / 437640`
_2024-06-18 04:33:56_
--------
*15853b8fc8cd6601968c7eadaaeaa030*
`登陆天数: 21天 / 663天
等级: 130
石头: 4068
呼符: 329
体力: 29.03 / 138
友情点: 0 / 436165`
_2024-06-18 04:34:03_
--------
*25a11822f30a95e40b032a75d9917d5f*
`登陆天数: 21天 / 663天
等级: 130
石头: 4065
呼符: 100
体力: 28.99333333333334 / 138
友情点: 0 / 436640`
_2024-06-18 04:34:11_
--------
*76751f8d948f2c3d8009741e36fc322e*
`登陆天数: 21天 / 663天
等级: 130
石头: 4065
呼符: 321
体力: 28.96666666666667 / 138
友情点: 0 / 436990`
_2024-06-18 04:34:19_
--------
*19d1e85cfc352245950ae1b239747ec2*
`登陆天数: 21天 / 663天
等级: 130
石头: 4064
呼符: 253
体力: 28.933333333333337 / 138
友情点: 0 / 439520`
_2024-06-18 04:34:27_
--------
*bf16111f7258b4ce11d4354e094d4d4a*
`登陆天数: 21天 / 662天
等级: 130
石头: 4066
呼符: 235
体力: 28.903333333333336 / 138
友情点: 0 / 436615`
_2024-06-18 04:34:35_
--------
*a311c3a861278ef9ea42c83bbeb832bb*
`登陆天数: 21天 / 663天
等级: 130
石头: 4064
呼符: 160
体力: 28.873333333333335 / 138
友情点: 0 / 436480`
_2024-06-18 04:34:42_
--------
*7d890ec851a1084773ca79844e1d4c99*
`登陆天数: 21天 / 663天
等级: 130
石头: 4071
呼符: 322
体力: 28.843333333333334 / 138
友情点: 0 / 437320`
_2024-06-18 04:34:50_
--------
*eb1c04a8e45b76f0563d8da3f9a00ab6*
`登陆天数: 21天 / 663天
等级: 130
石头: 4060
呼符: 283
体力: 28.813333333333333 / 138
友情点: 0 / 436950`
_2024-06-18 04:34:58_
--------
*a02a95ce28fc51ef81382c3ff7bc0b83*
`登陆天数: 21天 / 663天
等级: 130
石头: 4020
呼符: 308
体力: 28.78333333333333 / 138
友情点: 0 / 438325`
_2024-06-18 04:35:06_
--------
*8aaef9de6925428b82dbdbf6f0eaf46c*
`登陆天数: 21天 / 663天
等级: 130
石头: 4061
呼符: 266
体力: 28.74666666666667 / 138
友情点: 0 / 436540`
_2024-06-18 04:35:13_
--------
*9b20862a2bb58650ccfcdc5c6639fe8e*
`登陆天数: 21天 / 663天
等级: 130
石头: 4062
呼符: 315
体力: 28.71333333333334 / 138
友情点: 0 / 437045`
_2024-06-18 04:35:21_
--------
*6355c6562beb5dcd949cb5512520bc0f*
`登陆天数: 21天 / 663天
等级: 130
石头: 4060
呼符: 185
体力: 28.683333333333337 / 138
友情点: 0 / 436370`
_2024-06-18 04:35:29_
--------
*aee6e480f825560c718d219de7664efd*
`登陆天数: 21天 / 663天
等级: 130
石头: 4020
呼符: 220
体力: 28.653333333333336 / 138
友情点: 0 / 437505`
_2024-06-18 04:35:36_
--------
*b723021e28b171d6feaa382af59227e0*
`登陆天数: 21天 / 663天
等级: 130
石头: 4065
呼符: 325
体力: 28.620000000000005 / 138
友情点: 0 / 436215`
_2024-06-18 04:35:44_
--------
*00f71cd834d23ab2624e887ba3be215f*
`登陆天数: 21天 / 663天
等级: 130
石头: 4055
呼符: 106
体力: 28.593333333333334 / 138
友情点: 0 / 436675`
_2024-06-18 04:35:52_
--------
*115cfa26f84b7e99c9e1f249b84c9092*
`登陆天数: 21天 / 663天
等级: 130
石头: 4066
呼符: 261
体力: 28.560000000000002 / 138
友情点: 0 / 438160`
_2024-06-18 04:35:59_
--------
*0b3f2d4efa91341118256fbda08e4111*
`登陆天数: 21天 / 663天
等级: 130
石头: 4040
呼符: 172
体力: 28.52666666666667 / 138
友情点: 0 / 436295`
_2024-06-18 04:36:07_
--------
*07f240b9dc8cd361a0733c2e8b09d098*
`登陆天数: 21天 / 663天
等级: 130
石头: 4043
呼符: 294
体力: 28.5 / 138
友情点: 0 / 438185`
_2024-06-18 04:36:15_
--------
*804f8e4fdd7df6a6fecd9ed068512deb*
`登陆天数: 21天 / 663天
等级: 130
石头: 4067
呼符: 202
体力: 28.47 / 138
友情点: 0 / 437090`
_2024-06-18 04:36:22_
--------
*65188588d1c1590af683bcd6b21f5e7c*
`登陆天数: 21天 / 663天
等级: 130
石头: 4059
呼符: 323
体力: 28.436666666666667 / 138
友情点: 0 / 435345`
_2024-06-18 04:36:30_
--------
*aa8d11f9b24664a2c35f6e0dbcda2205*
`登陆天数: 21天 / 663天
等级: 130
石头: 4075
呼符: 115
体力: 28.406666666666666 / 138
友情点: 0 / 436255`
_2024-06-18 04:36:38_
--------
*eb8eaf3abcc73d989299640064160ab1*
`登陆天数: 21天 / 663天
等级: 130
石头: 4066
呼符: 215
体力: 28.376666666666665 / 138
友情点: 0 / 436315`
_2024-06-18 04:36:45_
--------
