【登录信息】
*a8abf88d0e28dbdf3d4c57e5ec1a39eb*
`登陆天数: 28天 / 666天
等级: 130
石头: 3999
呼符: 219
体力: 19924.086666666666 / 138
友情点: 0 / 466865`
_2024-06-20 04:29:11_
--------
*6aa67e267e7f505832e1370e8c06e1c2*
`登陆天数: 23天 / 665天
等级: 130
石头: 4074
呼符: 326
体力: 30.00666666666666 / 138
友情点: 0 / 425775`
_2024-06-20 04:29:19_
--------
*ede9e19c5c91f9a9d288933a29da1be6*
`登陆天数: 23天 / 665天
等级: 130
石头: 4079
呼符: 185
体力: 29.980000000000004 / 138
友情点: 0 / 425825`
_2024-06-20 04:29:27_
--------
*a898f70e3b8cb5e0787308866d7350a7*
`登陆天数: 23天 / 664天
等级: 130
石头: 4064
呼符: 248
体力: 29.953333333333333 / 138
友情点: 0 / 425600`
_2024-06-20 04:29:35_
--------
*bed24bf6fb8d6969d47e7691e0a08460*
`登陆天数: 23天 / 664天
等级: 130
石头: 4065
呼符: 200
体力: 29.923333333333332 / 138
友情点: 0 / 426680`
_2024-06-20 04:29:44_
--------
*c8ef2e2482789641a546b7bd2de2c03e*
`登陆天数: 23天 / 664天
等级: 130
石头: 4068
呼符: 34
体力: 29.900000000000006 / 138
友情点: 0 / 426075`
_2024-06-20 04:29:52_
--------
*508d186501f54d31f4c2355307eb3e40*
`登陆天数: 23天 / 665天
等级: 130
石头: 4039
呼符: 80
体力: 29.873333333333335 / 138
友情点: 0 / 426165`
_2024-06-20 04:30:00_
--------
*0f35fa8073fb14a450569fb0548f8f37*
`登陆天数: 23天 / 664天
等级: 130
石头: 4072
呼符: 40
体力: 29.843333333333334 / 138
友情点: 0 / 426480`
_2024-06-20 04:30:08_
--------
*a1b5371fcbc5b19d8f1b219cf08ac3e8*
`登陆天数: 23天 / 664天
等级: 130
石头: 4071
呼符: 279
体力: 29.816666666666663 / 138
友情点: 0 / 427120`
_2024-06-20 04:30:17_
--------
*f1c51e3bbfc8df4109365e3bcca9437a*
`登陆天数: 23天 / 664天
等级: 130
石头: 4071
呼符: 324
体力: 29.790000000000006 / 138
友情点: 0 / 426290`
_2024-06-20 04:30:25_
--------
*1b1916be055662d9cc73bf9a51c96555*
`登陆天数: 23天 / 664天
等级: 130
石头: 4072
呼符: 332
体力: 29.763333333333335 / 138
友情点: 0 / 427180`
_2024-06-20 04:30:33_
--------
*98c34841415a2605a0b208d12350e0f2*
`登陆天数: 23天 / 664天
等级: 130
石头: 4063
呼符: 304
体力: 29.736666666666665 / 138
友情点: 0 / 427210`
_2024-06-20 04:30:41_
--------
*384a279d4839d05f94edc97538d66675*
`登陆天数: 23天 / 664天
等级: 130
石头: 4060
呼符: 299
体力: 29.709999999999994 / 138
友情点: 0 / 429145`
_2024-06-20 04:30:50_
--------
*a2ed224f66eca18e1e0b896d6dc9768b*
`登陆天数: 23天 / 664天
等级: 130
石头: 4059
呼符: 214
体力: 29.683333333333337 / 138
友情点: 0 / 425835`
_2024-06-20 04:30:58_
--------
*5484165b0c65a5d9cb611f705fa69e8e*
`登陆天数: 23天 / 664天
等级: 130
石头: 4074
呼符: 254
体力: 29.656666666666666 / 138
友情点: 0 / 426405`
_2024-06-20 04:31:06_
--------
*61d5f87230c15b3dc07183b844b216ec*
`登陆天数: 23天 / 664天
等级: 130
石头: 4074
呼符: 132
体力: 29.629999999999995 / 138
友情点: 0 / 427505`
_2024-06-20 04:31:14_
--------
*32b923fcd5d29a33caedbd31498dc6b9*
`登陆天数: 23天 / 664天
等级: 130
石头: 4065
呼符: 34
体力: 29.60333333333334 / 138
友情点: 0 / 426460`
_2024-06-20 04:31:22_
--------
*0650d9b7cb499e2ac0639cb76ba2ac3f*
`登陆天数: 23天 / 664天
等级: 130
石头: 4068
呼符: 249
体力: 29.573333333333338 / 138
友情点: 0 / 426155`
_2024-06-20 04:31:30_
--------
*7ceb7138a1e9f73535bed3b301a026d9*
`登陆天数: 23天 / 665天
等级: 130
石头: 4070
呼符: 203
体力: 29.546666666666667 / 138
友情点: 0 / 426745`
_2024-06-20 04:31:39_
--------
*c4a5d18a3271b2fee367f5c1c6990960*
`登陆天数: 23天 / 665天
等级: 130
石头: 4073
呼符: 310
体力: 29.523333333333326 / 138
友情点: 0 / 425455`
_2024-06-20 04:31:47_
--------
*4fde1928a56609b1f8f74e73b56ec229*
`登陆天数: 23天 / 665天
等级: 130
石头: 4047
呼符: 309
体力: 29.49666666666667 / 138
友情点: 0 / 429185`
_2024-06-20 04:31:55_
--------
*5e36431167c1b2888b3ad5c219dc49cb*
`登陆天数: 23天 / 665天
等级: 130
石头: 4074
呼符: 274
体力: 29.47 / 138
友情点: 0 / 426390`
_2024-06-20 04:32:03_
--------
*27cfc5b391e35eab71a9106bf8e8187f*
`登陆天数: 23天 / 665天
等级: 130
石头: 4070
呼符: 175
体力: 29.439999999999998 / 138
友情点: 0 / 425810`
_2024-06-20 04:32:11_
--------
*f54fb8ebde7542d0385ab4ba2b3d7b99*
`登陆天数: 23天 / 664天
等级: 130
石头: 4063
呼符: 329
体力: 29.413333333333327 / 138
友情点: 0 / 426440`
_2024-06-20 04:32:19_
--------
*1f7877dfd0d93658a805c1d91e42d98b*
`登陆天数: 23天 / 664天
等级: 130
石头: 4072
呼符: 326
体力: 29.39 / 138
友情点: 0 / 426130`
_2024-06-20 04:32:28_
--------
*3a6c0b601d00fe2edcdbdd172442f643*
`登陆天数: 23天 / 665天
等级: 130
石头: 4071
呼符: 315
体力: 29.36333333333333 / 138
友情点: 0 / 427285`
_2024-06-20 04:32:36_
--------
*a53b289344046ad5861576bc07814b17*
`登陆天数: 23天 / 664天
等级: 130
石头: 4074
呼符: 331
体力: 29.336666666666673 / 138
友情点: 0 / 425840`
_2024-06-20 04:32:44_
--------
*6c3f1a13b9e243748f313e99a0031b09*
`登陆天数: 23天 / 665天
等级: 130
石头: 4070
呼符: 155
体力: 29.310000000000002 / 138
友情点: 0 / 427640`
_2024-06-20 04:32:53_
--------
*15853b8fc8cd6601968c7eadaaeaa030*
`登陆天数: 23天 / 665天
等级: 130
石头: 4075
呼符: 329
体力: 29.28333333333333 / 138
友情点: 0 / 426165`
_2024-06-20 04:33:01_
--------
*25a11822f30a95e40b032a75d9917d5f*
`登陆天数: 23天 / 665天
等级: 130
石头: 4072
呼符: 100
体力: 29.260000000000005 / 138
友情点: 0 / 426640`
_2024-06-20 04:33:09_
--------
*76751f8d948f2c3d8009741e36fc322e*
`登陆天数: 23天 / 665天
等级: 130
石头: 4072
呼符: 321
体力: 29.233333333333334 / 138
友情点: 0 / 426990`
_2024-06-20 04:33:17_
--------
*19d1e85cfc352245950ae1b239747ec2*
`登陆天数: 23天 / 665天
等级: 130
石头: 4071
呼符: 253
体力: 29.209999999999994 / 138
友情点: 0 / 429520`
_2024-06-20 04:33:26_
--------
*bf16111f7258b4ce11d4354e094d4d4a*
`登陆天数: 23天 / 664天
等级: 130
石头: 4073
呼符: 235
体力: 29.183333333333337 / 138
友情点: 0 / 426615`
_2024-06-20 04:33:34_
--------
*a311c3a861278ef9ea42c83bbeb832bb*
`登陆天数: 23天 / 665天
等级: 130
石头: 4071
呼符: 160
体力: 29.156666666666666 / 138
友情点: 0 / 426480`
_2024-06-20 04:33:42_
--------
*7d890ec851a1084773ca79844e1d4c99*
`登陆天数: 23天 / 665天
等级: 130
石头: 4078
呼符: 322
体力: 29.126666666666665 / 138
友情点: 0 / 427320`
_2024-06-20 04:33:50_
--------
*eb1c04a8e45b76f0563d8da3f9a00ab6*
`登陆天数: 23天 / 665天
等级: 130
石头: 4067
呼符: 283
体力: 29.099999999999994 / 138
友情点: 0 / 426950`
_2024-06-20 04:33:58_
--------
*a02a95ce28fc51ef81382c3ff7bc0b83*
`登陆天数: 23天 / 665天
等级: 130
石头: 4027
呼符: 308
体力: 29.073333333333338 / 138
友情点: 0 / 428325`
_2024-06-20 04:34:06_
--------
*8aaef9de6925428b82dbdbf6f0eaf46c*
`登陆天数: 23天 / 665天
等级: 130
石头: 4068
呼符: 266
体力: 29.046666666666667 / 138
友情点: 0 / 426540`
_2024-06-20 04:34:15_
--------
*9b20862a2bb58650ccfcdc5c6639fe8e*
`登陆天数: 23天 / 665天
等级: 130
石头: 4069
呼符: 315
体力: 29.023333333333326 / 138
友情点: 0 / 427045`
_2024-06-20 04:34:23_
--------
*6355c6562beb5dcd949cb5512520bc0f*
`登陆天数: 23天 / 665天
等级: 130
石头: 4067
呼符: 185
体力: 28.99666666666667 / 138
友情点: 0 / 426370`
_2024-06-20 04:34:31_
--------
*aee6e480f825560c718d219de7664efd*
`登陆天数: 23天 / 665天
等级: 130
石头: 4027
呼符: 220
体力: 28.97 / 138
友情点: 0 / 427505`
_2024-06-20 04:34:40_
--------
*b723021e28b171d6feaa382af59227e0*
`登陆天数: 23天 / 665天
等级: 130
石头: 4072
呼符: 325
体力: 28.946666666666673 / 138
友情点: 0 / 426215`
_2024-06-20 04:34:48_
--------
*00f71cd834d23ab2624e887ba3be215f*
`登陆天数: 23天 / 665天
等级: 130
石头: 4062
呼符: 106
体力: 28.92 / 138
友情点: 0 / 426675`
_2024-06-20 04:34:56_
--------
*115cfa26f84b7e99c9e1f249b84c9092*
`登陆天数: 23天 / 665天
等级: 130
石头: 4073
呼符: 261
体力: 28.89333333333333 / 138
友情点: 0 / 428160`
_2024-06-20 04:35:05_
--------
*0b3f2d4efa91341118256fbda08e4111*
`登陆天数: 23天 / 665天
等级: 130
石头: 4047
呼符: 172
体力: 28.870000000000005 / 138
友情点: 0 / 426295`
_2024-06-20 04:35:13_
--------
*07f240b9dc8cd361a0733c2e8b09d098*
`登陆天数: 23天 / 665天
等级: 130
石头: 4050
呼符: 294
体力: 28.843333333333334 / 138
友情点: 0 / 428185`
_2024-06-20 04:35:21_
--------
*804f8e4fdd7df6a6fecd9ed068512deb*
`登陆天数: 23天 / 665天
等级: 130
石头: 4074
呼符: 202
体力: 28.816666666666663 / 138
友情点: 0 / 427090`
_2024-06-20 04:35:29_
--------
*65188588d1c1590af683bcd6b21f5e7c*
`登陆天数: 23天 / 665天
等级: 130
石头: 4066
呼符: 323
体力: 28.790000000000006 / 138
友情点: 0 / 425345`
_2024-06-20 04:35:38_
--------
*aa8d11f9b24664a2c35f6e0dbcda2205*
`登陆天数: 23天 / 665天
等级: 130
石头: 4082
呼符: 115
体力: 28.766666666666666 / 138
友情点: 0 / 426255`
_2024-06-20 04:35:46_
--------
*eb8eaf3abcc73d989299640064160ab1*
`登陆天数: 23天 / 665天
等级: 130
石头: 4073
呼符: 215
体力: 28.736666666666665 / 138
友情点: 0 / 426315`
_2024-06-20 04:35:54_
--------
