【登录信息】
*a8abf88d0e28dbdf3d4c57e5ec1a39eb*
`登陆天数: 29天 / 667天
等级: 130
石头: 3999
呼符: 219
体力: 20212.42 / 138
友情点: 0 / 466865`
_2024-06-21 04:30:50_
--------
*6aa67e267e7f505832e1370e8c06e1c2*
`登陆天数: 24天 / 666天
等级: 130
石头: 4074
呼符: 326
体力: 36.013333333333335 / 138
友情点: 0 / 419775`
_2024-06-21 04:30:58_
--------
*ede9e19c5c91f9a9d288933a29da1be6*
`登陆天数: 24天 / 666天
等级: 130
石头: 4079
呼符: 185
体力: 35.980000000000004 / 138
友情点: 0 / 419825`
_2024-06-21 04:31:06_
--------
*a898f70e3b8cb5e0787308866d7350a7*
`登陆天数: 24天 / 665天
等级: 130
石头: 4064
呼符: 248
体力: 35.95 / 138
友情点: 0 / 419600`
_2024-06-21 04:31:13_
--------
*bed24bf6fb8d6969d47e7691e0a08460*
`登陆天数: 24天 / 665天
等级: 130
石头: 4065
呼符: 200
体力: 35.92 / 138
友情点: 0 / 420680`
_2024-06-21 04:31:22_
--------
*c8ef2e2482789641a546b7bd2de2c03e*
`登陆天数: 24天 / 665天
等级: 130
石头: 4068
呼符: 34
体力: 35.88666666666667 / 138
友情点: 0 / 420075`
_2024-06-21 04:31:30_
--------
*508d186501f54d31f4c2355307eb3e40*
`登陆天数: 24天 / 666天
等级: 130
石头: 4039
呼符: 80
体力: 35.86 / 138
友情点: 0 / 420165`
_2024-06-21 04:31:38_
--------
*0f35fa8073fb14a450569fb0548f8f37*
`登陆天数: 24天 / 665天
等级: 130
石头: 4072
呼符: 40
体力: 35.83 / 138
友情点: 0 / 420480`
_2024-06-21 04:31:46_
--------
*a1b5371fcbc5b19d8f1b219cf08ac3e8*
`登陆天数: 24天 / 665天
等级: 130
石头: 4071
呼符: 279
体力: 35.8 / 138
友情点: 0 / 421120`
_2024-06-21 04:31:54_
--------
*f1c51e3bbfc8df4109365e3bcca9437a*
`登陆天数: 24天 / 665天
等级: 130
石头: 4071
呼符: 324
体力: 35.766666666666666 / 138
友情点: 0 / 420290`
_2024-06-21 04:32:02_
--------
*1b1916be055662d9cc73bf9a51c96555*
`登陆天数: 24天 / 665天
等级: 130
石头: 4072
呼符: 332
体力: 35.736666666666665 / 138
友情点: 0 / 421180`
_2024-06-21 04:32:10_
--------
*98c34841415a2605a0b208d12350e0f2*
`登陆天数: 24天 / 665天
等级: 130
石头: 4063
呼符: 304
体力: 35.70666666666666 / 138
友情点: 0 / 421210`
_2024-06-21 04:32:18_
--------
*384a279d4839d05f94edc97538d66675*
`登陆天数: 24天 / 665天
等级: 130
石头: 4060
呼符: 299
体力: 35.67666666666666 / 138
友情点: 0 / 423145`
_2024-06-21 04:32:26_
--------
*a2ed224f66eca18e1e0b896d6dc9768b*
`登陆天数: 24天 / 665天
等级: 130
石头: 4059
呼符: 214
体力: 35.64666666666666 / 138
友情点: 0 / 419835`
_2024-06-21 04:32:34_
--------
*5484165b0c65a5d9cb611f705fa69e8e*
`登陆天数: 24天 / 665天
等级: 130
石头: 4074
呼符: 254
体力: 35.61 / 138
友情点: 0 / 420405`
_2024-06-21 04:32:42_
--------
*61d5f87230c15b3dc07183b844b216ec*
`登陆天数: 24天 / 665天
等级: 130
石头: 4074
呼符: 132
体力: 35.58333333333333 / 138
友情点: 0 / 421505`
_2024-06-21 04:32:50_
--------
*32b923fcd5d29a33caedbd31498dc6b9*
`登陆天数: 24天 / 665天
等级: 130
石头: 4065
呼符: 34
体力: 35.55333333333333 / 138
友情点: 0 / 420460`
_2024-06-21 04:32:58_
--------
*0650d9b7cb499e2ac0639cb76ba2ac3f*
`登陆天数: 24天 / 665天
等级: 130
石头: 4068
呼符: 249
体力: 35.523333333333326 / 138
友情点: 0 / 420155`
_2024-06-21 04:33:06_
--------
*7ceb7138a1e9f73535bed3b301a026d9*
`登陆天数: 24天 / 666天
等级: 130
石头: 4070
呼符: 203
体力: 35.49333333333334 / 138
友情点: 0 / 420745`
_2024-06-21 04:33:14_
--------
*c4a5d18a3271b2fee367f5c1c6990960*
`登陆天数: 24天 / 666天
等级: 130
石头: 4073
呼符: 310
体力: 35.46333333333334 / 138
友情点: 0 / 419455`
_2024-06-21 04:33:22_
--------
*4fde1928a56609b1f8f74e73b56ec229*
`登陆天数: 24天 / 666天
等级: 130
石头: 4047
呼符: 309
体力: 35.43333333333334 / 138
友情点: 0 / 423185`
_2024-06-21 04:33:30_
--------
*5e36431167c1b2888b3ad5c219dc49cb*
`登陆天数: 24天 / 666天
等级: 130
石头: 4074
呼符: 274
体力: 35.400000000000006 / 138
友情点: 0 / 420390`
_2024-06-21 04:33:38_
--------
*27cfc5b391e35eab71a9106bf8e8187f*
`登陆天数: 24天 / 666天
等级: 130
石头: 4070
呼符: 175
体力: 35.370000000000005 / 138
友情点: 0 / 419810`
_2024-06-21 04:33:46_
--------
*f54fb8ebde7542d0385ab4ba2b3d7b99*
`登陆天数: 24天 / 665天
等级: 130
石头: 4063
呼符: 329
体力: 35.34 / 138
友情点: 0 / 420440`
_2024-06-21 04:33:55_
--------
*1f7877dfd0d93658a805c1d91e42d98b*
`登陆天数: 24天 / 665天
等级: 130
石头: 4072
呼符: 326
体力: 35.31 / 138
友情点: 0 / 420130`
_2024-06-21 04:34:03_
--------
*3a6c0b601d00fe2edcdbdd172442f643*
`登陆天数: 24天 / 666天
等级: 130
石头: 4071
呼符: 315
体力: 35.28 / 138
友情点: 0 / 421285`
_2024-06-21 04:34:11_
--------
*a53b289344046ad5861576bc07814b17*
`登陆天数: 24天 / 665天
等级: 130
石头: 4074
呼符: 331
体力: 35.25 / 138
友情点: 0 / 419840`
_2024-06-21 04:34:19_
--------
*6c3f1a13b9e243748f313e99a0031b09*
`登陆天数: 24天 / 666天
等级: 130
石头: 4070
呼符: 155
体力: 35.22333333333333 / 138
友情点: 0 / 421640`
_2024-06-21 04:34:27_
--------
*15853b8fc8cd6601968c7eadaaeaa030*
`登陆天数: 24天 / 666天
等级: 130
石头: 4075
呼符: 329
体力: 35.19 / 138
友情点: 0 / 420165`
_2024-06-21 04:34:35_
--------
*25a11822f30a95e40b032a75d9917d5f*
`登陆天数: 24天 / 666天
等级: 130
石头: 4072
呼符: 100
体力: 35.16 / 138
友情点: 0 / 420640`
_2024-06-21 04:34:43_
--------
*76751f8d948f2c3d8009741e36fc322e*
`登陆天数: 24天 / 666天
等级: 130
石头: 4072
呼符: 321
体力: 35.129999999999995 / 138
友情点: 0 / 420990`
_2024-06-21 04:34:51_
--------
*19d1e85cfc352245950ae1b239747ec2*
`登陆天数: 24天 / 666天
等级: 130
石头: 4071
呼符: 253
体力: 35.099999999999994 / 138
友情点: 0 / 423520`
_2024-06-21 04:34:59_
--------
*bf16111f7258b4ce11d4354e094d4d4a*
`登陆天数: 24天 / 665天
等级: 130
石头: 4073
呼符: 235
体力: 35.06666666666666 / 138
友情点: 0 / 420615`
_2024-06-21 04:35:07_
--------
*a311c3a861278ef9ea42c83bbeb832bb*
`登陆天数: 24天 / 666天
等级: 130
石头: 4071
呼符: 160
体力: 35.03666666666666 / 138
友情点: 0 / 420480`
_2024-06-21 04:35:15_
--------
*7d890ec851a1084773ca79844e1d4c99*
`登陆天数: 24天 / 666天
等级: 130
石头: 4078
呼符: 322
体力: 35.00333333333333 / 138
友情点: 0 / 421320`
_2024-06-21 04:35:23_
--------
*eb1c04a8e45b76f0563d8da3f9a00ab6*
`登陆天数: 24天 / 666天
等级: 130
石头: 4067
呼符: 283
体力: 34.976666666666674 / 138
友情点: 0 / 420950`
_2024-06-21 04:35:31_
--------
*a02a95ce28fc51ef81382c3ff7bc0b83*
`登陆天数: 24天 / 666天
等级: 130
石头: 4027
呼符: 308
体力: 34.94333333333333 / 138
友情点: 0 / 422325`
_2024-06-21 04:35:39_
--------
*8aaef9de6925428b82dbdbf6f0eaf46c*
`登陆天数: 24天 / 666天
等级: 130
石头: 4068
呼符: 266
体力: 34.91333333333333 / 138
友情点: 0 / 420540`
_2024-06-21 04:35:47_
--------
*9b20862a2bb58650ccfcdc5c6639fe8e*
`登陆天数: 24天 / 666天
等级: 130
石头: 4069
呼符: 315
体力: 34.879999999999995 / 138
友情点: 0 / 421045`
_2024-06-21 04:35:55_
--------
*6355c6562beb5dcd949cb5512520bc0f*
`登陆天数: 24天 / 666天
等级: 130
石头: 4067
呼符: 185
体力: 34.849999999999994 / 138
友情点: 0 / 420370`
_2024-06-21 04:36:03_
--------
*aee6e480f825560c718d219de7664efd*
`登陆天数: 24天 / 666天
等级: 130
石头: 4027
呼符: 220
体力: 34.81999999999999 / 138
友情点: 0 / 421505`
_2024-06-21 04:36:11_
--------
*b723021e28b171d6feaa382af59227e0*
`登陆天数: 24天 / 666天
等级: 130
石头: 4072
呼符: 325
体力: 34.78666666666666 / 138
友情点: 0 / 420215`
_2024-06-21 04:36:19_
--------
*00f71cd834d23ab2624e887ba3be215f*
`登陆天数: 24天 / 666天
等级: 130
石头: 4062
呼符: 106
体力: 34.75666666666666 / 138
友情点: 0 / 420675`
_2024-06-21 04:36:27_
--------
*115cfa26f84b7e99c9e1f249b84c9092*
`登陆天数: 24天 / 666天
等级: 130
石头: 4073
呼符: 261
体力: 34.726666666666674 / 138
友情点: 0 / 422160`
_2024-06-21 04:36:35_
--------
*0b3f2d4efa91341118256fbda08e4111*
`登陆天数: 24天 / 666天
等级: 130
石头: 4047
呼符: 172
体力: 34.69666666666667 / 138
友情点: 0 / 420295`
_2024-06-21 04:36:43_
--------
*07f240b9dc8cd361a0733c2e8b09d098*
`登陆天数: 24天 / 666天
等级: 130
石头: 4050
呼符: 294
体力: 34.66666666666667 / 138
友情点: 0 / 422185`
_2024-06-21 04:36:51_
--------
*804f8e4fdd7df6a6fecd9ed068512deb*
`登陆天数: 24天 / 666天
等级: 130
石头: 4074
呼符: 202
体力: 34.63666666666667 / 138
友情点: 0 / 421090`
_2024-06-21 04:36:59_
--------
*65188588d1c1590af683bcd6b21f5e7c*
`登陆天数: 24天 / 666天
等级: 130
石头: 4066
呼符: 323
体力: 34.60666666666667 / 138
友情点: 0 / 419345`
_2024-06-21 04:37:07_
--------
*aa8d11f9b24664a2c35f6e0dbcda2205*
`登陆天数: 24天 / 666天
等级: 130
石头: 4082
呼符: 115
体力: 34.57666666666667 / 138
友情点: 0 / 420255`
_2024-06-21 04:37:15_
--------
*eb8eaf3abcc73d989299640064160ab1*
`登陆天数: 24天 / 666天
等级: 130
石头: 4073
呼符: 215
体力: 34.54666666666667 / 138
友情点: 0 / 420315`
_2024-06-21 04:37:23_
--------
