【登录信息】
*a8abf88d0e28dbdf3d4c57e5ec1a39eb*
`登陆天数: 30天 / 668天
等级: 130
石头: 3999
呼符: 219
体力: 20500.086666666666 / 138
友情点: 0 / 466865`
_2024-06-22 04:29:10_
--------
*6aa67e267e7f505832e1370e8c06e1c2*
`登陆天数: 25天 / 667天
等级: 130
石头: 4075
呼符: 327
体力: 35.7 / 138
友情点: 0 / 413775`
_2024-06-22 04:29:18_
--------
*ede9e19c5c91f9a9d288933a29da1be6*
`登陆天数: 25天 / 667天
等级: 130
石头: 4080
呼符: 186
体力: 35.66666666666667 / 138
友情点: 0 / 413825`
_2024-06-22 04:29:26_
--------
*a898f70e3b8cb5e0787308866d7350a7*
`登陆天数: 25天 / 666天
等级: 130
石头: 4065
呼符: 249
体力: 35.63666666666667 / 138
友情点: 0 / 413600`
_2024-06-22 04:29:34_
--------
*bed24bf6fb8d6969d47e7691e0a08460*
`登陆天数: 25天 / 666天
等级: 130
石头: 4066
呼符: 201
体力: 35.60666666666667 / 138
友情点: 0 / 414680`
_2024-06-22 04:29:43_
--------
*c8ef2e2482789641a546b7bd2de2c03e*
`登陆天数: 25天 / 666天
等级: 130
石头: 4069
呼符: 35
体力: 35.57333333333334 / 138
友情点: 0 / 414075`
_2024-06-22 04:29:51_
--------
*508d186501f54d31f4c2355307eb3e40*
`登陆天数: 25天 / 667天
等级: 130
石头: 4040
呼符: 81
体力: 35.54333333333334 / 138
友情点: 0 / 414165`
_2024-06-22 04:29:59_
--------
*0f35fa8073fb14a450569fb0548f8f37*
`登陆天数: 25天 / 666天
等级: 130
石头: 4073
呼符: 41
体力: 35.516666666666666 / 138
友情点: 0 / 414480`
_2024-06-22 04:30:07_
--------
*a1b5371fcbc5b19d8f1b219cf08ac3e8*
`登陆天数: 25天 / 666天
等级: 130
石头: 4072
呼符: 280
体力: 35.483333333333334 / 138
友情点: 0 / 415120`
_2024-06-22 04:30:15_
--------
*f1c51e3bbfc8df4109365e3bcca9437a*
`登陆天数: 25天 / 666天
等级: 130
石头: 4072
呼符: 325
体力: 35.45333333333333 / 138
友情点: 0 / 414290`
_2024-06-22 04:30:24_
--------
*1b1916be055662d9cc73bf9a51c96555*
`登陆天数: 25天 / 666天
等级: 130
石头: 4073
呼符: 333
体力: 35.42666666666666 / 138
友情点: 0 / 415180`
_2024-06-22 04:30:32_
--------
*98c34841415a2605a0b208d12350e0f2*
`登陆天数: 25天 / 666天
等级: 130
石头: 4064
呼符: 305
体力: 35.39666666666666 / 138
友情点: 0 / 415210`
_2024-06-22 04:30:40_
--------
*384a279d4839d05f94edc97538d66675*
`登陆天数: 25天 / 666天
等级: 130
石头: 4061
呼符: 300
体力: 35.36666666666666 / 138
友情点: 0 / 417145`
_2024-06-22 04:30:47_
--------
*a2ed224f66eca18e1e0b896d6dc9768b*
`登陆天数: 25天 / 666天
等级: 130
石头: 4060
呼符: 215
体力: 35.33666666666667 / 138
友情点: 0 / 413835`
_2024-06-22 04:30:55_
--------
*5484165b0c65a5d9cb611f705fa69e8e*
`登陆天数: 25天 / 666天
等级: 130
石头: 4075
呼符: 255
体力: 35.30333333333333 / 138
友情点: 0 / 414405`
_2024-06-22 04:31:03_
--------
*61d5f87230c15b3dc07183b844b216ec*
`登陆天数: 25天 / 666天
等级: 130
石头: 4075
呼符: 133
体力: 35.273333333333326 / 138
友情点: 0 / 415505`
_2024-06-22 04:31:12_
--------
*32b923fcd5d29a33caedbd31498dc6b9*
`登陆天数: 25天 / 666天
等级: 130
石头: 4066
呼符: 35
体力: 35.239999999999995 / 138
友情点: 0 / 414460`
_2024-06-22 04:31:20_
--------
*0650d9b7cb499e2ac0639cb76ba2ac3f*
`登陆天数: 25天 / 666天
等级: 130
石头: 4069
呼符: 250
体力: 35.209999999999994 / 138
友情点: 0 / 414155`
_2024-06-22 04:31:28_
--------
*7ceb7138a1e9f73535bed3b301a026d9*
`登陆天数: 25天 / 667天
等级: 130
石头: 4071
呼符: 204
体力: 35.17666666666666 / 138
友情点: 0 / 414745`
_2024-06-22 04:31:36_
--------
*c4a5d18a3271b2fee367f5c1c6990960*
`登陆天数: 25天 / 667天
等级: 130
石头: 4074
呼符: 311
体力: 35.14666666666666 / 138
友情点: 0 / 413455`
_2024-06-22 04:31:44_
--------
*4fde1928a56609b1f8f74e73b56ec229*
`登陆天数: 25天 / 667天
等级: 130
石头: 4048
呼符: 310
体力: 35.11333333333333 / 138
友情点: 0 / 417185`
_2024-06-22 04:31:52_
--------
*5e36431167c1b2888b3ad5c219dc49cb*
`登陆天数: 25天 / 667天
等级: 130
石头: 4075
呼符: 275
体力: 35.08666666666667 / 138
友情点: 0 / 414390`
_2024-06-22 04:32:00_
--------
*27cfc5b391e35eab71a9106bf8e8187f*
`登陆天数: 25天 / 667天
等级: 130
石头: 4071
呼符: 176
体力: 35.06 / 138
友情点: 0 / 413810`
_2024-06-22 04:32:08_
--------
*f54fb8ebde7542d0385ab4ba2b3d7b99*
`登陆天数: 25天 / 666天
等级: 130
石头: 4064
呼符: 330
体力: 35.03333333333333 / 138
友情点: 0 / 414440`
_2024-06-22 04:32:17_
--------
*1f7877dfd0d93658a805c1d91e42d98b*
`登陆天数: 25天 / 666天
等级: 130
石头: 4073
呼符: 327
体力: 35.010000000000005 / 138
友情点: 0 / 414130`
_2024-06-22 04:32:25_
--------
*3a6c0b601d00fe2edcdbdd172442f643*
`登陆天数: 25天 / 667天
等级: 130
石头: 4072
呼符: 316
体力: 34.97333333333333 / 138
友情点: 0 / 415285`
_2024-06-22 04:32:33_
--------
*a53b289344046ad5861576bc07814b17*
`登陆天数: 25天 / 666天
等级: 130
石头: 4075
呼符: 332
体力: 34.94 / 138
友情点: 0 / 413840`
_2024-06-22 04:32:41_
--------
*6c3f1a13b9e243748f313e99a0031b09*
`登陆天数: 25天 / 667天
等级: 130
石头: 4071
呼符: 156
体力: 34.91333333333333 / 138
友情点: 0 / 415640`
_2024-06-22 04:32:49_
--------
*15853b8fc8cd6601968c7eadaaeaa030*
`登陆天数: 25天 / 667天
等级: 130
石头: 4076
呼符: 330
体力: 34.879999999999995 / 138
友情点: 0 / 414165`
_2024-06-22 04:32:57_
--------
*25a11822f30a95e40b032a75d9917d5f*
`登陆天数: 25天 / 667天
等级: 130
石头: 4073
呼符: 101
体力: 34.849999999999994 / 138
友情点: 0 / 414640`
_2024-06-22 04:33:05_
--------
*76751f8d948f2c3d8009741e36fc322e*
`登陆天数: 25天 / 667天
等级: 130
石头: 4073
呼符: 322
体力: 34.81999999999999 / 138
友情点: 0 / 414990`
_2024-06-22 04:33:13_
--------
*19d1e85cfc352245950ae1b239747ec2*
`登陆天数: 25天 / 667天
等级: 130
石头: 4072
呼符: 254
体力: 34.79666666666667 / 138
友情点: 0 / 417520`
_2024-06-22 04:33:21_
--------
*bf16111f7258b4ce11d4354e094d4d4a*
`登陆天数: 25天 / 666天
等级: 130
石头: 4074
呼符: 236
体力: 34.766666666666666 / 138
友情点: 0 / 414615`
_2024-06-22 04:33:29_
--------
*a311c3a861278ef9ea42c83bbeb832bb*
`登陆天数: 25天 / 667天
等级: 130
石头: 4072
呼符: 161
体力: 34.736666666666665 / 138
友情点: 0 / 414480`
_2024-06-22 04:33:37_
--------
*7d890ec851a1084773ca79844e1d4c99*
`登陆天数: 25天 / 667天
等级: 130
石头: 4079
呼符: 323
体力: 34.70666666666666 / 138
友情点: 0 / 415320`
_2024-06-22 04:33:45_
--------
*eb1c04a8e45b76f0563d8da3f9a00ab6*
`登陆天数: 25天 / 667天
等级: 130
石头: 4068
呼符: 284
体力: 34.67333333333333 / 138
友情点: 0 / 414950`
_2024-06-22 04:33:53_
--------
*a02a95ce28fc51ef81382c3ff7bc0b83*
`登陆天数: 25天 / 667天
等级: 130
石头: 4028
呼符: 309
体力: 34.64333333333333 / 138
友情点: 0 / 416325`
_2024-06-22 04:34:02_
--------
*8aaef9de6925428b82dbdbf6f0eaf46c*
`登陆天数: 25天 / 667天
等级: 130
石头: 4069
呼符: 267
体力: 34.61333333333333 / 138
友情点: 0 / 414540`
_2024-06-22 04:34:10_
--------
*9b20862a2bb58650ccfcdc5c6639fe8e*
`登陆天数: 25天 / 667天
等级: 130
石头: 4070
呼符: 316
体力: 34.58333333333333 / 138
友情点: 0 / 415045`
_2024-06-22 04:34:18_
--------
*6355c6562beb5dcd949cb5512520bc0f*
`登陆天数: 25天 / 667天
等级: 130
石头: 4068
呼符: 186
体力: 34.55333333333333 / 138
友情点: 0 / 414370`
_2024-06-22 04:34:26_
--------
*aee6e480f825560c718d219de7664efd*
`登陆天数: 25天 / 667天
等级: 130
石头: 4028
呼符: 221
体力: 34.519999999999996 / 138
友情点: 0 / 415505`
_2024-06-22 04:34:34_
--------
*b723021e28b171d6feaa382af59227e0*
`登陆天数: 25天 / 667天
等级: 130
石头: 4073
呼符: 326
体力: 34.489999999999995 / 138
友情点: 0 / 414215`
_2024-06-22 04:34:42_
--------
*00f71cd834d23ab2624e887ba3be215f*
`登陆天数: 25天 / 667天
等级: 130
石头: 4063
呼符: 107
体力: 34.45666666666666 / 138
友情点: 0 / 414675`
_2024-06-22 04:34:50_
--------
*115cfa26f84b7e99c9e1f249b84c9092*
`登陆天数: 25天 / 667天
等级: 130
石头: 4074
呼符: 262
体力: 34.42666666666666 / 138
友情点: 0 / 416160`
_2024-06-22 04:34:58_
--------
*0b3f2d4efa91341118256fbda08e4111*
`登陆天数: 25天 / 667天
等级: 130
石头: 4048
呼符: 173
体力: 34.39 / 138
友情点: 0 / 414295`
_2024-06-22 04:35:06_
--------
*07f240b9dc8cd361a0733c2e8b09d098*
`登陆天数: 25天 / 667天
等级: 130
石头: 4051
呼符: 295
体力: 34.36666666666666 / 138
友情点: 0 / 416185`
_2024-06-22 04:35:14_
--------
*804f8e4fdd7df6a6fecd9ed068512deb*
`登陆天数: 25天 / 667天
等级: 130
石头: 4075
呼符: 203
体力: 34.34 / 138
友情点: 0 / 415090`
_2024-06-22 04:35:22_
--------
*65188588d1c1590af683bcd6b21f5e7c*
`登陆天数: 25天 / 667天
等级: 130
石头: 4067
呼符: 324
体力: 34.31666666666666 / 138
友情点: 0 / 413345`
_2024-06-22 04:35:31_
--------
*aa8d11f9b24664a2c35f6e0dbcda2205*
`登陆天数: 25天 / 667天
等级: 130
石头: 4083
呼符: 116
体力: 34.28666666666666 / 138
友情点: 0 / 414255`
_2024-06-22 04:35:39_
--------
*eb8eaf3abcc73d989299640064160ab1*
`登陆天数: 25天 / 667天
等级: 130
石头: 4074
呼符: 216
体力: 34.25333333333333 / 138
友情点: 0 / 414315`
_2024-06-22 04:35:48_
--------
