【登录信息】
*a8abf88d0e28dbdf3d4c57e5ec1a39eb*
`登陆天数: 31天 / 669天
等级: 130
石头: 3999
呼符: 219
体力: 20788.26 / 138
友情点: 0 / 466865`
_2024-06-23 04:30:03_
--------
*6aa67e267e7f505832e1370e8c06e1c2*
`登陆天数: 26天 / 668天
等级: 130
石头: 4076
呼符: 327
体力: 30.46333333333334 / 138
友情点: 0 / 407775`
_2024-06-23 04:30:10_
--------
*ede9e19c5c91f9a9d288933a29da1be6*
`登陆天数: 26天 / 668天
等级: 130
石头: 4081
呼符: 186
体力: 30.430000000000007 / 138
友情点: 0 / 407825`
_2024-06-23 04:30:18_
--------
*a898f70e3b8cb5e0787308866d7350a7*
`登陆天数: 26天 / 667天
等级: 130
石头: 4066
呼符: 249
体力: 30.400000000000006 / 138
友情点: 0 / 407600`
_2024-06-23 04:30:26_
--------
*bed24bf6fb8d6969d47e7691e0a08460*
`登陆天数: 26天 / 667天
等级: 130
石头: 4067
呼符: 201
体力: 30.370000000000005 / 138
友情点: 0 / 408680`
_2024-06-23 04:30:34_
--------
*c8ef2e2482789641a546b7bd2de2c03e*
`登陆天数: 26天 / 667天
等级: 130
石头: 4070
呼符: 35
体力: 30.340000000000003 / 138
友情点: 0 / 408075`
_2024-06-23 04:30:41_
--------
*508d186501f54d31f4c2355307eb3e40*
`登陆天数: 26天 / 668天
等级: 130
石头: 4041
呼符: 81
体力: 30.310000000000002 / 138
友情点: 0 / 408165`
_2024-06-23 04:30:49_
--------
*0f35fa8073fb14a450569fb0548f8f37*
`登陆天数: 26天 / 667天
等级: 130
石头: 4074
呼符: 41
体力: 30.28 / 138
友情点: 0 / 408480`
_2024-06-23 04:30:57_
--------
*a1b5371fcbc5b19d8f1b219cf08ac3e8*
`登陆天数: 26天 / 667天
等级: 130
石头: 4073
呼符: 280
体力: 30.25333333333333 / 138
友情点: 0 / 409120`
_2024-06-23 04:31:05_
--------
*f1c51e3bbfc8df4109365e3bcca9437a*
`登陆天数: 26天 / 667天
等级: 130
石头: 4073
呼符: 325
体力: 30.22333333333333 / 138
友情点: 0 / 408290`
_2024-06-23 04:31:12_
--------
*1b1916be055662d9cc73bf9a51c96555*
`登陆天数: 26天 / 667天
等级: 130
石头: 4074
呼符: 333
体力: 30.189999999999998 / 138
友情点: 0 / 409180`
_2024-06-23 04:31:20_
--------
*98c34841415a2605a0b208d12350e0f2*
`登陆天数: 26天 / 667天
等级: 130
石头: 4065
呼符: 305
体力: 30.163333333333327 / 138
友情点: 0 / 409210`
_2024-06-23 04:31:27_
--------
*384a279d4839d05f94edc97538d66675*
`登陆天数: 26天 / 667天
等级: 130
石头: 4062
呼符: 300
体力: 30.13333333333334 / 138
友情点: 0 / 411145`
_2024-06-23 04:31:35_
--------
*a2ed224f66eca18e1e0b896d6dc9768b*
`登陆天数: 26天 / 667天
等级: 130
石头: 4061
呼符: 215
体力: 30.099999999999994 / 138
友情点: 0 / 407835`
_2024-06-23 04:31:43_
--------
*5484165b0c65a5d9cb611f705fa69e8e*
`登陆天数: 26天 / 667天
等级: 130
石头: 4076
呼符: 255
体力: 30.073333333333338 / 138
友情点: 0 / 408405`
_2024-06-23 04:31:50_
--------
*61d5f87230c15b3dc07183b844b216ec*
`登陆天数: 26天 / 667天
等级: 130
石头: 4076
呼符: 133
体力: 30.043333333333337 / 138
友情点: 0 / 409505`
_2024-06-23 04:31:58_
--------
*32b923fcd5d29a33caedbd31498dc6b9*
`登陆天数: 26天 / 667天
等级: 130
石头: 4067
呼符: 35
体力: 30.013333333333335 / 138
友情点: 0 / 408460`
_2024-06-23 04:32:06_
--------
*0650d9b7cb499e2ac0639cb76ba2ac3f*
`登陆天数: 26天 / 667天
等级: 130
石头: 4070
呼符: 250
体力: 29.980000000000004 / 138
友情点: 0 / 408155`
_2024-06-23 04:32:14_
--------
*7ceb7138a1e9f73535bed3b301a026d9*
`登陆天数: 26天 / 668天
等级: 130
石头: 4072
呼符: 204
体力: 29.950000000000003 / 138
友情点: 0 / 408745`
_2024-06-23 04:32:22_
--------
*c4a5d18a3271b2fee367f5c1c6990960*
`登陆天数: 26天 / 668天
等级: 130
石头: 4075
呼符: 311
体力: 29.923333333333332 / 138
友情点: 0 / 407455`
_2024-06-23 04:32:30_
--------
*4fde1928a56609b1f8f74e73b56ec229*
`登陆天数: 26天 / 668天
等级: 130
石头: 4049
呼符: 310
体力: 29.89333333333333 / 138
友情点: 0 / 411185`
_2024-06-23 04:32:37_
--------
*5e36431167c1b2888b3ad5c219dc49cb*
`登陆天数: 26天 / 668天
等级: 130
石头: 4076
呼符: 275
体力: 29.86 / 138
友情点: 0 / 408390`
_2024-06-23 04:32:45_
--------
*27cfc5b391e35eab71a9106bf8e8187f*
`登陆天数: 26天 / 668天
等级: 130
石头: 4072
呼符: 176
体力: 29.83333333333333 / 138
友情点: 0 / 407810`
_2024-06-23 04:32:53_
--------
*f54fb8ebde7542d0385ab4ba2b3d7b99*
`登陆天数: 26天 / 667天
等级: 130
石头: 4065
呼符: 330
体力: 29.803333333333327 / 138
友情点: 0 / 408440`
_2024-06-23 04:33:00_
--------
*1f7877dfd0d93658a805c1d91e42d98b*
`登陆天数: 26天 / 667天
等级: 130
石头: 4074
呼符: 327
体力: 29.77666666666667 / 138
友情点: 0 / 408130`
_2024-06-23 04:33:09_
--------
*3a6c0b601d00fe2edcdbdd172442f643*
`登陆天数: 26天 / 668天
等级: 130
石头: 4073
呼符: 316
体力: 29.75 / 138
友情点: 0 / 409285`
_2024-06-23 04:33:16_
--------
*a53b289344046ad5861576bc07814b17*
`登陆天数: 26天 / 667天
等级: 130
石头: 4076
呼符: 332
体力: 29.72 / 138
友情点: 0 / 407840`
_2024-06-23 04:33:24_
--------
*6c3f1a13b9e243748f313e99a0031b09*
`登陆天数: 26天 / 668天
等级: 130
石头: 4072
呼符: 156
体力: 29.689999999999998 / 138
友情点: 0 / 409640`
_2024-06-23 04:33:32_
--------
*15853b8fc8cd6601968c7eadaaeaa030*
`登陆天数: 26天 / 668天
等级: 130
石头: 4077
呼符: 330
体力: 29.659999999999997 / 138
友情点: 0 / 408165`
_2024-06-23 04:33:39_
--------
*25a11822f30a95e40b032a75d9917d5f*
`登陆天数: 26天 / 668天
等级: 130
石头: 4074
呼符: 101
体力: 29.626666666666665 / 138
友情点: 0 / 408640`
_2024-06-23 04:33:47_
--------
*76751f8d948f2c3d8009741e36fc322e*
`登陆天数: 26天 / 668天
等级: 130
石头: 4074
呼符: 322
体力: 29.596666666666664 / 138
友情点: 0 / 408990`
_2024-06-23 04:33:55_
--------
*19d1e85cfc352245950ae1b239747ec2*
`登陆天数: 26天 / 668天
等级: 130
石头: 4073
呼符: 254
体力: 29.566666666666663 / 138
友情点: 0 / 411520`
_2024-06-23 04:34:02_
--------
*bf16111f7258b4ce11d4354e094d4d4a*
`登陆天数: 26天 / 667天
等级: 130
石头: 4075
呼符: 236
体力: 29.53666666666666 / 138
友情点: 0 / 408615`
_2024-06-23 04:34:10_
--------
*a311c3a861278ef9ea42c83bbeb832bb*
`登陆天数: 26天 / 668天
等级: 130
石头: 4073
呼符: 161
体力: 29.50333333333333 / 138
友情点: 0 / 408480`
_2024-06-23 04:34:18_
--------
*7d890ec851a1084773ca79844e1d4c99*
`登陆天数: 26天 / 668天
等级: 130
石头: 4080
呼符: 323
体力: 29.47333333333333 / 138
友情点: 0 / 409320`
_2024-06-23 04:34:25_
--------
*eb1c04a8e45b76f0563d8da3f9a00ab6*
`登陆天数: 26天 / 668天
等级: 130
石头: 4069
呼符: 284
体力: 29.439999999999998 / 138
友情点: 0 / 408950`
_2024-06-23 04:34:33_
--------
*a02a95ce28fc51ef81382c3ff7bc0b83*
`登陆天数: 26天 / 668天
等级: 130
石头: 4029
呼符: 309
体力: 29.406666666666666 / 138
友情点: 0 / 410325`
_2024-06-23 04:34:41_
--------
*8aaef9de6925428b82dbdbf6f0eaf46c*
`登陆天数: 26天 / 668天
等级: 130
石头: 4070
呼符: 267
体力: 29.373333333333335 / 138
友情点: 0 / 408540`
_2024-06-23 04:34:48_
--------
*9b20862a2bb58650ccfcdc5c6639fe8e*
`登陆天数: 26天 / 668天
等级: 130
石头: 4071
呼符: 316
体力: 29.343333333333334 / 138
友情点: 0 / 409045`
_2024-06-23 04:34:56_
--------
*6355c6562beb5dcd949cb5512520bc0f*
`登陆天数: 26天 / 668天
等级: 130
石头: 4069
呼符: 186
体力: 29.316666666666663 / 138
友情点: 0 / 408370`
_2024-06-23 04:35:03_
--------
*aee6e480f825560c718d219de7664efd*
`登陆天数: 26天 / 668天
等级: 130
石头: 4029
呼符: 221
体力: 29.28333333333333 / 138
友情点: 0 / 409505`
_2024-06-23 04:35:11_
--------
*b723021e28b171d6feaa382af59227e0*
`登陆天数: 26天 / 668天
等级: 130
石头: 4074
呼符: 326
体力: 29.25333333333333 / 138
友情点: 0 / 408215`
_2024-06-23 04:35:19_
--------
*00f71cd834d23ab2624e887ba3be215f*
`登陆天数: 26天 / 668天
等级: 130
石头: 4064
呼符: 107
体力: 29.226666666666674 / 138
友情点: 0 / 408675`
_2024-06-23 04:35:26_
--------
*115cfa26f84b7e99c9e1f249b84c9092*
`登陆天数: 26天 / 668天
等级: 130
石头: 4075
呼符: 262
体力: 29.193333333333328 / 138
友情点: 0 / 410160`
_2024-06-23 04:35:34_
--------
*0b3f2d4efa91341118256fbda08e4111*
`登陆天数: 26天 / 668天
等级: 130
石头: 4049
呼符: 173
体力: 29.16666666666667 / 138
友情点: 0 / 408295`
_2024-06-23 04:35:42_
--------
*07f240b9dc8cd361a0733c2e8b09d098*
`登陆天数: 26天 / 668天
等级: 130
石头: 4052
呼符: 295
体力: 29.13666666666667 / 138
友情点: 0 / 410185`
_2024-06-23 04:35:49_
--------
*804f8e4fdd7df6a6fecd9ed068512deb*
`登陆天数: 26天 / 668天
等级: 130
石头: 4076
呼符: 203
体力: 29.11 / 138
友情点: 0 / 409090`
_2024-06-23 04:35:57_
--------
*65188588d1c1590af683bcd6b21f5e7c*
`登陆天数: 26天 / 668天
等级: 130
石头: 4068
呼符: 324
体力: 29.08 / 138
友情点: 0 / 407345`
_2024-06-23 04:36:05_
--------
*aa8d11f9b24664a2c35f6e0dbcda2205*
`登陆天数: 26天 / 668天
等级: 130
石头: 4084
呼符: 116
体力: 29.049999999999997 / 138
友情点: 0 / 408255`
_2024-06-23 04:36:13_
--------
*eb8eaf3abcc73d989299640064160ab1*
`登陆天数: 26天 / 668天
等级: 130
石头: 4075
呼符: 216
体力: 29.019999999999996 / 138
友情点: 0 / 408315`
_2024-06-23 04:36:21_
--------
