【登录信息】
*a8abf88d0e28dbdf3d4c57e5ec1a39eb*
`登陆天数: 32天 / 670天
等级: 130
石头: 3999
呼符: 219
体力: 21076.476666666666 / 138
友情点: 0 / 466865`
_2024-06-24 04:31:07_
--------
*6aa67e267e7f505832e1370e8c06e1c2*
`登陆天数: 27天 / 669天
等级: 130
石头: 4078
呼符: 327
体力: 30.433333333333337 / 138
友情点: 0 / 401775`
_2024-06-24 04:31:15_
--------
*ede9e19c5c91f9a9d288933a29da1be6*
`登陆天数: 27天 / 669天
等级: 130
石头: 4083
呼符: 186
体力: 30.403333333333336 / 138
友情点: 0 / 401825`
_2024-06-24 04:31:23_
--------
*a898f70e3b8cb5e0787308866d7350a7*
`登陆天数: 27天 / 668天
等级: 130
石头: 4068
呼符: 249
体力: 30.376666666666665 / 138
友情点: 0 / 401600`
_2024-06-24 04:31:31_
--------
*bed24bf6fb8d6969d47e7691e0a08460*
`登陆天数: 27天 / 668天
等级: 130
石头: 4069
呼符: 201
体力: 30.346666666666664 / 138
友情点: 0 / 402680`
_2024-06-24 04:31:38_
--------
*c8ef2e2482789641a546b7bd2de2c03e*
`登陆天数: 27天 / 668天
等级: 130
石头: 4072
呼符: 35
体力: 30.319999999999993 / 138
友情点: 0 / 402075`
_2024-06-24 04:31:46_
--------
*508d186501f54d31f4c2355307eb3e40*
`登陆天数: 27天 / 669天
等级: 130
石头: 4043
呼符: 81
体力: 30.290000000000006 / 138
友情点: 0 / 402165`
_2024-06-24 04:31:53_
--------
*0f35fa8073fb14a450569fb0548f8f37*
`登陆天数: 27天 / 668天
等级: 130
石头: 4076
呼符: 41
体力: 30.260000000000005 / 138
友情点: 0 / 402480`
_2024-06-24 04:32:01_
--------
*a1b5371fcbc5b19d8f1b219cf08ac3e8*
`登陆天数: 27天 / 668天
等级: 130
石头: 4075
呼符: 280
体力: 30.233333333333334 / 138
友情点: 0 / 403120`
_2024-06-24 04:32:09_
--------
*f1c51e3bbfc8df4109365e3bcca9437a*
`登陆天数: 27天 / 668天
等级: 130
石头: 4075
呼符: 325
体力: 30.206666666666663 / 138
友情点: 0 / 402290`
_2024-06-24 04:32:16_
--------
*1b1916be055662d9cc73bf9a51c96555*
`登陆天数: 27天 / 668天
等级: 130
石头: 4076
呼符: 333
体力: 30.176666666666662 / 138
友情点: 0 / 403180`
_2024-06-24 04:32:24_
--------
*98c34841415a2605a0b208d12350e0f2*
`登陆天数: 27天 / 668天
等级: 130
石头: 4067
呼符: 305
体力: 30.150000000000006 / 138
友情点: 0 / 403210`
_2024-06-24 04:32:31_
--------
*384a279d4839d05f94edc97538d66675*
`登陆天数: 27天 / 668天
等级: 130
石头: 4064
呼符: 300
体力: 30.123333333333335 / 138
友情点: 0 / 405145`
_2024-06-24 04:32:39_
--------
*a2ed224f66eca18e1e0b896d6dc9768b*
`登陆天数: 27天 / 668天
等级: 130
石头: 4063
呼符: 215
体力: 30.096666666666664 / 138
友情点: 0 / 401835`
_2024-06-24 04:32:47_
--------
*5484165b0c65a5d9cb611f705fa69e8e*
`登陆天数: 27天 / 668天
等级: 130
石头: 4078
呼符: 255
体力: 30.066666666666663 / 138
友情点: 0 / 402405`
_2024-06-24 04:32:55_
--------
*61d5f87230c15b3dc07183b844b216ec*
`登陆天数: 27天 / 668天
等级: 130
石头: 4078
呼符: 133
体力: 30.040000000000006 / 138
友情点: 0 / 403505`
_2024-06-24 04:33:03_
--------
*32b923fcd5d29a33caedbd31498dc6b9*
`登陆天数: 27天 / 668天
等级: 130
石头: 4069
呼符: 35
体力: 30.013333333333335 / 138
友情点: 0 / 402460`
_2024-06-24 04:33:11_
--------
*0650d9b7cb499e2ac0639cb76ba2ac3f*
`登陆天数: 27天 / 668天
等级: 130
石头: 4072
呼符: 250
体力: 29.983333333333334 / 138
友情点: 0 / 402155`
_2024-06-24 04:33:18_
--------
*7ceb7138a1e9f73535bed3b301a026d9*
`登陆天数: 27天 / 669天
等级: 130
石头: 4074
呼符: 204
体力: 29.956666666666663 / 138
友情点: 0 / 402745`
_2024-06-24 04:33:26_
--------
*c4a5d18a3271b2fee367f5c1c6990960*
`登陆天数: 27天 / 669天
等级: 130
石头: 4077
呼符: 311
体力: 29.926666666666662 / 138
友情点: 0 / 401455`
_2024-06-24 04:33:33_
--------
*4fde1928a56609b1f8f74e73b56ec229*
`登陆天数: 27天 / 669天
等级: 130
石头: 4051
呼符: 310
体力: 29.900000000000006 / 138
友情点: 0 / 405185`
_2024-06-24 04:33:41_
--------
*5e36431167c1b2888b3ad5c219dc49cb*
`登陆天数: 27天 / 669天
等级: 130
石头: 4078
呼符: 275
体力: 29.873333333333335 / 138
友情点: 0 / 402390`
_2024-06-24 04:33:48_
--------
*27cfc5b391e35eab71a9106bf8e8187f*
`登陆天数: 27天 / 669天
等级: 130
石头: 4074
呼符: 176
体力: 29.843333333333334 / 138
友情点: 0 / 401810`
_2024-06-24 04:33:56_
--------
*f54fb8ebde7542d0385ab4ba2b3d7b99*
`登陆天数: 27天 / 668天
等级: 130
石头: 4067
呼符: 330
体力: 29.816666666666663 / 138
友情点: 0 / 402440`
_2024-06-24 04:34:03_
--------
*1f7877dfd0d93658a805c1d91e42d98b*
`登陆天数: 27天 / 668天
等级: 130
石头: 4076
呼符: 327
体力: 29.793333333333337 / 138
友情点: 0 / 402130`
_2024-06-24 04:34:11_
--------
*3a6c0b601d00fe2edcdbdd172442f643*
`登陆天数: 27天 / 669天
等级: 130
石头: 4075
呼符: 316
体力: 29.760000000000005 / 138
友情点: 0 / 403285`
_2024-06-24 04:34:19_
--------
*a53b289344046ad5861576bc07814b17*
`登陆天数: 27天 / 668天
等级: 130
石头: 4078
呼符: 332
体力: 29.733333333333334 / 138
友情点: 0 / 401840`
_2024-06-24 04:34:27_
--------
*6c3f1a13b9e243748f313e99a0031b09*
`登陆天数: 27天 / 669天
等级: 130
石头: 4074
呼符: 156
体力: 29.703333333333333 / 138
友情点: 0 / 403640`
_2024-06-24 04:34:34_
--------
*15853b8fc8cd6601968c7eadaaeaa030*
`登陆天数: 27天 / 669天
等级: 130
石头: 4079
呼符: 330
体力: 29.676666666666662 / 138
友情点: 0 / 402165`
_2024-06-24 04:34:42_
--------
*25a11822f30a95e40b032a75d9917d5f*
`登陆天数: 27天 / 669天
等级: 130
石头: 4076
呼符: 101
体力: 29.650000000000006 / 138
友情点: 0 / 402640`
_2024-06-24 04:34:49_
--------
*76751f8d948f2c3d8009741e36fc322e*
`登陆天数: 27天 / 669天
等级: 130
石头: 4076
呼符: 322
体力: 29.620000000000005 / 138
友情点: 0 / 402990`
_2024-06-24 04:34:57_
--------
*19d1e85cfc352245950ae1b239747ec2*
`登陆天数: 27天 / 669天
等级: 130
石头: 4075
呼符: 254
体力: 29.593333333333334 / 138
友情点: 0 / 405520`
_2024-06-24 04:35:04_
--------
*bf16111f7258b4ce11d4354e094d4d4a*
`登陆天数: 27天 / 668天
等级: 130
石头: 4077
呼符: 236
体力: 29.563333333333333 / 138
友情点: 0 / 402615`
_2024-06-24 04:35:12_
--------
*a311c3a861278ef9ea42c83bbeb832bb*
`登陆天数: 27天 / 669天
等级: 130
石头: 4075
呼符: 161
体力: 29.53666666666666 / 138
友情点: 0 / 402480`
_2024-06-24 04:35:20_
--------
*7d890ec851a1084773ca79844e1d4c99*
`登陆天数: 27天 / 669天
等级: 130
石头: 4082
呼符: 323
体力: 29.510000000000005 / 138
友情点: 0 / 403320`
_2024-06-24 04:35:27_
--------
*eb1c04a8e45b76f0563d8da3f9a00ab6*
`登陆天数: 27天 / 669天
等级: 130
石头: 4071
呼符: 284
体力: 29.476666666666674 / 138
友情点: 0 / 402950`
_2024-06-24 04:35:35_
--------
*a02a95ce28fc51ef81382c3ff7bc0b83*
`登陆天数: 27天 / 669天
等级: 130
石头: 4031
呼符: 309
体力: 29.450000000000003 / 138
友情点: 0 / 404325`
_2024-06-24 04:35:42_
--------
*8aaef9de6925428b82dbdbf6f0eaf46c*
`登陆天数: 27天 / 669天
等级: 130
石头: 4072
呼符: 267
体力: 29.42 / 138
友情点: 0 / 402540`
_2024-06-24 04:35:50_
--------
*9b20862a2bb58650ccfcdc5c6639fe8e*
`登陆天数: 27天 / 669天
等级: 130
石头: 4073
呼符: 316
体力: 29.39333333333333 / 138
友情点: 0 / 403045`
_2024-06-24 04:35:57_
--------
*6355c6562beb5dcd949cb5512520bc0f*
`登陆天数: 27天 / 669天
等级: 130
石头: 4071
呼符: 186
体力: 29.36333333333333 / 138
友情点: 0 / 402370`
_2024-06-24 04:36:05_
--------
*aee6e480f825560c718d219de7664efd*
`登陆天数: 27天 / 669天
等级: 130
石头: 4031
呼符: 221
体力: 29.336666666666673 / 138
友情点: 0 / 403505`
_2024-06-24 04:36:13_
--------
*b723021e28b171d6feaa382af59227e0*
`登陆天数: 27天 / 669天
等级: 130
石头: 4076
呼符: 326
体力: 29.310000000000002 / 138
友情点: 0 / 402215`
_2024-06-24 04:36:20_
--------
*00f71cd834d23ab2624e887ba3be215f*
`登陆天数: 27天 / 669天
等级: 130
石头: 4066
呼符: 107
体力: 29.28333333333333 / 138
友情点: 0 / 402675`
_2024-06-24 04:36:28_
--------
*115cfa26f84b7e99c9e1f249b84c9092*
`登陆天数: 27天 / 669天
等级: 130
石头: 4077
呼符: 262
体力: 29.25666666666666 / 138
友情点: 0 / 404160`
_2024-06-24 04:36:36_
--------
*0b3f2d4efa91341118256fbda08e4111*
`登陆天数: 27天 / 669天
等级: 130
石头: 4051
呼符: 173
体力: 29.226666666666674 / 138
友情点: 0 / 402295`
_2024-06-24 04:36:43_
--------
*07f240b9dc8cd361a0733c2e8b09d098*
`登陆天数: 27天 / 669天
等级: 130
石头: 4054
呼符: 295
体力: 29.200000000000003 / 138
友情点: 0 / 404185`
_2024-06-24 04:36:51_
--------
*804f8e4fdd7df6a6fecd9ed068512deb*
`登陆天数: 27天 / 669天
等级: 130
石头: 4078
呼符: 203
体力: 29.173333333333332 / 138
友情点: 0 / 403090`
_2024-06-24 04:36:58_
--------
*65188588d1c1590af683bcd6b21f5e7c*
`登陆天数: 27天 / 669天
等级: 130
石头: 4070
呼符: 324
体力: 29.14666666666666 / 138
友情点: 0 / 401345`
_2024-06-24 04:37:06_
--------
*aa8d11f9b24664a2c35f6e0dbcda2205*
`登陆天数: 27天 / 669天
等级: 130
石头: 4086
呼符: 116
体力: 29.11666666666666 / 138
友情点: 0 / 402255`
_2024-06-24 04:37:14_
--------
*eb8eaf3abcc73d989299640064160ab1*
`登陆天数: 27天 / 669天
等级: 130
石头: 4077
呼符: 216
体力: 29.090000000000003 / 138
友情点: 0 / 402315`
_2024-06-24 04:37:21_
--------
