【登录信息】
*a8abf88d0e28dbdf3d4c57e5ec1a39eb*
`登陆天数: 33天 / 671天
等级: 130
石头: 3999
呼符: 219
体力: 21364.383333333335 / 138
友情点: 0 / 466865`
_2024-06-25 04:30:40_
--------
*6aa67e267e7f505832e1370e8c06e1c2*
`登陆天数: 28天 / 670天
等级: 130
石头: 4078
呼符: 329
体力: 35.980000000000004 / 138
友情点: 0 / 395775`
_2024-06-25 04:30:48_
--------
*ede9e19c5c91f9a9d288933a29da1be6*
`登陆天数: 28天 / 670天
等级: 130
石头: 4083
呼符: 188
体力: 35.94666666666667 / 138
友情点: 0 / 395825`
_2024-06-25 04:30:55_
--------
*a898f70e3b8cb5e0787308866d7350a7*
`登陆天数: 28天 / 669天
等级: 130
石头: 4068
呼符: 251
体力: 35.91 / 138
友情点: 0 / 395600`
_2024-06-25 04:31:03_
--------
*bed24bf6fb8d6969d47e7691e0a08460*
`登陆天数: 28天 / 669天
等级: 130
石头: 4069
呼符: 203
体力: 35.879999999999995 / 138
友情点: 0 / 396680`
_2024-06-25 04:31:11_
--------
*c8ef2e2482789641a546b7bd2de2c03e*
`登陆天数: 28天 / 669天
等级: 130
石头: 4072
呼符: 37
体力: 35.846666666666664 / 138
友情点: 0 / 400075`
_2024-06-25 04:31:18_
--------
*508d186501f54d31f4c2355307eb3e40*
`登陆天数: 28天 / 670天
等级: 130
石头: 4043
呼符: 83
体力: 35.81666666666666 / 138
友情点: 0 / 396165`
_2024-06-25 04:31:26_
--------
*0f35fa8073fb14a450569fb0548f8f37*
`登陆天数: 28天 / 669天
等级: 130
石头: 4076
呼符: 43
体力: 35.78333333333333 / 138
友情点: 0 / 396480`
_2024-06-25 04:31:34_
--------
*a1b5371fcbc5b19d8f1b219cf08ac3e8*
`登陆天数: 28天 / 669天
等级: 130
石头: 4075
呼符: 282
体力: 35.75333333333333 / 138
友情点: 0 / 397120`
_2024-06-25 04:31:42_
--------
*f1c51e3bbfc8df4109365e3bcca9437a*
`登陆天数: 28天 / 669天
等级: 130
石头: 4075
呼符: 327
体力: 35.72333333333333 / 138
友情点: 0 / 396290`
_2024-06-25 04:31:49_
--------
*1b1916be055662d9cc73bf9a51c96555*
`登陆天数: 28天 / 669天
等级: 130
石头: 4076
呼符: 335
体力: 35.69333333333333 / 138
友情点: 0 / 397180`
_2024-06-25 04:31:57_
--------
*98c34841415a2605a0b208d12350e0f2*
`登陆天数: 28天 / 669天
等级: 130
石头: 4067
呼符: 307
体力: 35.66333333333333 / 138
友情点: 0 / 397210`
_2024-06-25 04:32:05_
--------
*384a279d4839d05f94edc97538d66675*
`登陆天数: 28天 / 669天
等级: 130
石头: 4064
呼符: 302
体力: 35.63666666666667 / 138
友情点: 0 / 399145`
_2024-06-25 04:32:12_
--------
*a2ed224f66eca18e1e0b896d6dc9768b*
`登陆天数: 28天 / 669天
等级: 130
石头: 4063
呼符: 217
体力: 35.60333333333334 / 138
友情点: 0 / 395835`
_2024-06-25 04:32:20_
--------
*5484165b0c65a5d9cb611f705fa69e8e*
`登陆天数: 28天 / 669天
等级: 130
石头: 4078
呼符: 257
体力: 35.57666666666667 / 138
友情点: 0 / 396405`
_2024-06-25 04:32:27_
--------
*61d5f87230c15b3dc07183b844b216ec*
`登陆天数: 28天 / 669天
等级: 130
石头: 4078
呼符: 135
体力: 35.54666666666667 / 138
友情点: 0 / 397505`
_2024-06-25 04:32:35_
--------
*32b923fcd5d29a33caedbd31498dc6b9*
`登陆天数: 28天 / 669天
等级: 130
石头: 4069
呼符: 37
体力: 35.516666666666666 / 138
友情点: 0 / 396460`
_2024-06-25 04:32:43_
--------
*0650d9b7cb499e2ac0639cb76ba2ac3f*
`登陆天数: 28天 / 669天
等级: 130
石头: 4072
呼符: 252
体力: 35.483333333333334 / 138
友情点: 0 / 396155`
_2024-06-25 04:32:51_
--------
*7ceb7138a1e9f73535bed3b301a026d9*
`登陆天数: 28天 / 670天
等级: 130
石头: 4074
呼符: 206
体力: 35.45333333333333 / 138
友情点: 0 / 396745`
_2024-06-25 04:32:59_
--------
*c4a5d18a3271b2fee367f5c1c6990960*
`登陆天数: 28天 / 670天
等级: 130
石头: 4077
呼符: 313
体力: 35.42666666666666 / 138
友情点: 0 / 395455`
_2024-06-25 04:33:06_
--------
*4fde1928a56609b1f8f74e73b56ec229*
`登陆天数: 28天 / 670天
等级: 130
石头: 4051
呼符: 312
体力: 35.39 / 138
友情点: 0 / 399185`
_2024-06-25 04:33:14_
--------
*5e36431167c1b2888b3ad5c219dc49cb*
`登陆天数: 28天 / 670天
等级: 130
石头: 4078
呼符: 277
体力: 35.36333333333333 / 138
友情点: 0 / 396390`
_2024-06-25 04:33:21_
--------
*27cfc5b391e35eab71a9106bf8e8187f*
`登陆天数: 28天 / 670天
等级: 130
石头: 4074
呼符: 178
体力: 35.33 / 138
友情点: 0 / 395810`
_2024-06-25 04:33:29_
--------
*f54fb8ebde7542d0385ab4ba2b3d7b99*
`登陆天数: 28天 / 669天
等级: 130
石头: 4067
呼符: 332
体力: 35.3 / 138
友情点: 0 / 396440`
_2024-06-25 04:33:37_
--------
*1f7877dfd0d93658a805c1d91e42d98b*
`登陆天数: 28天 / 669天
等级: 130
石头: 4076
呼符: 329
体力: 35.273333333333326 / 138
友情点: 0 / 396130`
_2024-06-25 04:33:44_
--------
*3a6c0b601d00fe2edcdbdd172442f643*
`登陆天数: 28天 / 670天
等级: 130
石头: 4075
呼符: 318
体力: 27.909999999999997 / 138
友情点: 0 / 399285`
_2024-06-25 04:33:52_
--------
*a53b289344046ad5861576bc07814b17*
`登陆天数: 28天 / 669天
等级: 130
石头: 4078
呼符: 334
体力: 27.88333333333334 / 138
友情点: 0 / 397840`
_2024-06-25 04:34:00_
--------
*6c3f1a13b9e243748f313e99a0031b09*
`登陆天数: 28天 / 670天
等级: 130
石头: 4074
呼符: 158
体力: 27.85333333333334 / 138
友情点: 0 / 399640`
_2024-06-25 04:34:07_
--------
*15853b8fc8cd6601968c7eadaaeaa030*
`登陆天数: 28天 / 670天
等级: 130
石头: 4079
呼符: 332
体力: 27.819999999999993 / 138
友情点: 0 / 398165`
_2024-06-25 04:34:15_
--------
*25a11822f30a95e40b032a75d9917d5f*
`登陆天数: 28天 / 670天
等级: 130
石头: 4076
呼符: 103
体力: 27.790000000000006 / 138
友情点: 0 / 398640`
_2024-06-25 04:34:23_
--------
*76751f8d948f2c3d8009741e36fc322e*
`登陆天数: 28天 / 670天
等级: 130
石头: 4076
呼符: 324
体力: 27.760000000000005 / 138
友情点: 0 / 398990`
_2024-06-25 04:34:30_
--------
*19d1e85cfc352245950ae1b239747ec2*
`登陆天数: 28天 / 670天
等级: 130
石头: 4075
呼符: 256
体力: 27.730000000000004 / 138
友情点: 0 / 401520`
_2024-06-25 04:34:38_
--------
*bf16111f7258b4ce11d4354e094d4d4a*
`登陆天数: 28天 / 669天
等级: 130
石头: 4077
呼符: 238
体力: 27.696666666666673 / 138
友情点: 0 / 398615`
_2024-06-25 04:34:46_
--------
*a311c3a861278ef9ea42c83bbeb832bb*
`登陆天数: 28天 / 670天
等级: 130
石头: 4075
呼符: 163
体力: 27.66666666666667 / 138
友情点: 0 / 398480`
_2024-06-25 04:34:54_
--------
*7d890ec851a1084773ca79844e1d4c99*
`登陆天数: 28天 / 670天
等级: 130
石头: 4082
呼符: 325
体力: 27.63666666666667 / 138
友情点: 0 / 399320`
_2024-06-25 04:35:01_
--------
*eb1c04a8e45b76f0563d8da3f9a00ab6*
`登陆天数: 28天 / 670天
等级: 130
石头: 4071
呼符: 286
体力: 27.60333333333334 / 138
友情点: 0 / 398950`
_2024-06-25 04:35:09_
--------
*a02a95ce28fc51ef81382c3ff7bc0b83*
`登陆天数: 28天 / 670天
等级: 130
石头: 4031
呼符: 311
体力: 27.569999999999993 / 138
友情点: 0 / 400325`
_2024-06-25 04:35:17_
--------
*8aaef9de6925428b82dbdbf6f0eaf46c*
`登陆天数: 28天 / 670天
等级: 130
石头: 4072
呼符: 269
体力: 27.53666666666666 / 138
友情点: 0 / 398540`
_2024-06-25 04:35:24_
--------
*9b20862a2bb58650ccfcdc5c6639fe8e*
`登陆天数: 28天 / 670天
等级: 130
石头: 4073
呼符: 318
体力: 27.50666666666666 / 138
友情点: 0 / 399045`
_2024-06-25 04:35:32_
--------
*6355c6562beb5dcd949cb5512520bc0f*
`登陆天数: 28天 / 670天
等级: 130
石头: 4071
呼符: 188
体力: 27.476666666666674 / 138
友情点: 0 / 398370`
_2024-06-25 04:35:40_
--------
*aee6e480f825560c718d219de7664efd*
`登陆天数: 28天 / 670天
等级: 130
石头: 4031
呼符: 223
体力: 27.446666666666673 / 138
友情点: 0 / 399505`
_2024-06-25 04:35:48_
--------
*b723021e28b171d6feaa382af59227e0*
`登陆天数: 28天 / 670天
等级: 130
石头: 4076
呼符: 328
体力: 27.41666666666667 / 138
友情点: 0 / 398215`
_2024-06-25 04:35:56_
--------
*00f71cd834d23ab2624e887ba3be215f*
`登陆天数: 28天 / 670天
等级: 130
石头: 4066
呼符: 109
体力: 27.38333333333334 / 138
友情点: 0 / 398675`
_2024-06-25 04:36:03_
--------
*115cfa26f84b7e99c9e1f249b84c9092*
`登陆天数: 28天 / 670天
等级: 130
石头: 4077
呼符: 264
体力: 27.35333333333334 / 138
友情点: 0 / 400160`
_2024-06-25 04:36:11_
--------
*0b3f2d4efa91341118256fbda08e4111*
`登陆天数: 28天 / 670天
等级: 130
石头: 4051
呼符: 175
体力: 27.319999999999993 / 138
友情点: 0 / 398295`
_2024-06-25 04:36:19_
--------
*07f240b9dc8cd361a0733c2e8b09d098*
`登陆天数: 28天 / 670天
等级: 130
石头: 4054
呼符: 297
体力: 27.290000000000006 / 138
友情点: 0 / 400185`
_2024-06-25 04:36:27_
--------
*804f8e4fdd7df6a6fecd9ed068512deb*
`登陆天数: 28天 / 670天
等级: 130
石头: 4078
呼符: 205
体力: 27.260000000000005 / 138
友情点: 0 / 399090`
_2024-06-25 04:36:35_
--------
*65188588d1c1590af683bcd6b21f5e7c*
`登陆天数: 28天 / 670天
等级: 130
石头: 4070
呼符: 326
体力: 27.226666666666674 / 138
友情点: 0 / 397345`
_2024-06-25 04:36:43_
--------
*aa8d11f9b24664a2c35f6e0dbcda2205*
`登陆天数: 28天 / 670天
等级: 130
石头: 4086
呼符: 118
体力: 27.196666666666673 / 138
友情点: 0 / 398255`
_2024-06-25 04:36:51_
--------
*eb8eaf3abcc73d989299640064160ab1*
`登陆天数: 28天 / 670天
等级: 130
石头: 4077
呼符: 218
体力: 27.16666666666667 / 138
友情点: 0 / 398315`
_2024-06-25 04:36:58_
--------
