【登录信息】
*a8abf88d0e28dbdf3d4c57e5ec1a39eb*
`登陆天数: 34天 / 672天
等级: 130
石头: 3999
呼符: 219
体力: 21652.646666666667 / 138
友情点: 0 / 466865`
_2024-06-26 04:31:58_
--------
*6aa67e267e7f505832e1370e8c06e1c2*
`登陆天数: 29天 / 671天
等级: 130
石头: 4079
呼符: 329
体力: 30.343333333333334 / 138
友情点: 0 / 391775`
_2024-06-26 04:32:06_
--------
*ede9e19c5c91f9a9d288933a29da1be6*
`登陆天数: 29天 / 671天
等级: 130
石头: 4084
呼符: 188
体力: 30.313333333333333 / 138
友情点: 0 / 391825`
_2024-06-26 04:32:14_
--------
*a898f70e3b8cb5e0787308866d7350a7*
`登陆天数: 29天 / 670天
等级: 130
石头: 4069
呼符: 251
体力: 30.28666666666666 / 138
友情点: 0 / 391600`
_2024-06-26 04:32:22_
--------
*bed24bf6fb8d6969d47e7691e0a08460*
`登陆天数: 29天 / 670天
等级: 130
石头: 4070
呼符: 203
体力: 30.25666666666666 / 138
友情点: 0 / 392680`
_2024-06-26 04:32:30_
--------
*c8ef2e2482789641a546b7bd2de2c03e*
`登陆天数: 29天 / 670天
等级: 130
石头: 4073
呼符: 37
体力: 30.226666666666674 / 138
友情点: 0 / 402075`
_2024-06-26 04:32:37_
--------
*508d186501f54d31f4c2355307eb3e40*
`登陆天数: 29天 / 671天
等级: 130
石头: 4044
呼符: 83
体力: 30.200000000000003 / 138
友情点: 0 / 392165`
_2024-06-26 04:32:45_
--------
*0f35fa8073fb14a450569fb0548f8f37*
`登陆天数: 29天 / 670天
等级: 130
石头: 4077
呼符: 43
体力: 30.17 / 138
友情点: 0 / 392480`
_2024-06-26 04:32:53_
--------
*a1b5371fcbc5b19d8f1b219cf08ac3e8*
`登陆天数: 29天 / 670天
等级: 130
石头: 4076
呼符: 282
体力: 30.14333333333333 / 138
友情点: 0 / 393120`
_2024-06-26 04:33:01_
--------
*f1c51e3bbfc8df4109365e3bcca9437a*
`登陆天数: 29天 / 670天
等级: 130
石头: 4076
呼符: 327
体力: 30.11666666666666 / 138
友情点: 0 / 392290`
_2024-06-26 04:33:08_
--------
*1b1916be055662d9cc73bf9a51c96555*
`登陆天数: 29天 / 670天
等级: 130
石头: 4077
呼符: 335
体力: 30.086666666666673 / 138
友情点: 0 / 393180`
_2024-06-26 04:33:16_
--------
*98c34841415a2605a0b208d12350e0f2*
`登陆天数: 29天 / 670天
等级: 130
石头: 4068
呼符: 307
体力: 30.056666666666672 / 138
友情点: 0 / 393210`
_2024-06-26 04:33:24_
--------
*384a279d4839d05f94edc97538d66675*
`登陆天数: 29天 / 670天
等级: 130
石头: 4065
呼符: 302
体力: 30.03 / 138
友情点: 0 / 395145`
_2024-06-26 04:33:31_
--------
*a2ed224f66eca18e1e0b896d6dc9768b*
`登陆天数: 29天 / 670天
等级: 130
石头: 4064
呼符: 217
体力: 30.00333333333333 / 138
友情点: 0 / 391835`
_2024-06-26 04:33:39_
--------
*5484165b0c65a5d9cb611f705fa69e8e*
`登陆天数: 29天 / 670天
等级: 130
石头: 4079
呼符: 257
体力: 29.97333333333333 / 138
友情点: 0 / 392405`
_2024-06-26 04:33:47_
--------
*61d5f87230c15b3dc07183b844b216ec*
`登陆天数: 29天 / 670天
等级: 130
石头: 4079
呼符: 135
体力: 29.943333333333328 / 138
友情点: 0 / 393505`
_2024-06-26 04:33:54_
--------
*32b923fcd5d29a33caedbd31498dc6b9*
`登陆天数: 29天 / 670天
等级: 130
石头: 4070
呼符: 37
体力: 29.91666666666667 / 138
友情点: 0 / 394460`
_2024-06-26 04:34:02_
--------
*0650d9b7cb499e2ac0639cb76ba2ac3f*
`登陆天数: 29天 / 670天
等级: 130
石头: 4073
呼符: 252
体力: 29.88333333333334 / 138
友情点: 0 / 392155`
_2024-06-26 04:34:10_
--------
*7ceb7138a1e9f73535bed3b301a026d9*
`登陆天数: 29天 / 671天
等级: 130
石头: 4075
呼符: 206
体力: 29.85666666666667 / 138
友情点: 0 / 392745`
_2024-06-26 04:34:17_
--------
*c4a5d18a3271b2fee367f5c1c6990960*
`登陆天数: 29天 / 671天
等级: 130
石头: 4078
呼符: 313
体力: 29.826666666666668 / 138
友情点: 0 / 391455`
_2024-06-26 04:34:25_
--------
*4fde1928a56609b1f8f74e73b56ec229*
`登陆天数: 29天 / 671天
等级: 130
石头: 4052
呼符: 312
体力: 29.799999999999997 / 138
友情点: 0 / 395185`
_2024-06-26 04:34:33_
--------
*5e36431167c1b2888b3ad5c219dc49cb*
`登陆天数: 29天 / 671天
等级: 130
石头: 4079
呼符: 277
体力: 29.763333333333335 / 138
友情点: 0 / 392390`
_2024-06-26 04:34:40_
--------
*27cfc5b391e35eab71a9106bf8e8187f*
`登陆天数: 29天 / 671天
等级: 130
石头: 4075
呼符: 178
体力: 29.736666666666665 / 138
友情点: 0 / 391810`
_2024-06-26 04:34:48_
--------
*f54fb8ebde7542d0385ab4ba2b3d7b99*
`登陆天数: 29天 / 670天
等级: 130
石头: 4068
呼符: 332
体力: 29.706666666666663 / 138
友情点: 0 / 392440`
_2024-06-26 04:34:55_
--------
*1f7877dfd0d93658a805c1d91e42d98b*
`登陆天数: 29天 / 670天
等级: 130
石头: 4077
呼符: 329
体力: 29.680000000000007 / 138
友情点: 0 / 392130`
_2024-06-26 04:35:03_
--------
*3a6c0b601d00fe2edcdbdd172442f643*
`登陆天数: 29天 / 671天
等级: 130
石头: 4076
呼符: 318
体力: 29.650000000000006 / 138
友情点: 0 / 395285`
_2024-06-26 04:35:11_
--------
*a53b289344046ad5861576bc07814b17*
`登陆天数: 29天 / 670天
等级: 130
石头: 4079
呼符: 334
体力: 29.623333333333335 / 138
友情点: 0 / 393840`
_2024-06-26 04:35:18_
--------
*6c3f1a13b9e243748f313e99a0031b09*
`登陆天数: 29天 / 671天
等级: 130
石头: 4075
呼符: 158
体力: 29.593333333333334 / 138
友情点: 0 / 395640`
_2024-06-26 04:35:26_
--------
*15853b8fc8cd6601968c7eadaaeaa030*
`登陆天数: 29天 / 671天
等级: 130
石头: 4080
呼符: 332
体力: 29.563333333333333 / 138
友情点: 0 / 394165`
_2024-06-26 04:35:34_
--------
*25a11822f30a95e40b032a75d9917d5f*
`登陆天数: 29天 / 671天
等级: 130
石头: 4077
呼符: 103
体力: 29.53666666666666 / 138
友情点: 0 / 394640`
_2024-06-26 04:35:41_
--------
*76751f8d948f2c3d8009741e36fc322e*
`登陆天数: 29天 / 671天
等级: 130
石头: 4077
呼符: 324
体力: 29.510000000000005 / 138
友情点: 0 / 394990`
_2024-06-26 04:35:49_
--------
*19d1e85cfc352245950ae1b239747ec2*
`登陆天数: 29天 / 671天
等级: 130
石头: 4076
呼符: 256
体力: 29.480000000000004 / 138
友情点: 0 / 397520`
_2024-06-26 04:35:57_
--------
*bf16111f7258b4ce11d4354e094d4d4a*
`登陆天数: 29天 / 670天
等级: 130
石头: 4078
呼符: 238
体力: 29.453333333333333 / 138
友情点: 0 / 394615`
_2024-06-26 04:36:04_
--------
*a311c3a861278ef9ea42c83bbeb832bb*
`登陆天数: 29天 / 671天
等级: 130
石头: 4076
呼符: 163
体力: 29.423333333333332 / 138
友情点: 0 / 394480`
_2024-06-26 04:36:12_
--------
*7d890ec851a1084773ca79844e1d4c99*
`登陆天数: 29天 / 671天
等级: 130
石头: 4083
呼符: 325
体力: 29.39333333333333 / 138
友情点: 0 / 395320`
_2024-06-26 04:36:20_
--------
*eb1c04a8e45b76f0563d8da3f9a00ab6*
`登陆天数: 29天 / 671天
等级: 130
石头: 4072
呼符: 286
体力: 29.36333333333333 / 138
友情点: 0 / 394950`
_2024-06-26 04:36:27_
--------
*a02a95ce28fc51ef81382c3ff7bc0b83*
`登陆天数: 29天 / 671天
等级: 130
石头: 4032
呼符: 311
体力: 29.33 / 138
友情点: 0 / 396325`
_2024-06-26 04:36:35_
--------
*8aaef9de6925428b82dbdbf6f0eaf46c*
`登陆天数: 29天 / 671天
等级: 130
石头: 4073
呼符: 269
体力: 29.303333333333327 / 138
友情点: 0 / 394540`
_2024-06-26 04:36:42_
--------
*9b20862a2bb58650ccfcdc5c6639fe8e*
`登陆天数: 29天 / 671天
等级: 130
石头: 4074
呼符: 318
体力: 29.273333333333326 / 138
友情点: 0 / 395045`
_2024-06-26 04:36:50_
--------
*6355c6562beb5dcd949cb5512520bc0f*
`登陆天数: 29天 / 671天
等级: 130
石头: 4072
呼符: 188
体力: 29.24333333333334 / 138
友情点: 0 / 394370`
_2024-06-26 04:36:58_
--------
*aee6e480f825560c718d219de7664efd*
`登陆天数: 29天 / 671天
等级: 130
石头: 4032
呼符: 223
体力: 29.21333333333334 / 138
友情点: 0 / 395505`
_2024-06-26 04:37:05_
--------
*b723021e28b171d6feaa382af59227e0*
`登陆天数: 29天 / 671天
等级: 130
石头: 4077
呼符: 328
体力: 29.183333333333337 / 138
友情点: 0 / 394215`
_2024-06-26 04:37:13_
--------
*00f71cd834d23ab2624e887ba3be215f*
`登陆天数: 29天 / 671天
等级: 130
石头: 4067
呼符: 109
体力: 29.153333333333336 / 138
友情点: 0 / 394675`
_2024-06-26 04:37:21_
--------
*115cfa26f84b7e99c9e1f249b84c9092*
`登陆天数: 29天 / 671天
等级: 130
石头: 4078
呼符: 264
体力: 29.126666666666665 / 138
友情点: 0 / 396160`
_2024-06-26 04:37:29_
--------
*0b3f2d4efa91341118256fbda08e4111*
`登陆天数: 29天 / 671天
等级: 130
石头: 4052
呼符: 175
体力: 29.099999999999994 / 138
友情点: 0 / 394295`
_2024-06-26 04:37:36_
--------
*07f240b9dc8cd361a0733c2e8b09d098*
`登陆天数: 29天 / 671天
等级: 130
石头: 4055
呼符: 297
体力: 29.069999999999993 / 138
友情点: 0 / 396185`
_2024-06-26 04:37:44_
--------
*804f8e4fdd7df6a6fecd9ed068512deb*
`登陆天数: 29天 / 671天
等级: 130
石头: 4079
呼符: 205
体力: 29.043333333333337 / 138
友情点: 0 / 395090`
_2024-06-26 04:37:52_
--------
*65188588d1c1590af683bcd6b21f5e7c*
`登陆天数: 29天 / 671天
等级: 130
石头: 4071
呼符: 326
体力: 29.016666666666666 / 138
友情点: 0 / 393345`
_2024-06-26 04:37:59_
--------
*aa8d11f9b24664a2c35f6e0dbcda2205*
`登陆天数: 29天 / 671天
等级: 130
石头: 4087
呼符: 118
体力: 28.989999999999995 / 138
友情点: 0 / 394255`
_2024-06-26 04:38:07_
--------
*eb8eaf3abcc73d989299640064160ab1*
`登陆天数: 29天 / 671天
等级: 130
石头: 4078
呼符: 218
体力: 28.956666666666663 / 138
友情点: 0 / 394315`
_2024-06-26 04:38:15_
--------
