【登录信息】
*a8abf88d0e28dbdf3d4c57e5ec1a39eb*
`登陆天数: 35天 / 673天
等级: 130
石头: 3999
呼符: 219
体力: 21941.323333333334 / 138
友情点: 0 / 466865`
_2024-06-27 04:35:21_
--------
*6aa67e267e7f505832e1370e8c06e1c2*
`登陆天数: 30天 / 672天
等级: 130
石头: 4080
呼符: 329
体力: 31.28666666666666 / 138
友情点: 0 / 385775`
_2024-06-27 04:35:29_
--------
*ede9e19c5c91f9a9d288933a29da1be6*
`登陆天数: 30天 / 672天
等级: 130
石头: 4085
呼符: 188
体力: 31.260000000000005 / 138
友情点: 0 / 385825`
_2024-06-27 04:35:37_
--------
*a898f70e3b8cb5e0787308866d7350a7*
`登陆天数: 30天 / 671天
等级: 130
石头: 4070
呼符: 251
体力: 31.230000000000004 / 138
友情点: 0 / 385600`
_2024-06-27 04:35:45_
--------
*bed24bf6fb8d6969d47e7691e0a08460*
`登陆天数: 30天 / 671天
等级: 130
石头: 4071
呼符: 203
体力: 31.203333333333333 / 138
友情点: 0 / 386680`
_2024-06-27 04:35:53_
--------
*c8ef2e2482789641a546b7bd2de2c03e*
`登陆天数: 30天 / 671天
等级: 130
石头: 4074
呼符: 37
体力: 31.176666666666662 / 138
友情点: 0 / 402075`
_2024-06-27 04:36:01_
--------
*508d186501f54d31f4c2355307eb3e40*
`登陆天数: 30天 / 672天
等级: 130
石头: 4045
呼符: 83
体力: 31.153333333333336 / 138
友情点: 0 / 386165`
_2024-06-27 04:36:09_
--------
*0f35fa8073fb14a450569fb0548f8f37*
`登陆天数: 30天 / 671天
等级: 130
石头: 4078
呼符: 43
体力: 31.126666666666665 / 138
友情点: 0 / 390480`
_2024-06-27 04:36:18_
--------
*a1b5371fcbc5b19d8f1b219cf08ac3e8*
`登陆天数: 30天 / 671天
等级: 130
石头: 4077
呼符: 282
体力: 31.10333333333334 / 138
友情点: 0 / 387120`
_2024-06-27 04:36:26_
--------
*f1c51e3bbfc8df4109365e3bcca9437a*
`登陆天数: 30天 / 671天
等级: 130
石头: 4077
呼符: 327
体力: 31.073333333333338 / 138
友情点: 0 / 386290`
_2024-06-27 04:36:34_
--------
*1b1916be055662d9cc73bf9a51c96555*
`登陆天数: 30天 / 671天
等级: 130
石头: 4078
呼符: 335
体力: 31.046666666666667 / 138
友情点: 0 / 387180`
_2024-06-27 04:36:42_
--------
*98c34841415a2605a0b208d12350e0f2*
`登陆天数: 30天 / 671天
等级: 130
石头: 4069
呼符: 307
体力: 31.019999999999996 / 138
友情点: 0 / 387210`
_2024-06-27 04:36:49_
--------
*384a279d4839d05f94edc97538d66675*
`登陆天数: 30天 / 671天
等级: 130
石头: 4066
呼符: 302
体力: 30.99333333333334 / 138
友情点: 0 / 389145`
_2024-06-27 04:36:58_
--------
*a2ed224f66eca18e1e0b896d6dc9768b*
`登陆天数: 30天 / 671天
等级: 130
石头: 4065
呼符: 217
体力: 30.96666666666667 / 138
友情点: 0 / 385835`
_2024-06-27 04:37:06_
--------
*5484165b0c65a5d9cb611f705fa69e8e*
`登陆天数: 30天 / 671天
等级: 130
石头: 4080
呼符: 257
体力: 30.943333333333328 / 138
友情点: 0 / 386405`
_2024-06-27 04:37:14_
--------
*61d5f87230c15b3dc07183b844b216ec*
`登陆天数: 30天 / 671天
等级: 130
石头: 4080
呼符: 135
体力: 30.91666666666667 / 138
友情点: 0 / 387505`
_2024-06-27 04:37:22_
--------
*32b923fcd5d29a33caedbd31498dc6b9*
`登陆天数: 30天 / 671天
等级: 130
石头: 4071
呼符: 37
体力: 30.88333333333334 / 138
友情点: 0 / 394460`
_2024-06-27 04:37:30_
--------
*0650d9b7cb499e2ac0639cb76ba2ac3f*
`登陆天数: 30天 / 671天
等级: 130
石头: 4074
呼符: 252
体力: 30.86333333333333 / 138
友情点: 0 / 386155`
_2024-06-27 04:37:38_
--------
*7ceb7138a1e9f73535bed3b301a026d9*
`登陆天数: 30天 / 672天
等级: 130
石头: 4076
呼符: 206
体力: 30.83333333333333 / 138
友情点: 0 / 386745`
_2024-06-27 04:37:46_
--------
*c4a5d18a3271b2fee367f5c1c6990960*
`登陆天数: 30天 / 672天
等级: 130
石头: 4079
呼符: 313
体力: 30.813333333333333 / 138
友情点: 0 / 385455`
_2024-06-27 04:37:54_
--------
*4fde1928a56609b1f8f74e73b56ec229*
`登陆天数: 30天 / 672天
等级: 130
石头: 4053
呼符: 312
体力: 30.78333333333333 / 138
友情点: 0 / 389185`
_2024-06-27 04:38:02_
--------
*5e36431167c1b2888b3ad5c219dc49cb*
`登陆天数: 30天 / 672天
等级: 130
石头: 4080
呼符: 277
体力: 30.75666666666666 / 138
友情点: 0 / 386390`
_2024-06-27 04:38:10_
--------
*27cfc5b391e35eab71a9106bf8e8187f*
`登陆天数: 30天 / 672天
等级: 130
石头: 4076
呼符: 178
体力: 30.730000000000004 / 138
友情点: 0 / 385810`
_2024-06-27 04:38:18_
--------
*f54fb8ebde7542d0385ab4ba2b3d7b99*
`登陆天数: 30天 / 671天
等级: 130
石头: 4069
呼符: 332
体力: 30.703333333333333 / 138
友情点: 0 / 386440`
_2024-06-27 04:38:26_
--------
*1f7877dfd0d93658a805c1d91e42d98b*
`登陆天数: 30天 / 671天
等级: 130
石头: 4078
呼符: 329
体力: 30.676666666666662 / 138
友情点: 0 / 386130`
_2024-06-27 04:38:34_
--------
*3a6c0b601d00fe2edcdbdd172442f643*
`登陆天数: 30天 / 672天
等级: 130
石头: 4077
呼符: 318
体力: 30.650000000000006 / 138
友情点: 0 / 389285`
_2024-06-27 04:38:42_
--------
*a53b289344046ad5861576bc07814b17*
`登陆天数: 30天 / 671天
等级: 130
石头: 4080
呼符: 334
体力: 30.61666666666666 / 138
友情点: 0 / 387840`
_2024-06-27 04:38:50_
--------
*6c3f1a13b9e243748f313e99a0031b09*
`登陆天数: 30天 / 672天
等级: 130
石头: 4076
呼符: 158
体力: 30.629999999999995 / 138
友情点: 0 / 389640`
_2024-06-27 04:39:10_
--------
*15853b8fc8cd6601968c7eadaaeaa030*
`登陆天数: 30天 / 672天
等级: 130
石头: 4081
呼符: 332
体力: 30.60333333333334 / 138
友情点: 0 / 388165`
_2024-06-27 04:39:18_
--------
*25a11822f30a95e40b032a75d9917d5f*
`登陆天数: 30天 / 672天
等级: 130
石头: 4078
呼符: 103
体力: 30.576666666666668 / 138
友情点: 0 / 388640`
_2024-06-27 04:39:26_
--------
*76751f8d948f2c3d8009741e36fc322e*
`登陆天数: 30天 / 672天
等级: 130
石头: 4078
呼符: 324
体力: 30.560000000000002 / 138
友情点: 0 / 388990`
_2024-06-27 04:39:37_
--------
*19d1e85cfc352245950ae1b239747ec2*
`登陆天数: 30天 / 672天
等级: 130
石头: 4077
呼符: 256
体力: 30.53333333333333 / 138
友情点: 0 / 391520`
_2024-06-27 04:39:45_
--------
*bf16111f7258b4ce11d4354e094d4d4a*
`登陆天数: 30天 / 671天
等级: 130
石头: 4079
呼符: 238
体力: 30.50666666666666 / 138
友情点: 0 / 388615`
_2024-06-27 04:39:53_
--------
*a311c3a861278ef9ea42c83bbeb832bb*
`登陆天数: 30天 / 672天
等级: 130
石头: 4077
呼符: 163
体力: 30.480000000000004 / 138
友情点: 0 / 388480`
_2024-06-27 04:40:01_
--------
*7d890ec851a1084773ca79844e1d4c99*
`登陆天数: 30天 / 672天
等级: 130
石头: 4084
呼符: 325
体力: 30.450000000000003 / 138
友情点: 0 / 389320`
_2024-06-27 04:40:09_
--------
*eb1c04a8e45b76f0563d8da3f9a00ab6*
`登陆天数: 30天 / 672天
等级: 130
石头: 4073
呼符: 286
体力: 30.423333333333332 / 138
友情点: 0 / 388950`
_2024-06-27 04:40:17_
--------
*a02a95ce28fc51ef81382c3ff7bc0b83*
`登陆天数: 30天 / 672天
等级: 130
石头: 4033
呼符: 311
体力: 30.39666666666666 / 138
友情点: 0 / 390325`
_2024-06-27 04:40:25_
--------
*8aaef9de6925428b82dbdbf6f0eaf46c*
`登陆天数: 30天 / 672天
等级: 130
石头: 4074
呼符: 269
体力: 30.370000000000005 / 138
友情点: 0 / 388540`
_2024-06-27 04:40:33_
--------
*9b20862a2bb58650ccfcdc5c6639fe8e*
`登陆天数: 30天 / 672天
等级: 130
石头: 4075
呼符: 318
体力: 30.343333333333334 / 138
友情点: 0 / 389045`
_2024-06-27 04:40:41_
--------
*6355c6562beb5dcd949cb5512520bc0f*
`登陆天数: 30天 / 672天
等级: 130
石头: 4073
呼符: 188
体力: 30.316666666666663 / 138
友情点: 0 / 388370`
_2024-06-27 04:40:49_
--------
*aee6e480f825560c718d219de7664efd*
`登陆天数: 30天 / 672天
等级: 130
石头: 4033
呼符: 223
体力: 30.290000000000006 / 138
友情点: 0 / 389505`
_2024-06-27 04:40:56_
--------
*b723021e28b171d6feaa382af59227e0*
`登陆天数: 30天 / 672天
等级: 130
石头: 4078
呼符: 328
体力: 30.263333333333335 / 138
友情点: 0 / 388215`
_2024-06-27 04:41:05_
--------
*00f71cd834d23ab2624e887ba3be215f*
`登陆天数: 30天 / 672天
等级: 130
石头: 4068
呼符: 109
体力: 30.236666666666665 / 138
友情点: 0 / 388675`
_2024-06-27 04:41:12_
--------
*115cfa26f84b7e99c9e1f249b84c9092*
`登陆天数: 30天 / 672天
等级: 130
石头: 4079
呼符: 264
体力: 30.209999999999994 / 138
友情点: 0 / 390160`
_2024-06-27 04:41:21_
--------
*0b3f2d4efa91341118256fbda08e4111*
`登陆天数: 30天 / 672天
等级: 130
石头: 4053
呼符: 175
体力: 30.183333333333337 / 138
友情点: 0 / 388295`
_2024-06-27 04:41:28_
--------
*07f240b9dc8cd361a0733c2e8b09d098*
`登陆天数: 30天 / 672天
等级: 130
石头: 4056
呼符: 297
体力: 30.150000000000006 / 138
友情点: 0 / 390185`
_2024-06-27 04:41:36_
--------
*804f8e4fdd7df6a6fecd9ed068512deb*
`登陆天数: 30天 / 672天
等级: 130
石头: 4080
呼符: 205
体力: 30.123333333333335 / 138
友情点: 0 / 389090`
_2024-06-27 04:41:44_
--------
*65188588d1c1590af683bcd6b21f5e7c*
`登陆天数: 30天 / 672天
等级: 130
石头: 4072
呼符: 326
体力: 30.096666666666664 / 138
友情点: 0 / 387345`
_2024-06-27 04:41:52_
--------
*aa8d11f9b24664a2c35f6e0dbcda2205*
`登陆天数: 30天 / 672天
等级: 130
石头: 4088
呼符: 118
体力: 30.069999999999993 / 138
友情点: 0 / 388255`
_2024-06-27 04:42:00_
--------
*eb8eaf3abcc73d989299640064160ab1*
`登陆天数: 30天 / 672天
等级: 130
石头: 4079
呼符: 218
体力: 30.040000000000006 / 138
友情点: 0 / 388315`
_2024-06-27 04:42:08_
--------
