【登录信息】
*a8abf88d0e28dbdf3d4c57e5ec1a39eb*
`登陆天数: 37天 / 675天
等级: 130
石头: 3999
呼符: 219
体力: 22516.796666666665 / 138
友情点: 0 / 466865`
_2024-06-29 04:32:43_
--------
*6aa67e267e7f505832e1370e8c06e1c2*
`登陆天数: 32天 / 674天
等级: 130
石头: 4100
呼符: 329
体力: 30.760000000000005 / 138
友情点: 0 / 373775`
_2024-06-29 04:32:51_
--------
*ede9e19c5c91f9a9d288933a29da1be6*
`登陆天数: 32天 / 674天
等级: 130
石头: 4105
呼符: 188
体力: 30.730000000000004 / 138
友情点: 0 / 373825`
_2024-06-29 04:32:59_
--------
*a898f70e3b8cb5e0787308866d7350a7*
`登陆天数: 32天 / 673天
等级: 130
石头: 4090
呼符: 251
体力: 30.700000000000003 / 138
友情点: 0 / 373600`
_2024-06-29 04:33:07_
--------
*bed24bf6fb8d6969d47e7691e0a08460*
`登陆天数: 32天 / 673天
等级: 130
石头: 4091
呼符: 203
体力: 30.67 / 138
友情点: 0 / 374680`
_2024-06-29 04:33:16_
--------
*c8ef2e2482789641a546b7bd2de2c03e*
`登陆天数: 32天 / 673天
等级: 130
石头: 4094
呼符: 37
体力: 30.64333333333333 / 138
友情点: 0 / 402075`
_2024-06-29 04:33:24_
--------
*508d186501f54d31f4c2355307eb3e40*
`登陆天数: 32天 / 674天
等级: 130
石头: 4065
呼符: 83
体力: 30.61666666666666 / 138
友情点: 0 / 376165`
_2024-06-29 04:33:32_
--------
*0f35fa8073fb14a450569fb0548f8f37*
`登陆天数: 32天 / 673天
等级: 130
石头: 4098
呼符: 43
体力: 30.586666666666673 / 138
友情点: 0 / 390480`
_2024-06-29 04:33:40_
--------
*a1b5371fcbc5b19d8f1b219cf08ac3e8*
`登陆天数: 32天 / 673天
等级: 130
石头: 4097
呼符: 282
体力: 30.563333333333333 / 138
友情点: 0 / 375120`
_2024-06-29 04:33:48_
--------
*f1c51e3bbfc8df4109365e3bcca9437a*
`登陆天数: 32天 / 673天
等级: 130
石头: 4097
呼符: 327
体力: 30.53333333333333 / 138
友情点: 0 / 374290`
_2024-06-29 04:33:57_
--------
*1b1916be055662d9cc73bf9a51c96555*
`登陆天数: 32天 / 673天
等级: 130
石头: 4098
呼符: 335
体力: 30.510000000000005 / 138
友情点: 0 / 375180`
_2024-06-29 04:34:05_
--------
*98c34841415a2605a0b208d12350e0f2*
`登陆天数: 32天 / 673天
等级: 130
石头: 4089
呼符: 307
体力: 30.480000000000004 / 138
友情点: 0 / 375210`
_2024-06-29 04:34:13_
--------
*384a279d4839d05f94edc97538d66675*
`登陆天数: 32天 / 673天
等级: 130
石头: 4086
呼符: 302
体力: 30.453333333333333 / 138
友情点: 0 / 377145`
_2024-06-29 04:34:22_
--------
*a2ed224f66eca18e1e0b896d6dc9768b*
`登陆天数: 32天 / 673天
等级: 130
石头: 4085
呼符: 217
体力: 30.426666666666662 / 138
友情点: 0 / 373835`
_2024-06-29 04:34:30_
--------
*5484165b0c65a5d9cb611f705fa69e8e*
`登陆天数: 32天 / 673天
等级: 130
石头: 4100
呼符: 257
体力: 30.400000000000006 / 138
友情点: 0 / 374405`
_2024-06-29 04:34:38_
--------
*61d5f87230c15b3dc07183b844b216ec*
`登陆天数: 32天 / 673天
等级: 130
石头: 4100
呼符: 135
体力: 30.370000000000005 / 138
友情点: 0 / 375505`
_2024-06-29 04:34:47_
--------
*32b923fcd5d29a33caedbd31498dc6b9*
`登陆天数: 32天 / 673天
等级: 130
石头: 4091
呼符: 37
体力: 30.343333333333334 / 138
友情点: 0 / 394460`
_2024-06-29 04:34:55_
--------
*0650d9b7cb499e2ac0639cb76ba2ac3f*
`登陆天数: 32天 / 673天
等级: 130
石头: 4094
呼符: 252
体力: 30.319999999999993 / 138
友情点: 0 / 374155`
_2024-06-29 04:35:03_
--------
*7ceb7138a1e9f73535bed3b301a026d9*
`登陆天数: 32天 / 674天
等级: 130
石头: 4096
呼符: 206
体力: 30.290000000000006 / 138
友情点: 0 / 374745`
_2024-06-29 04:35:11_
--------
*c4a5d18a3271b2fee367f5c1c6990960*
`登陆天数: 32天 / 674天
等级: 130
石头: 4099
呼符: 313
体力: 30.263333333333335 / 138
友情点: 0 / 373455`
_2024-06-29 04:35:19_
--------
*4fde1928a56609b1f8f74e73b56ec229*
`登陆天数: 32天 / 674天
等级: 130
石头: 4073
呼符: 312
体力: 30.233333333333334 / 138
友情点: 0 / 377185`
_2024-06-29 04:35:28_
--------
*5e36431167c1b2888b3ad5c219dc49cb*
`登陆天数: 32天 / 674天
等级: 130
石头: 4100
呼符: 277
体力: 30.209999999999994 / 138
友情点: 0 / 374390`
_2024-06-29 04:35:36_
--------
*27cfc5b391e35eab71a9106bf8e8187f*
`登陆天数: 32天 / 674天
等级: 130
石头: 4096
呼符: 178
体力: 30.180000000000007 / 138
友情点: 0 / 377810`
_2024-06-29 04:35:44_
--------
*f54fb8ebde7542d0385ab4ba2b3d7b99*
`登陆天数: 32天 / 673天
等级: 130
石头: 4089
呼符: 332
体力: 30.156666666666666 / 138
友情点: 0 / 374440`
_2024-06-29 04:35:52_
--------
*1f7877dfd0d93658a805c1d91e42d98b*
`登陆天数: 32天 / 673天
等级: 130
石头: 4098
呼符: 329
体力: 30.13333333333334 / 138
友情点: 0 / 374130`
_2024-06-29 04:36:01_
--------
*3a6c0b601d00fe2edcdbdd172442f643*
`登陆天数: 32天 / 674天
等级: 130
石头: 4097
呼符: 318
体力: 30.10333333333334 / 138
友情点: 0 / 377285`
_2024-06-29 04:36:09_
--------
*a53b289344046ad5861576bc07814b17*
`登陆天数: 32天 / 673天
等级: 130
石头: 4100
呼符: 334
体力: 30.076666666666668 / 138
友情点: 0 / 375840`
_2024-06-29 04:36:17_
--------
*6c3f1a13b9e243748f313e99a0031b09*
`登陆天数: 32天 / 674天
等级: 130
石头: 4096
呼符: 158
体力: 30.049999999999997 / 138
友情点: 0 / 377640`
_2024-06-29 04:36:25_
--------
*15853b8fc8cd6601968c7eadaaeaa030*
`登陆天数: 32天 / 674天
等级: 130
石头: 4101
呼符: 332
体力: 30.023333333333326 / 138
友情点: 0 / 376165`
_2024-06-29 04:36:34_
--------
*25a11822f30a95e40b032a75d9917d5f*
`登陆天数: 32天 / 674天
等级: 130
石头: 4098
呼符: 103
体力: 29.99333333333334 / 138
友情点: 0 / 382640`
_2024-06-29 04:36:42_
--------
*76751f8d948f2c3d8009741e36fc322e*
`登陆天数: 32天 / 674天
等级: 130
石头: 4098
呼符: 324
体力: 29.97 / 138
友情点: 0 / 376990`
_2024-06-29 04:36:50_
--------
*19d1e85cfc352245950ae1b239747ec2*
`登陆天数: 32天 / 674天
等级: 130
石头: 4097
呼符: 256
体力: 29.943333333333328 / 138
友情点: 0 / 379520`
_2024-06-29 04:36:58_
--------
*bf16111f7258b4ce11d4354e094d4d4a*
`登陆天数: 32天 / 673天
等级: 130
石头: 4099
呼符: 238
体力: 29.91666666666667 / 138
友情点: 0 / 376615`
_2024-06-29 04:37:07_
--------
*a311c3a861278ef9ea42c83bbeb832bb*
`登陆天数: 32天 / 674天
等级: 130
石头: 4097
呼符: 163
体力: 29.88666666666667 / 138
友情点: 0 / 376480`
_2024-06-29 04:37:14_
--------
*7d890ec851a1084773ca79844e1d4c99*
`登陆天数: 32天 / 674天
等级: 130
石头: 4104
呼符: 325
体力: 29.86 / 138
友情点: 0 / 377320`
_2024-06-29 04:37:23_
--------
*eb1c04a8e45b76f0563d8da3f9a00ab6*
`登陆天数: 32天 / 674天
等级: 130
石头: 4093
呼符: 286
体力: 29.83333333333333 / 138
友情点: 0 / 376950`
_2024-06-29 04:37:31_
--------
*a02a95ce28fc51ef81382c3ff7bc0b83*
`登陆天数: 32天 / 674天
等级: 130
石头: 4053
呼符: 311
体力: 29.806666666666672 / 138
友情点: 0 / 378325`
_2024-06-29 04:37:39_
--------
*8aaef9de6925428b82dbdbf6f0eaf46c*
`登陆天数: 32天 / 674天
等级: 130
石头: 4094
呼符: 269
体力: 29.78 / 138
友情点: 0 / 376540`
_2024-06-29 04:37:47_
--------
*9b20862a2bb58650ccfcdc5c6639fe8e*
`登陆天数: 32天 / 674天
等级: 130
石头: 4095
呼符: 318
体力: 29.75333333333333 / 138
友情点: 0 / 377045`
_2024-06-29 04:37:55_
--------
*6355c6562beb5dcd949cb5512520bc0f*
`登陆天数: 32天 / 674天
等级: 130
石头: 4093
呼符: 188
体力: 29.730000000000004 / 138
友情点: 0 / 376370`
_2024-06-29 04:38:04_
--------
*aee6e480f825560c718d219de7664efd*
`登陆天数: 32天 / 674天
等级: 130
石头: 4053
呼符: 223
体力: 29.700000000000003 / 138
友情点: 0 / 377505`
_2024-06-29 04:38:12_
--------
*b723021e28b171d6feaa382af59227e0*
`登陆天数: 32天 / 674天
等级: 130
石头: 4098
呼符: 328
体力: 29.67 / 138
友情点: 0 / 376215`
_2024-06-29 04:38:20_
--------
*00f71cd834d23ab2624e887ba3be215f*
`登陆天数: 32天 / 674天
等级: 130
石头: 4088
呼符: 109
体力: 29.64333333333333 / 138
友情点: 0 / 378675`
_2024-06-29 04:38:28_
--------
*115cfa26f84b7e99c9e1f249b84c9092*
`登陆天数: 32天 / 674天
等级: 130
石头: 4099
呼符: 264
体力: 29.61666666666666 / 138
友情点: 0 / 378160`
_2024-06-29 04:38:36_
--------
*0b3f2d4efa91341118256fbda08e4111*
`登陆天数: 32天 / 674天
等级: 130
石头: 4073
呼符: 175
体力: 29.586666666666673 / 138
友情点: 0 / 376295`
_2024-06-29 04:38:44_
--------
*07f240b9dc8cd361a0733c2e8b09d098*
`登陆天数: 32天 / 674天
等级: 130
石头: 4076
呼符: 297
体力: 29.556666666666672 / 138
友情点: 0 / 380185`
_2024-06-29 04:38:52_
--------
*804f8e4fdd7df6a6fecd9ed068512deb*
`登陆天数: 32天 / 674天
等级: 130
石头: 4100
呼符: 205
体力: 29.53666666666666 / 138
友情点: 0 / 379090`
_2024-06-29 04:39:01_
--------
*65188588d1c1590af683bcd6b21f5e7c*
`登陆天数: 32天 / 674天
等级: 130
石头: 4092
呼符: 326
体力: 29.519999999999996 / 138
友情点: 0 / 377345`
_2024-06-29 04:39:09_
--------
*aa8d11f9b24664a2c35f6e0dbcda2205*
`登陆天数: 32天 / 674天
等级: 130
石头: 4108
呼符: 118
体力: 29.50333333333333 / 138
友情点: 0 / 382255`
_2024-06-29 04:39:18_
--------
*eb8eaf3abcc73d989299640064160ab1*
`登陆天数: 32天 / 674天
等级: 130
石头: 4099
呼符: 218
体力: 29.480000000000004 / 138
友情点: 0 / 376315`
_2024-06-29 04:39:26_
--------
